Request Method: GET, Parameters: {'param1': 'value1', 'param2': 'value2'}
Request Method: GET, Parameters: {'param1': 'value1', 'param2': 'value2'}
Not Found: /favicon.ico
Not Found: /todo_create/
Internal Server Error: /todolist/create/
Traceback (most recent call last):
  File "C:\Users\Беркут\Documents\PYTON STADY\ITSTEP\DJANGO_2\bboard_pyd_241\env\Lib\site-packages\django\core\handlers\exception.py", line 55, in inner
    response = get_response(request)
               ^^^^^^^^^^^^^^^^^^^^^
  File "C:\Users\Беркут\Documents\PYTON STADY\ITSTEP\DJANGO_2\bboard_pyd_241\env\Lib\site-packages\django\core\handlers\base.py", line 197, in _get_response
    response = wrapped_callback(request, *callback_args, **callback_kwargs)
               ^^^^^^^^^^^^^^^^^^^^^^^^^^^^^^^^^^^^^^^^^^^^^^^^^^^^^^^^^^^^
  File "C:\Users\Беркут\Documents\PYTON STADY\ITSTEP\DJANGO_2\bboard_pyd_241\todolist\views.py", line 11, in todo_create
    return render(request, 'todo_create.html')
           ^^^^^^^^^^^^^^^^^^^^^^^^^^^^^^^^^^^
  File "C:\Users\Беркут\Documents\PYTON STADY\ITSTEP\DJANGO_2\bboard_pyd_241\env\Lib\site-packages\django\shortcuts.py", line 25, in render
    content = loader.render_to_string(template_name, context, request, using=using)
              ^^^^^^^^^^^^^^^^^^^^^^^^^^^^^^^^^^^^^^^^^^^^^^^^^^^^^^^^^^^^^^^^^^^^^
  File "C:\Users\Беркут\Documents\PYTON STADY\ITSTEP\DJANGO_2\bboard_pyd_241\env\Lib\site-packages\django\template\loader.py", line 61, in render_to_string
    template = get_template(template_name, using=using)
               ^^^^^^^^^^^^^^^^^^^^^^^^^^^^^^^^^^^^^^^^
  File "C:\Users\Беркут\Documents\PYTON STADY\ITSTEP\DJANGO_2\bboard_pyd_241\env\Lib\site-packages\django\template\loader.py", line 19, in get_template
    raise TemplateDoesNotExist(template_name, chain=chain)
django.template.exceptions.TemplateDoesNotExist: todo_create.html
Not Found: /create/
Not Found: /todo/create/
Not Found: /todolist/todo_create/
Internal Server Error: /todolist/create/
Traceback (most recent call last):
  File "C:\Users\Беркут\Documents\PYTON STADY\ITSTEP\DJANGO_2\bboard_pyd_241\env\Lib\site-packages\django\core\handlers\exception.py", line 55, in inner
    response = get_response(request)
               ^^^^^^^^^^^^^^^^^^^^^
  File "C:\Users\Беркут\Documents\PYTON STADY\ITSTEP\DJANGO_2\bboard_pyd_241\env\Lib\site-packages\django\core\handlers\base.py", line 197, in _get_response
    response = wrapped_callback(request, *callback_args, **callback_kwargs)
               ^^^^^^^^^^^^^^^^^^^^^^^^^^^^^^^^^^^^^^^^^^^^^^^^^^^^^^^^^^^^
  File "C:\Users\Беркут\Documents\PYTON STADY\ITSTEP\DJANGO_2\bboard_pyd_241\todolist\views.py", line 11, in todo_create
    return render(request, 'todo_create.html')
           ^^^^^^^^^^^^^^^^^^^^^^^^^^^^^^^^^^^
  File "C:\Users\Беркут\Documents\PYTON STADY\ITSTEP\DJANGO_2\bboard_pyd_241\env\Lib\site-packages\django\shortcuts.py", line 25, in render
    content = loader.render_to_string(template_name, context, request, using=using)
              ^^^^^^^^^^^^^^^^^^^^^^^^^^^^^^^^^^^^^^^^^^^^^^^^^^^^^^^^^^^^^^^^^^^^^
  File "C:\Users\Беркут\Documents\PYTON STADY\ITSTEP\DJANGO_2\bboard_pyd_241\env\Lib\site-packages\django\template\loader.py", line 61, in render_to_string
    template = get_template(template_name, using=using)
               ^^^^^^^^^^^^^^^^^^^^^^^^^^^^^^^^^^^^^^^^
  File "C:\Users\Беркут\Documents\PYTON STADY\ITSTEP\DJANGO_2\bboard_pyd_241\env\Lib\site-packages\django\template\loader.py", line 19, in get_template
    raise TemplateDoesNotExist(template_name, chain=chain)
django.template.exceptions.TemplateDoesNotExist: todo_create.html
Not Found: /todo_list/
Internal Server Error: /todolist/
Traceback (most recent call last):
  File "C:\Users\Беркут\Documents\PYTON STADY\ITSTEP\DJANGO_2\bboard_pyd_241\env\Lib\site-packages\django\core\handlers\exception.py", line 55, in inner
    response = get_response(request)
               ^^^^^^^^^^^^^^^^^^^^^
  File "C:\Users\Беркут\Documents\PYTON STADY\ITSTEP\DJANGO_2\bboard_pyd_241\env\Lib\site-packages\django\core\handlers\base.py", line 204, in _get_response
    self.check_response(response, callback)
  File "C:\Users\Беркут\Documents\PYTON STADY\ITSTEP\DJANGO_2\bboard_pyd_241\env\Lib\site-packages\django\core\handlers\base.py", line 332, in check_response
    raise ValueError(
ValueError: The view todolist.views.todo_list didn't return an HttpResponse object. It returned None instead.
Not Found: /tasks/
Not Found: /todolist/tasks/
Not Found: /todocreate/
Not Found: /todo_create/
Not Found: /todo_detail/
Not Found: /todo_detail/
Not Found: /todo_create/
Not Found: /todo_create/
Not Found: /todolist/todo_create/
Not Found: /todolist/todo_create/
Method Not Allowed: /todolist/create/
Method Not Allowed: /todolist/create/
Method Not Allowed: /todolist/create/
Method Not Allowed: /todolist/create/
Not Found: /create/
Not Found: /create_icecream/
Not Found: /create/
Method Not Allowed: /todolist/create/
Method Not Allowed: /todolist/create/
Not Found: /todolist/todo_create/
Not Found: /todo_create/
Not Found: /todo_create/
Not Found: /create_icecream/
Not Found: /create/
Not Found: /create/
Method Not Allowed: /todolist/create/
Method Not Allowed: /todolist/create/
Method Not Allowed: /todolist/create/
Method Not Allowed: /todolist/create/
Not Found: /todo_create/
Not Found: /todo_create/
Not Found: /todo_detail/1//
Not Found: /todo_list/
Not Found: /create_icecream/
Not Found: /create/
Not Found: /create/
Not Found: /user_info/
Not Found: /user_info/
Not Found: /manage_icecream/
Not Found: /sms_list/
Not Found: /todolist/todo_create/
Not Found: /todolist/todo_create/
Method Not Allowed: /todolist/create/
Method Not Allowed: /todolist/create/
Method Not Allowed: /todolist/create/
Method Not Allowed: /todolist/todo_create/
Method Not Allowed: /todolist/todo_create/
Method Not Allowed: /todolist/todo_create/
Method Not Allowed: /todolist/todo_create/
Method Not Allowed: /todolist/todo_create/
Method Not Allowed: /todolist/todo_create/
Not Found: /todolist/1/
Not Found: /todolist/2/
Not Found: /todolist/3/
Not Found: /todo_create/ / -H "Content-Type: application/json" / -d '{"title": "Test Task", "description": "This is a test task.", "completed": false}'
Not Found: /todolist/todo_create/ / -H "Content-Type: application/json" / -d '{"title": "Test Task", "description": "This is a test task.", "completed": false}'
Not Found: /todo_create/
Not Found: /todo_create/
Not Found: /admin/edit/18/
Internal Server Error: /admin/precise_bbcode/bbcodetag/
Traceback (most recent call last):
  File "C:\Users\Беркут\Documents\PYTON STADY\ITSTEP\DJANGO_2\bboard_pyd_241\env\Lib\site-packages\django\db\backends\utils.py", line 105, in _execute
    return self.cursor.execute(sql, params)
           ^^^^^^^^^^^^^^^^^^^^^^^^^^^^^^^^
  File "C:\Users\Беркут\Documents\PYTON STADY\ITSTEP\DJANGO_2\bboard_pyd_241\env\Lib\site-packages\django\db\backends\sqlite3\base.py", line 354, in execute
    return super().execute(query, params)
           ^^^^^^^^^^^^^^^^^^^^^^^^^^^^^^
sqlite3.OperationalError: no such table: precise_bbcode_bbcodetag

The above exception was the direct cause of the following exception:

Traceback (most recent call last):
  File "C:\Users\Беркут\Documents\PYTON STADY\ITSTEP\DJANGO_2\bboard_pyd_241\env\Lib\site-packages\django\core\handlers\exception.py", line 55, in inner
    response = get_response(request)
               ^^^^^^^^^^^^^^^^^^^^^
  File "C:\Users\Беркут\Documents\PYTON STADY\ITSTEP\DJANGO_2\bboard_pyd_241\env\Lib\site-packages\django\core\handlers\base.py", line 197, in _get_response
    response = wrapped_callback(request, *callback_args, **callback_kwargs)
               ^^^^^^^^^^^^^^^^^^^^^^^^^^^^^^^^^^^^^^^^^^^^^^^^^^^^^^^^^^^^
  File "C:\Users\Беркут\Documents\PYTON STADY\ITSTEP\DJANGO_2\bboard_pyd_241\env\Lib\site-packages\django\contrib\admin\options.py", line 718, in wrapper
    return self.admin_site.admin_view(view)(*args, **kwargs)
           ^^^^^^^^^^^^^^^^^^^^^^^^^^^^^^^^^^^^^^^^^^^^^^^^^
  File "C:\Users\Беркут\Documents\PYTON STADY\ITSTEP\DJANGO_2\bboard_pyd_241\env\Lib\site-packages\django\utils\decorators.py", line 188, in _view_wrapper
    result = _process_exception(request, e)
             ^^^^^^^^^^^^^^^^^^^^^^^^^^^^^^
  File "C:\Users\Беркут\Documents\PYTON STADY\ITSTEP\DJANGO_2\bboard_pyd_241\env\Lib\site-packages\django\utils\decorators.py", line 186, in _view_wrapper
    response = view_func(request, *args, **kwargs)
               ^^^^^^^^^^^^^^^^^^^^^^^^^^^^^^^^^^^
  File "C:\Users\Беркут\Documents\PYTON STADY\ITSTEP\DJANGO_2\bboard_pyd_241\env\Lib\site-packages\django\views\decorators\cache.py", line 80, in _view_wrapper
    response = view_func(request, *args, **kwargs)
               ^^^^^^^^^^^^^^^^^^^^^^^^^^^^^^^^^^^
  File "C:\Users\Беркут\Documents\PYTON STADY\ITSTEP\DJANGO_2\bboard_pyd_241\env\Lib\site-packages\django\contrib\admin\sites.py", line 241, in inner
    return view(request, *args, **kwargs)
           ^^^^^^^^^^^^^^^^^^^^^^^^^^^^^^
  File "C:\Users\Беркут\Documents\PYTON STADY\ITSTEP\DJANGO_2\bboard_pyd_241\env\Lib\site-packages\django\utils\decorators.py", line 48, in _wrapper
    return bound_method(*args, **kwargs)
           ^^^^^^^^^^^^^^^^^^^^^^^^^^^^^
  File "C:\Users\Беркут\Documents\PYTON STADY\ITSTEP\DJANGO_2\bboard_pyd_241\env\Lib\site-packages\django\utils\decorators.py", line 188, in _view_wrapper
    result = _process_exception(request, e)
             ^^^^^^^^^^^^^^^^^^^^^^^^^^^^^^
  File "C:\Users\Беркут\Documents\PYTON STADY\ITSTEP\DJANGO_2\bboard_pyd_241\env\Lib\site-packages\django\utils\decorators.py", line 186, in _view_wrapper
    response = view_func(request, *args, **kwargs)
               ^^^^^^^^^^^^^^^^^^^^^^^^^^^^^^^^^^^
  File "C:\Users\Беркут\Documents\PYTON STADY\ITSTEP\DJANGO_2\bboard_pyd_241\env\Lib\site-packages\django\contrib\admin\options.py", line 2001, in changelist_view
    cl = self.get_changelist_instance(request)
         ^^^^^^^^^^^^^^^^^^^^^^^^^^^^^^^^^^^^^
  File "C:\Users\Беркут\Documents\PYTON STADY\ITSTEP\DJANGO_2\bboard_pyd_241\env\Lib\site-packages\django\contrib\admin\options.py", line 866, in get_changelist_instance
    return ChangeList(
           ^^^^^^^^^^^
  File "C:\Users\Беркут\Documents\PYTON STADY\ITSTEP\DJANGO_2\bboard_pyd_241\env\Lib\site-packages\django\contrib\admin\views\main.py", line 146, in __init__
    self.get_results(request)
  File "C:\Users\Беркут\Documents\PYTON STADY\ITSTEP\DJANGO_2\bboard_pyd_241\env\Lib\site-packages\django\contrib\admin\views\main.py", line 313, in get_results
    result_count = paginator.count
                   ^^^^^^^^^^^^^^^
  File "C:\Users\Беркут\Documents\PYTON STADY\ITSTEP\DJANGO_2\bboard_pyd_241\env\Lib\site-packages\django\utils\functional.py", line 47, in __get__
    res = instance.__dict__[self.name] = self.func(instance)
                                         ^^^^^^^^^^^^^^^^^^^
  File "C:\Users\Беркут\Documents\PYTON STADY\ITSTEP\DJANGO_2\bboard_pyd_241\env\Lib\site-packages\django\core\paginator.py", line 110, in count
    return c()
           ^^^
  File "C:\Users\Беркут\Documents\PYTON STADY\ITSTEP\DJANGO_2\bboard_pyd_241\env\Lib\site-packages\django\db\models\query.py", line 620, in count
    return self.query.get_count(using=self.db)
           ^^^^^^^^^^^^^^^^^^^^^^^^^^^^^^^^^^^
  File "C:\Users\Беркут\Documents\PYTON STADY\ITSTEP\DJANGO_2\bboard_pyd_241\env\Lib\site-packages\django\db\models\sql\query.py", line 630, in get_count
    return obj.get_aggregation(using, {"__count": Count("*")})["__count"]
           ^^^^^^^^^^^^^^^^^^^^^^^^^^^^^^^^^^^^^^^^^^^^^^^^^^^
  File "C:\Users\Беркут\Documents\PYTON STADY\ITSTEP\DJANGO_2\bboard_pyd_241\env\Lib\site-packages\django\db\models\sql\query.py", line 616, in get_aggregation
    result = compiler.execute_sql(SINGLE)
             ^^^^^^^^^^^^^^^^^^^^^^^^^^^^
  File "C:\Users\Беркут\Documents\PYTON STADY\ITSTEP\DJANGO_2\bboard_pyd_241\env\Lib\site-packages\django\db\models\sql\compiler.py", line 1574, in execute_sql
    cursor.execute(sql, params)
  File "C:\Users\Беркут\Documents\PYTON STADY\ITSTEP\DJANGO_2\bboard_pyd_241\env\Lib\site-packages\django\db\backends\utils.py", line 122, in execute
    return super().execute(sql, params)
           ^^^^^^^^^^^^^^^^^^^^^^^^^^^^
  File "C:\Users\Беркут\Documents\PYTON STADY\ITSTEP\DJANGO_2\bboard_pyd_241\env\Lib\site-packages\django\db\backends\utils.py", line 79, in execute
    return self._execute_with_wrappers(
           ^^^^^^^^^^^^^^^^^^^^^^^^^^^^
  File "C:\Users\Беркут\Documents\PYTON STADY\ITSTEP\DJANGO_2\bboard_pyd_241\env\Lib\site-packages\django\db\backends\utils.py", line 92, in _execute_with_wrappers
    return executor(sql, params, many, context)
           ^^^^^^^^^^^^^^^^^^^^^^^^^^^^^^^^^^^^
  File "C:\Users\Беркут\Documents\PYTON STADY\ITSTEP\DJANGO_2\bboard_pyd_241\env\Lib\site-packages\django\db\backends\utils.py", line 100, in _execute
    with self.db.wrap_database_errors:
  File "C:\Users\Беркут\Documents\PYTON STADY\ITSTEP\DJANGO_2\bboard_pyd_241\env\Lib\site-packages\django\db\utils.py", line 91, in __exit__
    raise dj_exc_value.with_traceback(traceback) from exc_value
  File "C:\Users\Беркут\Documents\PYTON STADY\ITSTEP\DJANGO_2\bboard_pyd_241\env\Lib\site-packages\django\db\backends\utils.py", line 105, in _execute
    return self.cursor.execute(sql, params)
           ^^^^^^^^^^^^^^^^^^^^^^^^^^^^^^^^
  File "C:\Users\Беркут\Documents\PYTON STADY\ITSTEP\DJANGO_2\bboard_pyd_241\env\Lib\site-packages\django\db\backends\sqlite3\base.py", line 354, in execute
    return super().execute(query, params)
           ^^^^^^^^^^^^^^^^^^^^^^^^^^^^^^
django.db.utils.OperationalError: no such table: precise_bbcode_bbcodetag
Internal Server Error: /admin/precise_bbcode/bbcodetag/
Traceback (most recent call last):
  File "C:\Users\Беркут\Documents\PYTON STADY\ITSTEP\DJANGO_2\bboard_pyd_241\env\Lib\site-packages\django\db\backends\utils.py", line 105, in _execute
    return self.cursor.execute(sql, params)
           ^^^^^^^^^^^^^^^^^^^^^^^^^^^^^^^^
  File "C:\Users\Беркут\Documents\PYTON STADY\ITSTEP\DJANGO_2\bboard_pyd_241\env\Lib\site-packages\django\db\backends\sqlite3\base.py", line 354, in execute
    return super().execute(query, params)
           ^^^^^^^^^^^^^^^^^^^^^^^^^^^^^^
sqlite3.OperationalError: no such table: precise_bbcode_bbcodetag

The above exception was the direct cause of the following exception:

Traceback (most recent call last):
  File "C:\Users\Беркут\Documents\PYTON STADY\ITSTEP\DJANGO_2\bboard_pyd_241\env\Lib\site-packages\django\core\handlers\exception.py", line 55, in inner
    response = get_response(request)
               ^^^^^^^^^^^^^^^^^^^^^
  File "C:\Users\Беркут\Documents\PYTON STADY\ITSTEP\DJANGO_2\bboard_pyd_241\env\Lib\site-packages\django\core\handlers\base.py", line 197, in _get_response
    response = wrapped_callback(request, *callback_args, **callback_kwargs)
               ^^^^^^^^^^^^^^^^^^^^^^^^^^^^^^^^^^^^^^^^^^^^^^^^^^^^^^^^^^^^
  File "C:\Users\Беркут\Documents\PYTON STADY\ITSTEP\DJANGO_2\bboard_pyd_241\env\Lib\site-packages\django\contrib\admin\options.py", line 718, in wrapper
    return self.admin_site.admin_view(view)(*args, **kwargs)
           ^^^^^^^^^^^^^^^^^^^^^^^^^^^^^^^^^^^^^^^^^^^^^^^^^
  File "C:\Users\Беркут\Documents\PYTON STADY\ITSTEP\DJANGO_2\bboard_pyd_241\env\Lib\site-packages\django\utils\decorators.py", line 188, in _view_wrapper
    result = _process_exception(request, e)
             ^^^^^^^^^^^^^^^^^^^^^^^^^^^^^^
  File "C:\Users\Беркут\Documents\PYTON STADY\ITSTEP\DJANGO_2\bboard_pyd_241\env\Lib\site-packages\django\utils\decorators.py", line 186, in _view_wrapper
    response = view_func(request, *args, **kwargs)
               ^^^^^^^^^^^^^^^^^^^^^^^^^^^^^^^^^^^
  File "C:\Users\Беркут\Documents\PYTON STADY\ITSTEP\DJANGO_2\bboard_pyd_241\env\Lib\site-packages\django\views\decorators\cache.py", line 80, in _view_wrapper
    response = view_func(request, *args, **kwargs)
               ^^^^^^^^^^^^^^^^^^^^^^^^^^^^^^^^^^^
  File "C:\Users\Беркут\Documents\PYTON STADY\ITSTEP\DJANGO_2\bboard_pyd_241\env\Lib\site-packages\django\contrib\admin\sites.py", line 241, in inner
    return view(request, *args, **kwargs)
           ^^^^^^^^^^^^^^^^^^^^^^^^^^^^^^
  File "C:\Users\Беркут\Documents\PYTON STADY\ITSTEP\DJANGO_2\bboard_pyd_241\env\Lib\site-packages\django\utils\decorators.py", line 48, in _wrapper
    return bound_method(*args, **kwargs)
           ^^^^^^^^^^^^^^^^^^^^^^^^^^^^^
  File "C:\Users\Беркут\Documents\PYTON STADY\ITSTEP\DJANGO_2\bboard_pyd_241\env\Lib\site-packages\django\utils\decorators.py", line 188, in _view_wrapper
    result = _process_exception(request, e)
             ^^^^^^^^^^^^^^^^^^^^^^^^^^^^^^
  File "C:\Users\Беркут\Documents\PYTON STADY\ITSTEP\DJANGO_2\bboard_pyd_241\env\Lib\site-packages\django\utils\decorators.py", line 186, in _view_wrapper
    response = view_func(request, *args, **kwargs)
               ^^^^^^^^^^^^^^^^^^^^^^^^^^^^^^^^^^^
  File "C:\Users\Беркут\Documents\PYTON STADY\ITSTEP\DJANGO_2\bboard_pyd_241\env\Lib\site-packages\django\contrib\admin\options.py", line 2001, in changelist_view
    cl = self.get_changelist_instance(request)
         ^^^^^^^^^^^^^^^^^^^^^^^^^^^^^^^^^^^^^
  File "C:\Users\Беркут\Documents\PYTON STADY\ITSTEP\DJANGO_2\bboard_pyd_241\env\Lib\site-packages\django\contrib\admin\options.py", line 866, in get_changelist_instance
    return ChangeList(
           ^^^^^^^^^^^
  File "C:\Users\Беркут\Documents\PYTON STADY\ITSTEP\DJANGO_2\bboard_pyd_241\env\Lib\site-packages\django\contrib\admin\views\main.py", line 146, in __init__
    self.get_results(request)
  File "C:\Users\Беркут\Documents\PYTON STADY\ITSTEP\DJANGO_2\bboard_pyd_241\env\Lib\site-packages\django\contrib\admin\views\main.py", line 313, in get_results
    result_count = paginator.count
                   ^^^^^^^^^^^^^^^
  File "C:\Users\Беркут\Documents\PYTON STADY\ITSTEP\DJANGO_2\bboard_pyd_241\env\Lib\site-packages\django\utils\functional.py", line 47, in __get__
    res = instance.__dict__[self.name] = self.func(instance)
                                         ^^^^^^^^^^^^^^^^^^^
  File "C:\Users\Беркут\Documents\PYTON STADY\ITSTEP\DJANGO_2\bboard_pyd_241\env\Lib\site-packages\django\core\paginator.py", line 110, in count
    return c()
           ^^^
  File "C:\Users\Беркут\Documents\PYTON STADY\ITSTEP\DJANGO_2\bboard_pyd_241\env\Lib\site-packages\django\db\models\query.py", line 620, in count
    return self.query.get_count(using=self.db)
           ^^^^^^^^^^^^^^^^^^^^^^^^^^^^^^^^^^^
  File "C:\Users\Беркут\Documents\PYTON STADY\ITSTEP\DJANGO_2\bboard_pyd_241\env\Lib\site-packages\django\db\models\sql\query.py", line 630, in get_count
    return obj.get_aggregation(using, {"__count": Count("*")})["__count"]
           ^^^^^^^^^^^^^^^^^^^^^^^^^^^^^^^^^^^^^^^^^^^^^^^^^^^
  File "C:\Users\Беркут\Documents\PYTON STADY\ITSTEP\DJANGO_2\bboard_pyd_241\env\Lib\site-packages\django\db\models\sql\query.py", line 616, in get_aggregation
    result = compiler.execute_sql(SINGLE)
             ^^^^^^^^^^^^^^^^^^^^^^^^^^^^
  File "C:\Users\Беркут\Documents\PYTON STADY\ITSTEP\DJANGO_2\bboard_pyd_241\env\Lib\site-packages\django\db\models\sql\compiler.py", line 1574, in execute_sql
    cursor.execute(sql, params)
  File "C:\Users\Беркут\Documents\PYTON STADY\ITSTEP\DJANGO_2\bboard_pyd_241\env\Lib\site-packages\django\db\backends\utils.py", line 122, in execute
    return super().execute(sql, params)
           ^^^^^^^^^^^^^^^^^^^^^^^^^^^^
  File "C:\Users\Беркут\Documents\PYTON STADY\ITSTEP\DJANGO_2\bboard_pyd_241\env\Lib\site-packages\django\db\backends\utils.py", line 79, in execute
    return self._execute_with_wrappers(
           ^^^^^^^^^^^^^^^^^^^^^^^^^^^^
  File "C:\Users\Беркут\Documents\PYTON STADY\ITSTEP\DJANGO_2\bboard_pyd_241\env\Lib\site-packages\django\db\backends\utils.py", line 92, in _execute_with_wrappers
    return executor(sql, params, many, context)
           ^^^^^^^^^^^^^^^^^^^^^^^^^^^^^^^^^^^^
  File "C:\Users\Беркут\Documents\PYTON STADY\ITSTEP\DJANGO_2\bboard_pyd_241\env\Lib\site-packages\django\db\backends\utils.py", line 100, in _execute
    with self.db.wrap_database_errors:
  File "C:\Users\Беркут\Documents\PYTON STADY\ITSTEP\DJANGO_2\bboard_pyd_241\env\Lib\site-packages\django\db\utils.py", line 91, in __exit__
    raise dj_exc_value.with_traceback(traceback) from exc_value
  File "C:\Users\Беркут\Documents\PYTON STADY\ITSTEP\DJANGO_2\bboard_pyd_241\env\Lib\site-packages\django\db\backends\utils.py", line 105, in _execute
    return self.cursor.execute(sql, params)
           ^^^^^^^^^^^^^^^^^^^^^^^^^^^^^^^^
  File "C:\Users\Беркут\Documents\PYTON STADY\ITSTEP\DJANGO_2\bboard_pyd_241\env\Lib\site-packages\django\db\backends\sqlite3\base.py", line 354, in execute
    return super().execute(query, params)
           ^^^^^^^^^^^^^^^^^^^^^^^^^^^^^^
django.db.utils.OperationalError: no such table: precise_bbcode_bbcodetag
Internal Server Error: /admin/precise_bbcode/bbcodetag/
Traceback (most recent call last):
  File "C:\Users\Беркут\Documents\PYTON STADY\ITSTEP\DJANGO_2\bboard_pyd_241\env\Lib\site-packages\django\db\backends\utils.py", line 105, in _execute
    return self.cursor.execute(sql, params)
           ^^^^^^^^^^^^^^^^^^^^^^^^^^^^^^^^
  File "C:\Users\Беркут\Documents\PYTON STADY\ITSTEP\DJANGO_2\bboard_pyd_241\env\Lib\site-packages\django\db\backends\sqlite3\base.py", line 354, in execute
    return super().execute(query, params)
           ^^^^^^^^^^^^^^^^^^^^^^^^^^^^^^
sqlite3.OperationalError: no such table: precise_bbcode_bbcodetag

The above exception was the direct cause of the following exception:

Traceback (most recent call last):
  File "C:\Users\Беркут\Documents\PYTON STADY\ITSTEP\DJANGO_2\bboard_pyd_241\env\Lib\site-packages\django\core\handlers\exception.py", line 55, in inner
    response = get_response(request)
               ^^^^^^^^^^^^^^^^^^^^^
  File "C:\Users\Беркут\Documents\PYTON STADY\ITSTEP\DJANGO_2\bboard_pyd_241\env\Lib\site-packages\django\core\handlers\base.py", line 197, in _get_response
    response = wrapped_callback(request, *callback_args, **callback_kwargs)
               ^^^^^^^^^^^^^^^^^^^^^^^^^^^^^^^^^^^^^^^^^^^^^^^^^^^^^^^^^^^^
  File "C:\Users\Беркут\Documents\PYTON STADY\ITSTEP\DJANGO_2\bboard_pyd_241\env\Lib\site-packages\django\contrib\admin\options.py", line 718, in wrapper
    return self.admin_site.admin_view(view)(*args, **kwargs)
           ^^^^^^^^^^^^^^^^^^^^^^^^^^^^^^^^^^^^^^^^^^^^^^^^^
  File "C:\Users\Беркут\Documents\PYTON STADY\ITSTEP\DJANGO_2\bboard_pyd_241\env\Lib\site-packages\django\utils\decorators.py", line 188, in _view_wrapper
    result = _process_exception(request, e)
             ^^^^^^^^^^^^^^^^^^^^^^^^^^^^^^
  File "C:\Users\Беркут\Documents\PYTON STADY\ITSTEP\DJANGO_2\bboard_pyd_241\env\Lib\site-packages\django\utils\decorators.py", line 186, in _view_wrapper
    response = view_func(request, *args, **kwargs)
               ^^^^^^^^^^^^^^^^^^^^^^^^^^^^^^^^^^^
  File "C:\Users\Беркут\Documents\PYTON STADY\ITSTEP\DJANGO_2\bboard_pyd_241\env\Lib\site-packages\django\views\decorators\cache.py", line 80, in _view_wrapper
    response = view_func(request, *args, **kwargs)
               ^^^^^^^^^^^^^^^^^^^^^^^^^^^^^^^^^^^
  File "C:\Users\Беркут\Documents\PYTON STADY\ITSTEP\DJANGO_2\bboard_pyd_241\env\Lib\site-packages\django\contrib\admin\sites.py", line 241, in inner
    return view(request, *args, **kwargs)
           ^^^^^^^^^^^^^^^^^^^^^^^^^^^^^^
  File "C:\Users\Беркут\Documents\PYTON STADY\ITSTEP\DJANGO_2\bboard_pyd_241\env\Lib\site-packages\django\utils\decorators.py", line 48, in _wrapper
    return bound_method(*args, **kwargs)
           ^^^^^^^^^^^^^^^^^^^^^^^^^^^^^
  File "C:\Users\Беркут\Documents\PYTON STADY\ITSTEP\DJANGO_2\bboard_pyd_241\env\Lib\site-packages\django\utils\decorators.py", line 188, in _view_wrapper
    result = _process_exception(request, e)
             ^^^^^^^^^^^^^^^^^^^^^^^^^^^^^^
  File "C:\Users\Беркут\Documents\PYTON STADY\ITSTEP\DJANGO_2\bboard_pyd_241\env\Lib\site-packages\django\utils\decorators.py", line 186, in _view_wrapper
    response = view_func(request, *args, **kwargs)
               ^^^^^^^^^^^^^^^^^^^^^^^^^^^^^^^^^^^
  File "C:\Users\Беркут\Documents\PYTON STADY\ITSTEP\DJANGO_2\bboard_pyd_241\env\Lib\site-packages\django\contrib\admin\options.py", line 2001, in changelist_view
    cl = self.get_changelist_instance(request)
         ^^^^^^^^^^^^^^^^^^^^^^^^^^^^^^^^^^^^^
  File "C:\Users\Беркут\Documents\PYTON STADY\ITSTEP\DJANGO_2\bboard_pyd_241\env\Lib\site-packages\django\contrib\admin\options.py", line 866, in get_changelist_instance
    return ChangeList(
           ^^^^^^^^^^^
  File "C:\Users\Беркут\Documents\PYTON STADY\ITSTEP\DJANGO_2\bboard_pyd_241\env\Lib\site-packages\django\contrib\admin\views\main.py", line 146, in __init__
    self.get_results(request)
  File "C:\Users\Беркут\Documents\PYTON STADY\ITSTEP\DJANGO_2\bboard_pyd_241\env\Lib\site-packages\django\contrib\admin\views\main.py", line 313, in get_results
    result_count = paginator.count
                   ^^^^^^^^^^^^^^^
  File "C:\Users\Беркут\Documents\PYTON STADY\ITSTEP\DJANGO_2\bboard_pyd_241\env\Lib\site-packages\django\utils\functional.py", line 47, in __get__
    res = instance.__dict__[self.name] = self.func(instance)
                                         ^^^^^^^^^^^^^^^^^^^
  File "C:\Users\Беркут\Documents\PYTON STADY\ITSTEP\DJANGO_2\bboard_pyd_241\env\Lib\site-packages\django\core\paginator.py", line 110, in count
    return c()
           ^^^
  File "C:\Users\Беркут\Documents\PYTON STADY\ITSTEP\DJANGO_2\bboard_pyd_241\env\Lib\site-packages\django\db\models\query.py", line 620, in count
    return self.query.get_count(using=self.db)
           ^^^^^^^^^^^^^^^^^^^^^^^^^^^^^^^^^^^
  File "C:\Users\Беркут\Documents\PYTON STADY\ITSTEP\DJANGO_2\bboard_pyd_241\env\Lib\site-packages\django\db\models\sql\query.py", line 630, in get_count
    return obj.get_aggregation(using, {"__count": Count("*")})["__count"]
           ^^^^^^^^^^^^^^^^^^^^^^^^^^^^^^^^^^^^^^^^^^^^^^^^^^^
  File "C:\Users\Беркут\Documents\PYTON STADY\ITSTEP\DJANGO_2\bboard_pyd_241\env\Lib\site-packages\django\db\models\sql\query.py", line 616, in get_aggregation
    result = compiler.execute_sql(SINGLE)
             ^^^^^^^^^^^^^^^^^^^^^^^^^^^^
  File "C:\Users\Беркут\Documents\PYTON STADY\ITSTEP\DJANGO_2\bboard_pyd_241\env\Lib\site-packages\django\db\models\sql\compiler.py", line 1574, in execute_sql
    cursor.execute(sql, params)
  File "C:\Users\Беркут\Documents\PYTON STADY\ITSTEP\DJANGO_2\bboard_pyd_241\env\Lib\site-packages\django\db\backends\utils.py", line 122, in execute
    return super().execute(sql, params)
           ^^^^^^^^^^^^^^^^^^^^^^^^^^^^
  File "C:\Users\Беркут\Documents\PYTON STADY\ITSTEP\DJANGO_2\bboard_pyd_241\env\Lib\site-packages\django\db\backends\utils.py", line 79, in execute
    return self._execute_with_wrappers(
           ^^^^^^^^^^^^^^^^^^^^^^^^^^^^
  File "C:\Users\Беркут\Documents\PYTON STADY\ITSTEP\DJANGO_2\bboard_pyd_241\env\Lib\site-packages\django\db\backends\utils.py", line 92, in _execute_with_wrappers
    return executor(sql, params, many, context)
           ^^^^^^^^^^^^^^^^^^^^^^^^^^^^^^^^^^^^
  File "C:\Users\Беркут\Documents\PYTON STADY\ITSTEP\DJANGO_2\bboard_pyd_241\env\Lib\site-packages\django\db\backends\utils.py", line 100, in _execute
    with self.db.wrap_database_errors:
  File "C:\Users\Беркут\Documents\PYTON STADY\ITSTEP\DJANGO_2\bboard_pyd_241\env\Lib\site-packages\django\db\utils.py", line 91, in __exit__
    raise dj_exc_value.with_traceback(traceback) from exc_value
  File "C:\Users\Беркут\Documents\PYTON STADY\ITSTEP\DJANGO_2\bboard_pyd_241\env\Lib\site-packages\django\db\backends\utils.py", line 105, in _execute
    return self.cursor.execute(sql, params)
           ^^^^^^^^^^^^^^^^^^^^^^^^^^^^^^^^
  File "C:\Users\Беркут\Documents\PYTON STADY\ITSTEP\DJANGO_2\bboard_pyd_241\env\Lib\site-packages\django\db\backends\sqlite3\base.py", line 354, in execute
    return super().execute(query, params)
           ^^^^^^^^^^^^^^^^^^^^^^^^^^^^^^
django.db.utils.OperationalError: no such table: precise_bbcode_bbcodetag
Internal Server Error: /detail/18/
Traceback (most recent call last):
  File "C:\Users\Беркут\Documents\PYTON STADY\ITSTEP\DJANGO_2\bboard_pyd_241\env\Lib\site-packages\django\db\backends\utils.py", line 105, in _execute
    return self.cursor.execute(sql, params)
           ^^^^^^^^^^^^^^^^^^^^^^^^^^^^^^^^
  File "C:\Users\Беркут\Documents\PYTON STADY\ITSTEP\DJANGO_2\bboard_pyd_241\env\Lib\site-packages\django\db\backends\sqlite3\base.py", line 354, in execute
    return super().execute(query, params)
           ^^^^^^^^^^^^^^^^^^^^^^^^^^^^^^
sqlite3.OperationalError: no such table: precise_bbcode_bbcodetag

The above exception was the direct cause of the following exception:

Traceback (most recent call last):
  File "C:\Users\Беркут\Documents\PYTON STADY\ITSTEP\DJANGO_2\bboard_pyd_241\env\Lib\site-packages\django\core\handlers\exception.py", line 55, in inner
    response = get_response(request)
               ^^^^^^^^^^^^^^^^^^^^^
  File "C:\Users\Беркут\Documents\PYTON STADY\ITSTEP\DJANGO_2\bboard_pyd_241\env\Lib\site-packages\django\core\handlers\base.py", line 220, in _get_response
    response = response.render()
               ^^^^^^^^^^^^^^^^^
  File "C:\Users\Беркут\Documents\PYTON STADY\ITSTEP\DJANGO_2\bboard_pyd_241\env\Lib\site-packages\django\template\response.py", line 114, in render
    self.content = self.rendered_content
                   ^^^^^^^^^^^^^^^^^^^^^
  File "C:\Users\Беркут\Documents\PYTON STADY\ITSTEP\DJANGO_2\bboard_pyd_241\env\Lib\site-packages\django\template\response.py", line 92, in rendered_content
    return template.render(context, self._request)
           ^^^^^^^^^^^^^^^^^^^^^^^^^^^^^^^^^^^^^^^
  File "C:\Users\Беркут\Documents\PYTON STADY\ITSTEP\DJANGO_2\bboard_pyd_241\env\Lib\site-packages\django\template\backends\django.py", line 107, in render
    return self.template.render(context)
           ^^^^^^^^^^^^^^^^^^^^^^^^^^^^^
  File "C:\Users\Беркут\Documents\PYTON STADY\ITSTEP\DJANGO_2\bboard_pyd_241\env\Lib\site-packages\django\template\base.py", line 171, in render
    return self._render(context)
           ^^^^^^^^^^^^^^^^^^^^^
  File "C:\Users\Беркут\Documents\PYTON STADY\ITSTEP\DJANGO_2\bboard_pyd_241\env\Lib\site-packages\django\template\base.py", line 163, in _render
    return self.nodelist.render(context)
           ^^^^^^^^^^^^^^^^^^^^^^^^^^^^^
  File "C:\Users\Беркут\Documents\PYTON STADY\ITSTEP\DJANGO_2\bboard_pyd_241\env\Lib\site-packages\django\template\base.py", line 1008, in render
    return SafeString("".join([node.render_annotated(context) for node in self]))
                              ^^^^^^^^^^^^^^^^^^^^^^^^^^^^^^^^^^^^^^^^^^^^^^^^^
  File "C:\Users\Беркут\Documents\PYTON STADY\ITSTEP\DJANGO_2\bboard_pyd_241\env\Lib\site-packages\django\template\base.py", line 1008, in <listcomp>
    return SafeString("".join([node.render_annotated(context) for node in self]))
                               ^^^^^^^^^^^^^^^^^^^^^^^^^^^^^^
  File "C:\Users\Беркут\Documents\PYTON STADY\ITSTEP\DJANGO_2\bboard_pyd_241\env\Lib\site-packages\django\template\base.py", line 969, in render_annotated
    return self.render(context)
           ^^^^^^^^^^^^^^^^^^^^
  File "C:\Users\Беркут\Documents\PYTON STADY\ITSTEP\DJANGO_2\bboard_pyd_241\env\Lib\site-packages\django\template\loader_tags.py", line 159, in render
    return compiled_parent._render(context)
           ^^^^^^^^^^^^^^^^^^^^^^^^^^^^^^^^
  File "C:\Users\Беркут\Documents\PYTON STADY\ITSTEP\DJANGO_2\bboard_pyd_241\env\Lib\site-packages\django\template\base.py", line 163, in _render
    return self.nodelist.render(context)
           ^^^^^^^^^^^^^^^^^^^^^^^^^^^^^
  File "C:\Users\Беркут\Documents\PYTON STADY\ITSTEP\DJANGO_2\bboard_pyd_241\env\Lib\site-packages\django\template\base.py", line 1008, in render
    return SafeString("".join([node.render_annotated(context) for node in self]))
                              ^^^^^^^^^^^^^^^^^^^^^^^^^^^^^^^^^^^^^^^^^^^^^^^^^
  File "C:\Users\Беркут\Documents\PYTON STADY\ITSTEP\DJANGO_2\bboard_pyd_241\env\Lib\site-packages\django\template\base.py", line 1008, in <listcomp>
    return SafeString("".join([node.render_annotated(context) for node in self]))
                               ^^^^^^^^^^^^^^^^^^^^^^^^^^^^^^
  File "C:\Users\Беркут\Documents\PYTON STADY\ITSTEP\DJANGO_2\bboard_pyd_241\env\Lib\site-packages\django\template\base.py", line 969, in render_annotated
    return self.render(context)
           ^^^^^^^^^^^^^^^^^^^^
  File "C:\Users\Беркут\Documents\PYTON STADY\ITSTEP\DJANGO_2\bboard_pyd_241\env\Lib\site-packages\django\template\loader_tags.py", line 65, in render
    result = block.nodelist.render(context)
             ^^^^^^^^^^^^^^^^^^^^^^^^^^^^^^
  File "C:\Users\Беркут\Documents\PYTON STADY\ITSTEP\DJANGO_2\bboard_pyd_241\env\Lib\site-packages\django\template\base.py", line 1008, in render
    return SafeString("".join([node.render_annotated(context) for node in self]))
                              ^^^^^^^^^^^^^^^^^^^^^^^^^^^^^^^^^^^^^^^^^^^^^^^^^
  File "C:\Users\Беркут\Documents\PYTON STADY\ITSTEP\DJANGO_2\bboard_pyd_241\env\Lib\site-packages\django\template\base.py", line 1008, in <listcomp>
    return SafeString("".join([node.render_annotated(context) for node in self]))
                               ^^^^^^^^^^^^^^^^^^^^^^^^^^^^^^
  File "C:\Users\Беркут\Documents\PYTON STADY\ITSTEP\DJANGO_2\bboard_pyd_241\env\Lib\site-packages\django\template\base.py", line 969, in render_annotated
    return self.render(context)
           ^^^^^^^^^^^^^^^^^^^^
  File "C:\Users\Беркут\Documents\PYTON STADY\ITSTEP\DJANGO_2\bboard_pyd_241\env\Lib\site-packages\precise_bbcode\templatetags\bbcode_tags.py", line 24, in render
    value = mark_safe(render_bbcodes(output))
                      ^^^^^^^^^^^^^^^^^^^^^^
  File "C:\Users\Беркут\Documents\PYTON STADY\ITSTEP\DJANGO_2\bboard_pyd_241\env\Lib\site-packages\precise_bbcode\shortcuts.py", line 8, in render_bbcodes
    parser = get_parser()
             ^^^^^^^^^^^^
  File "C:\Users\Беркут\Documents\PYTON STADY\ITSTEP\DJANGO_2\bboard_pyd_241\env\Lib\site-packages\precise_bbcode\bbcode\__init__.py", line 19, in get_parser
    loader.load_parser()
  File "C:\Users\Беркут\Documents\PYTON STADY\ITSTEP\DJANGO_2\bboard_pyd_241\env\Lib\site-packages\precise_bbcode\bbcode\__init__.py", line 49, in load_parser
    self.init_custom_bbcode_tags()
  File "C:\Users\Беркут\Documents\PYTON STADY\ITSTEP\DJANGO_2\bboard_pyd_241\env\Lib\site-packages\precise_bbcode\bbcode\__init__.py", line 102, in init_custom_bbcode_tags
    for tag in custom_tags:
  File "C:\Users\Беркут\Documents\PYTON STADY\ITSTEP\DJANGO_2\bboard_pyd_241\env\Lib\site-packages\django\db\models\query.py", line 400, in __iter__
    self._fetch_all()
  File "C:\Users\Беркут\Documents\PYTON STADY\ITSTEP\DJANGO_2\bboard_pyd_241\env\Lib\site-packages\django\db\models\query.py", line 1928, in _fetch_all
    self._result_cache = list(self._iterable_class(self))
                         ^^^^^^^^^^^^^^^^^^^^^^^^^^^^^^^^
  File "C:\Users\Беркут\Documents\PYTON STADY\ITSTEP\DJANGO_2\bboard_pyd_241\env\Lib\site-packages\django\db\models\query.py", line 91, in __iter__
    results = compiler.execute_sql(
              ^^^^^^^^^^^^^^^^^^^^^
  File "C:\Users\Беркут\Documents\PYTON STADY\ITSTEP\DJANGO_2\bboard_pyd_241\env\Lib\site-packages\django\db\models\sql\compiler.py", line 1574, in execute_sql
    cursor.execute(sql, params)
  File "C:\Users\Беркут\Documents\PYTON STADY\ITSTEP\DJANGO_2\bboard_pyd_241\env\Lib\site-packages\django\db\backends\utils.py", line 122, in execute
    return super().execute(sql, params)
           ^^^^^^^^^^^^^^^^^^^^^^^^^^^^
  File "C:\Users\Беркут\Documents\PYTON STADY\ITSTEP\DJANGO_2\bboard_pyd_241\env\Lib\site-packages\django\db\backends\utils.py", line 79, in execute
    return self._execute_with_wrappers(
           ^^^^^^^^^^^^^^^^^^^^^^^^^^^^
  File "C:\Users\Беркут\Documents\PYTON STADY\ITSTEP\DJANGO_2\bboard_pyd_241\env\Lib\site-packages\django\db\backends\utils.py", line 92, in _execute_with_wrappers
    return executor(sql, params, many, context)
           ^^^^^^^^^^^^^^^^^^^^^^^^^^^^^^^^^^^^
  File "C:\Users\Беркут\Documents\PYTON STADY\ITSTEP\DJANGO_2\bboard_pyd_241\env\Lib\site-packages\django\db\backends\utils.py", line 100, in _execute
    with self.db.wrap_database_errors:
  File "C:\Users\Беркут\Documents\PYTON STADY\ITSTEP\DJANGO_2\bboard_pyd_241\env\Lib\site-packages\django\db\utils.py", line 91, in __exit__
    raise dj_exc_value.with_traceback(traceback) from exc_value
  File "C:\Users\Беркут\Documents\PYTON STADY\ITSTEP\DJANGO_2\bboard_pyd_241\env\Lib\site-packages\django\db\backends\utils.py", line 105, in _execute
    return self.cursor.execute(sql, params)
           ^^^^^^^^^^^^^^^^^^^^^^^^^^^^^^^^
  File "C:\Users\Беркут\Documents\PYTON STADY\ITSTEP\DJANGO_2\bboard_pyd_241\env\Lib\site-packages\django\db\backends\sqlite3\base.py", line 354, in execute
    return super().execute(query, params)
           ^^^^^^^^^^^^^^^^^^^^^^^^^^^^^^
django.db.utils.OperationalError: no such table: precise_bbcode_bbcodetag
Internal Server Error: /
Traceback (most recent call last):
  File "C:\Users\Беркут\Documents\PYTON STADY\ITSTEP\DJANGO_2\bboard_pyd_241\env\Lib\site-packages\django\template\base.py", line 510, in parse
    compile_func = self.tags[command]
                   ~~~~~~~~~^^^^^^^^^
KeyError: 'bbcode'

During handling of the above exception, another exception occurred:

Traceback (most recent call last):
  File "C:\Users\Беркут\Documents\PYTON STADY\ITSTEP\DJANGO_2\bboard_pyd_241\env\Lib\site-packages\django\core\handlers\exception.py", line 55, in inner
    response = get_response(request)
               ^^^^^^^^^^^^^^^^^^^^^
  File "C:\Users\Беркут\Documents\PYTON STADY\ITSTEP\DJANGO_2\bboard_pyd_241\env\Lib\site-packages\django\core\handlers\base.py", line 197, in _get_response
    response = wrapped_callback(request, *callback_args, **callback_kwargs)
               ^^^^^^^^^^^^^^^^^^^^^^^^^^^^^^^^^^^^^^^^^^^^^^^^^^^^^^^^^^^^
  File "C:\Users\Беркут\Documents\PYTON STADY\ITSTEP\DJANGO_2\bboard_pyd_241\bboard\views.py", line 55, in index
    return render(request, 'bboard/index.html', context)
           ^^^^^^^^^^^^^^^^^^^^^^^^^^^^^^^^^^^^^^^^^^^^^
  File "C:\Users\Беркут\Documents\PYTON STADY\ITSTEP\DJANGO_2\bboard_pyd_241\env\Lib\site-packages\django\shortcuts.py", line 25, in render
    content = loader.render_to_string(template_name, context, request, using=using)
              ^^^^^^^^^^^^^^^^^^^^^^^^^^^^^^^^^^^^^^^^^^^^^^^^^^^^^^^^^^^^^^^^^^^^^
  File "C:\Users\Беркут\Documents\PYTON STADY\ITSTEP\DJANGO_2\bboard_pyd_241\env\Lib\site-packages\django\template\loader.py", line 61, in render_to_string
    template = get_template(template_name, using=using)
               ^^^^^^^^^^^^^^^^^^^^^^^^^^^^^^^^^^^^^^^^
  File "C:\Users\Беркут\Documents\PYTON STADY\ITSTEP\DJANGO_2\bboard_pyd_241\env\Lib\site-packages\django\template\loader.py", line 15, in get_template
    return engine.get_template(template_name)
           ^^^^^^^^^^^^^^^^^^^^^^^^^^^^^^^^^^
  File "C:\Users\Беркут\Documents\PYTON STADY\ITSTEP\DJANGO_2\bboard_pyd_241\env\Lib\site-packages\django\template\backends\django.py", line 79, in get_template
    return Template(self.engine.get_template(template_name), self)
                    ^^^^^^^^^^^^^^^^^^^^^^^^^^^^^^^^^^^^^^^
  File "C:\Users\Беркут\Documents\PYTON STADY\ITSTEP\DJANGO_2\bboard_pyd_241\env\Lib\site-packages\django\template\engine.py", line 177, in get_template
    template, origin = self.find_template(template_name)
                       ^^^^^^^^^^^^^^^^^^^^^^^^^^^^^^^^^
  File "C:\Users\Беркут\Documents\PYTON STADY\ITSTEP\DJANGO_2\bboard_pyd_241\env\Lib\site-packages\django\template\engine.py", line 159, in find_template
    template = loader.get_template(name, skip=skip)
               ^^^^^^^^^^^^^^^^^^^^^^^^^^^^^^^^^^^^
  File "C:\Users\Беркут\Documents\PYTON STADY\ITSTEP\DJANGO_2\bboard_pyd_241\env\Lib\site-packages\django\template\loaders\cached.py", line 57, in get_template
    template = super().get_template(template_name, skip)
               ^^^^^^^^^^^^^^^^^^^^^^^^^^^^^^^^^^^^^^^^^
  File "C:\Users\Беркут\Documents\PYTON STADY\ITSTEP\DJANGO_2\bboard_pyd_241\env\Lib\site-packages\django\template\loaders\base.py", line 28, in get_template
    return Template(
           ^^^^^^^^^
  File "C:\Users\Беркут\Documents\PYTON STADY\ITSTEP\DJANGO_2\bboard_pyd_241\env\Lib\site-packages\django\template\base.py", line 154, in __init__
    self.nodelist = self.compile_nodelist()
                    ^^^^^^^^^^^^^^^^^^^^^^^
  File "C:\Users\Беркут\Documents\PYTON STADY\ITSTEP\DJANGO_2\bboard_pyd_241\env\Lib\site-packages\django\template\base.py", line 196, in compile_nodelist
    nodelist = parser.parse()
               ^^^^^^^^^^^^^^
  File "C:\Users\Беркут\Documents\PYTON STADY\ITSTEP\DJANGO_2\bboard_pyd_241\env\Lib\site-packages\django\template\base.py", line 518, in parse
    raise self.error(token, e)
  File "C:\Users\Беркут\Documents\PYTON STADY\ITSTEP\DJANGO_2\bboard_pyd_241\env\Lib\site-packages\django\template\base.py", line 516, in parse
    compiled_result = compile_func(self, token)
                      ^^^^^^^^^^^^^^^^^^^^^^^^^
  File "C:\Users\Беркут\Documents\PYTON STADY\ITSTEP\DJANGO_2\bboard_pyd_241\env\Lib\site-packages\django\template\loader_tags.py", line 295, in do_extends
    nodelist = parser.parse()
               ^^^^^^^^^^^^^^
  File "C:\Users\Беркут\Documents\PYTON STADY\ITSTEP\DJANGO_2\bboard_pyd_241\env\Lib\site-packages\django\template\base.py", line 518, in parse
    raise self.error(token, e)
  File "C:\Users\Беркут\Documents\PYTON STADY\ITSTEP\DJANGO_2\bboard_pyd_241\env\Lib\site-packages\django\template\base.py", line 516, in parse
    compiled_result = compile_func(self, token)
                      ^^^^^^^^^^^^^^^^^^^^^^^^^
  File "C:\Users\Беркут\Documents\PYTON STADY\ITSTEP\DJANGO_2\bboard_pyd_241\env\Lib\site-packages\django\template\loader_tags.py", line 234, in do_block
    nodelist = parser.parse(("endblock",))
               ^^^^^^^^^^^^^^^^^^^^^^^^^^^
  File "C:\Users\Беркут\Documents\PYTON STADY\ITSTEP\DJANGO_2\bboard_pyd_241\env\Lib\site-packages\django\template\base.py", line 518, in parse
    raise self.error(token, e)
  File "C:\Users\Беркут\Documents\PYTON STADY\ITSTEP\DJANGO_2\bboard_pyd_241\env\Lib\site-packages\django\template\base.py", line 516, in parse
    compiled_result = compile_func(self, token)
                      ^^^^^^^^^^^^^^^^^^^^^^^^^
  File "C:\Users\Беркут\Documents\PYTON STADY\ITSTEP\DJANGO_2\bboard_pyd_241\env\Lib\site-packages\django\template\defaulttags.py", line 862, in do_for
    nodelist_loop = parser.parse(
                    ^^^^^^^^^^^^^
  File "C:\Users\Беркут\Documents\PYTON STADY\ITSTEP\DJANGO_2\bboard_pyd_241\env\Lib\site-packages\django\template\base.py", line 512, in parse
    self.invalid_block_tag(token, command, parse_until)
  File "C:\Users\Беркут\Documents\PYTON STADY\ITSTEP\DJANGO_2\bboard_pyd_241\env\Lib\site-packages\django\template\base.py", line 563, in invalid_block_tag
    raise self.error(
django.template.exceptions.TemplateSyntaxError: Invalid block tag on line 20: 'bbcode', expected 'empty' or 'endfor'. Did you forget to register or load this tag?
Internal Server Error: /
Traceback (most recent call last):
  File "C:\Users\Беркут\Documents\PYTON STADY\ITSTEP\DJANGO_2\bboard_pyd_241\env\Lib\site-packages\django\template\base.py", line 510, in parse
    compile_func = self.tags[command]
                   ~~~~~~~~~^^^^^^^^^
KeyError: 'bbcode'

During handling of the above exception, another exception occurred:

Traceback (most recent call last):
  File "C:\Users\Беркут\Documents\PYTON STADY\ITSTEP\DJANGO_2\bboard_pyd_241\env\Lib\site-packages\django\core\handlers\exception.py", line 55, in inner
    response = get_response(request)
               ^^^^^^^^^^^^^^^^^^^^^
  File "C:\Users\Беркут\Documents\PYTON STADY\ITSTEP\DJANGO_2\bboard_pyd_241\env\Lib\site-packages\django\core\handlers\base.py", line 197, in _get_response
    response = wrapped_callback(request, *callback_args, **callback_kwargs)
               ^^^^^^^^^^^^^^^^^^^^^^^^^^^^^^^^^^^^^^^^^^^^^^^^^^^^^^^^^^^^
  File "C:\Users\Беркут\Documents\PYTON STADY\ITSTEP\DJANGO_2\bboard_pyd_241\bboard\views.py", line 55, in index
    return render(request, 'bboard/index.html', context)
           ^^^^^^^^^^^^^^^^^^^^^^^^^^^^^^^^^^^^^^^^^^^^^
  File "C:\Users\Беркут\Documents\PYTON STADY\ITSTEP\DJANGO_2\bboard_pyd_241\env\Lib\site-packages\django\shortcuts.py", line 25, in render
    content = loader.render_to_string(template_name, context, request, using=using)
              ^^^^^^^^^^^^^^^^^^^^^^^^^^^^^^^^^^^^^^^^^^^^^^^^^^^^^^^^^^^^^^^^^^^^^
  File "C:\Users\Беркут\Documents\PYTON STADY\ITSTEP\DJANGO_2\bboard_pyd_241\env\Lib\site-packages\django\template\loader.py", line 61, in render_to_string
    template = get_template(template_name, using=using)
               ^^^^^^^^^^^^^^^^^^^^^^^^^^^^^^^^^^^^^^^^
  File "C:\Users\Беркут\Documents\PYTON STADY\ITSTEP\DJANGO_2\bboard_pyd_241\env\Lib\site-packages\django\template\loader.py", line 15, in get_template
    return engine.get_template(template_name)
           ^^^^^^^^^^^^^^^^^^^^^^^^^^^^^^^^^^
  File "C:\Users\Беркут\Documents\PYTON STADY\ITSTEP\DJANGO_2\bboard_pyd_241\env\Lib\site-packages\django\template\backends\django.py", line 79, in get_template
    return Template(self.engine.get_template(template_name), self)
                    ^^^^^^^^^^^^^^^^^^^^^^^^^^^^^^^^^^^^^^^
  File "C:\Users\Беркут\Documents\PYTON STADY\ITSTEP\DJANGO_2\bboard_pyd_241\env\Lib\site-packages\django\template\engine.py", line 177, in get_template
    template, origin = self.find_template(template_name)
                       ^^^^^^^^^^^^^^^^^^^^^^^^^^^^^^^^^
  File "C:\Users\Беркут\Documents\PYTON STADY\ITSTEP\DJANGO_2\bboard_pyd_241\env\Lib\site-packages\django\template\engine.py", line 159, in find_template
    template = loader.get_template(name, skip=skip)
               ^^^^^^^^^^^^^^^^^^^^^^^^^^^^^^^^^^^^
  File "C:\Users\Беркут\Documents\PYTON STADY\ITSTEP\DJANGO_2\bboard_pyd_241\env\Lib\site-packages\django\template\loaders\cached.py", line 57, in get_template
    template = super().get_template(template_name, skip)
               ^^^^^^^^^^^^^^^^^^^^^^^^^^^^^^^^^^^^^^^^^
  File "C:\Users\Беркут\Documents\PYTON STADY\ITSTEP\DJANGO_2\bboard_pyd_241\env\Lib\site-packages\django\template\loaders\base.py", line 28, in get_template
    return Template(
           ^^^^^^^^^
  File "C:\Users\Беркут\Documents\PYTON STADY\ITSTEP\DJANGO_2\bboard_pyd_241\env\Lib\site-packages\django\template\base.py", line 154, in __init__
    self.nodelist = self.compile_nodelist()
                    ^^^^^^^^^^^^^^^^^^^^^^^
  File "C:\Users\Беркут\Documents\PYTON STADY\ITSTEP\DJANGO_2\bboard_pyd_241\env\Lib\site-packages\django\template\base.py", line 196, in compile_nodelist
    nodelist = parser.parse()
               ^^^^^^^^^^^^^^
  File "C:\Users\Беркут\Documents\PYTON STADY\ITSTEP\DJANGO_2\bboard_pyd_241\env\Lib\site-packages\django\template\base.py", line 518, in parse
    raise self.error(token, e)
  File "C:\Users\Беркут\Documents\PYTON STADY\ITSTEP\DJANGO_2\bboard_pyd_241\env\Lib\site-packages\django\template\base.py", line 516, in parse
    compiled_result = compile_func(self, token)
                      ^^^^^^^^^^^^^^^^^^^^^^^^^
  File "C:\Users\Беркут\Documents\PYTON STADY\ITSTEP\DJANGO_2\bboard_pyd_241\env\Lib\site-packages\django\template\loader_tags.py", line 295, in do_extends
    nodelist = parser.parse()
               ^^^^^^^^^^^^^^
  File "C:\Users\Беркут\Documents\PYTON STADY\ITSTEP\DJANGO_2\bboard_pyd_241\env\Lib\site-packages\django\template\base.py", line 518, in parse
    raise self.error(token, e)
  File "C:\Users\Беркут\Documents\PYTON STADY\ITSTEP\DJANGO_2\bboard_pyd_241\env\Lib\site-packages\django\template\base.py", line 516, in parse
    compiled_result = compile_func(self, token)
                      ^^^^^^^^^^^^^^^^^^^^^^^^^
  File "C:\Users\Беркут\Documents\PYTON STADY\ITSTEP\DJANGO_2\bboard_pyd_241\env\Lib\site-packages\django\template\loader_tags.py", line 234, in do_block
    nodelist = parser.parse(("endblock",))
               ^^^^^^^^^^^^^^^^^^^^^^^^^^^
  File "C:\Users\Беркут\Documents\PYTON STADY\ITSTEP\DJANGO_2\bboard_pyd_241\env\Lib\site-packages\django\template\base.py", line 518, in parse
    raise self.error(token, e)
  File "C:\Users\Беркут\Documents\PYTON STADY\ITSTEP\DJANGO_2\bboard_pyd_241\env\Lib\site-packages\django\template\base.py", line 516, in parse
    compiled_result = compile_func(self, token)
                      ^^^^^^^^^^^^^^^^^^^^^^^^^
  File "C:\Users\Беркут\Documents\PYTON STADY\ITSTEP\DJANGO_2\bboard_pyd_241\env\Lib\site-packages\django\template\defaulttags.py", line 862, in do_for
    nodelist_loop = parser.parse(
                    ^^^^^^^^^^^^^
  File "C:\Users\Беркут\Documents\PYTON STADY\ITSTEP\DJANGO_2\bboard_pyd_241\env\Lib\site-packages\django\template\base.py", line 512, in parse
    self.invalid_block_tag(token, command, parse_until)
  File "C:\Users\Беркут\Documents\PYTON STADY\ITSTEP\DJANGO_2\bboard_pyd_241\env\Lib\site-packages\django\template\base.py", line 563, in invalid_block_tag
    raise self.error(
django.template.exceptions.TemplateSyntaxError: Invalid block tag on line 20: 'bbcode', expected 'empty' or 'endfor'. Did you forget to register or load this tag?
Internal Server Error: /
Traceback (most recent call last):
  File "C:\Users\Беркут\Documents\PYTON STADY\ITSTEP\DJANGO_2\bboard_pyd_241\env\Lib\site-packages\django\db\backends\utils.py", line 105, in _execute
    return self.cursor.execute(sql, params)
           ^^^^^^^^^^^^^^^^^^^^^^^^^^^^^^^^
  File "C:\Users\Беркут\Documents\PYTON STADY\ITSTEP\DJANGO_2\bboard_pyd_241\env\Lib\site-packages\django\db\backends\sqlite3\base.py", line 354, in execute
    return super().execute(query, params)
           ^^^^^^^^^^^^^^^^^^^^^^^^^^^^^^
sqlite3.OperationalError: no such table: precise_bbcode_bbcodetag

The above exception was the direct cause of the following exception:

Traceback (most recent call last):
  File "C:\Users\Беркут\Documents\PYTON STADY\ITSTEP\DJANGO_2\bboard_pyd_241\env\Lib\site-packages\django\core\handlers\exception.py", line 55, in inner
    response = get_response(request)
               ^^^^^^^^^^^^^^^^^^^^^
  File "C:\Users\Беркут\Documents\PYTON STADY\ITSTEP\DJANGO_2\bboard_pyd_241\env\Lib\site-packages\django\core\handlers\base.py", line 197, in _get_response
    response = wrapped_callback(request, *callback_args, **callback_kwargs)
               ^^^^^^^^^^^^^^^^^^^^^^^^^^^^^^^^^^^^^^^^^^^^^^^^^^^^^^^^^^^^
  File "C:\Users\Беркут\Documents\PYTON STADY\ITSTEP\DJANGO_2\bboard_pyd_241\bboard\views.py", line 55, in index
    return render(request, 'bboard/index.html', context)
           ^^^^^^^^^^^^^^^^^^^^^^^^^^^^^^^^^^^^^^^^^^^^^
  File "C:\Users\Беркут\Documents\PYTON STADY\ITSTEP\DJANGO_2\bboard_pyd_241\env\Lib\site-packages\django\shortcuts.py", line 25, in render
    content = loader.render_to_string(template_name, context, request, using=using)
              ^^^^^^^^^^^^^^^^^^^^^^^^^^^^^^^^^^^^^^^^^^^^^^^^^^^^^^^^^^^^^^^^^^^^^
  File "C:\Users\Беркут\Documents\PYTON STADY\ITSTEP\DJANGO_2\bboard_pyd_241\env\Lib\site-packages\django\template\loader.py", line 62, in render_to_string
    return template.render(context, request)
           ^^^^^^^^^^^^^^^^^^^^^^^^^^^^^^^^^
  File "C:\Users\Беркут\Documents\PYTON STADY\ITSTEP\DJANGO_2\bboard_pyd_241\env\Lib\site-packages\django\template\backends\django.py", line 107, in render
    return self.template.render(context)
           ^^^^^^^^^^^^^^^^^^^^^^^^^^^^^
  File "C:\Users\Беркут\Documents\PYTON STADY\ITSTEP\DJANGO_2\bboard_pyd_241\env\Lib\site-packages\django\template\base.py", line 171, in render
    return self._render(context)
           ^^^^^^^^^^^^^^^^^^^^^
  File "C:\Users\Беркут\Documents\PYTON STADY\ITSTEP\DJANGO_2\bboard_pyd_241\env\Lib\site-packages\django\template\base.py", line 163, in _render
    return self.nodelist.render(context)
           ^^^^^^^^^^^^^^^^^^^^^^^^^^^^^
  File "C:\Users\Беркут\Documents\PYTON STADY\ITSTEP\DJANGO_2\bboard_pyd_241\env\Lib\site-packages\django\template\base.py", line 1008, in render
    return SafeString("".join([node.render_annotated(context) for node in self]))
                              ^^^^^^^^^^^^^^^^^^^^^^^^^^^^^^^^^^^^^^^^^^^^^^^^^
  File "C:\Users\Беркут\Documents\PYTON STADY\ITSTEP\DJANGO_2\bboard_pyd_241\env\Lib\site-packages\django\template\base.py", line 1008, in <listcomp>
    return SafeString("".join([node.render_annotated(context) for node in self]))
                               ^^^^^^^^^^^^^^^^^^^^^^^^^^^^^^
  File "C:\Users\Беркут\Documents\PYTON STADY\ITSTEP\DJANGO_2\bboard_pyd_241\env\Lib\site-packages\django\template\base.py", line 969, in render_annotated
    return self.render(context)
           ^^^^^^^^^^^^^^^^^^^^
  File "C:\Users\Беркут\Documents\PYTON STADY\ITSTEP\DJANGO_2\bboard_pyd_241\env\Lib\site-packages\django\template\loader_tags.py", line 159, in render
    return compiled_parent._render(context)
           ^^^^^^^^^^^^^^^^^^^^^^^^^^^^^^^^
  File "C:\Users\Беркут\Documents\PYTON STADY\ITSTEP\DJANGO_2\bboard_pyd_241\env\Lib\site-packages\django\template\base.py", line 163, in _render
    return self.nodelist.render(context)
           ^^^^^^^^^^^^^^^^^^^^^^^^^^^^^
  File "C:\Users\Беркут\Documents\PYTON STADY\ITSTEP\DJANGO_2\bboard_pyd_241\env\Lib\site-packages\django\template\base.py", line 1008, in render
    return SafeString("".join([node.render_annotated(context) for node in self]))
                              ^^^^^^^^^^^^^^^^^^^^^^^^^^^^^^^^^^^^^^^^^^^^^^^^^
  File "C:\Users\Беркут\Documents\PYTON STADY\ITSTEP\DJANGO_2\bboard_pyd_241\env\Lib\site-packages\django\template\base.py", line 1008, in <listcomp>
    return SafeString("".join([node.render_annotated(context) for node in self]))
                               ^^^^^^^^^^^^^^^^^^^^^^^^^^^^^^
  File "C:\Users\Беркут\Documents\PYTON STADY\ITSTEP\DJANGO_2\bboard_pyd_241\env\Lib\site-packages\django\template\base.py", line 969, in render_annotated
    return self.render(context)
           ^^^^^^^^^^^^^^^^^^^^
  File "C:\Users\Беркут\Documents\PYTON STADY\ITSTEP\DJANGO_2\bboard_pyd_241\env\Lib\site-packages\django\template\loader_tags.py", line 65, in render
    result = block.nodelist.render(context)
             ^^^^^^^^^^^^^^^^^^^^^^^^^^^^^^
  File "C:\Users\Беркут\Documents\PYTON STADY\ITSTEP\DJANGO_2\bboard_pyd_241\env\Lib\site-packages\django\template\base.py", line 1008, in render
    return SafeString("".join([node.render_annotated(context) for node in self]))
                              ^^^^^^^^^^^^^^^^^^^^^^^^^^^^^^^^^^^^^^^^^^^^^^^^^
  File "C:\Users\Беркут\Documents\PYTON STADY\ITSTEP\DJANGO_2\bboard_pyd_241\env\Lib\site-packages\django\template\base.py", line 1008, in <listcomp>
    return SafeString("".join([node.render_annotated(context) for node in self]))
                               ^^^^^^^^^^^^^^^^^^^^^^^^^^^^^^
  File "C:\Users\Беркут\Documents\PYTON STADY\ITSTEP\DJANGO_2\bboard_pyd_241\env\Lib\site-packages\django\template\base.py", line 969, in render_annotated
    return self.render(context)
           ^^^^^^^^^^^^^^^^^^^^
  File "C:\Users\Беркут\Documents\PYTON STADY\ITSTEP\DJANGO_2\bboard_pyd_241\env\Lib\site-packages\django\template\defaulttags.py", line 243, in render
    nodelist.append(node.render_annotated(context))
                    ^^^^^^^^^^^^^^^^^^^^^^^^^^^^^^
  File "C:\Users\Беркут\Documents\PYTON STADY\ITSTEP\DJANGO_2\bboard_pyd_241\env\Lib\site-packages\django\template\base.py", line 969, in render_annotated
    return self.render(context)
           ^^^^^^^^^^^^^^^^^^^^
  File "C:\Users\Беркут\Documents\PYTON STADY\ITSTEP\DJANGO_2\bboard_pyd_241\env\Lib\site-packages\precise_bbcode\templatetags\bbcode_tags.py", line 24, in render
    value = mark_safe(render_bbcodes(output))
                      ^^^^^^^^^^^^^^^^^^^^^^
  File "C:\Users\Беркут\Documents\PYTON STADY\ITSTEP\DJANGO_2\bboard_pyd_241\env\Lib\site-packages\precise_bbcode\shortcuts.py", line 8, in render_bbcodes
    parser = get_parser()
             ^^^^^^^^^^^^
  File "C:\Users\Беркут\Documents\PYTON STADY\ITSTEP\DJANGO_2\bboard_pyd_241\env\Lib\site-packages\precise_bbcode\bbcode\__init__.py", line 19, in get_parser
    loader.load_parser()
  File "C:\Users\Беркут\Documents\PYTON STADY\ITSTEP\DJANGO_2\bboard_pyd_241\env\Lib\site-packages\precise_bbcode\bbcode\__init__.py", line 49, in load_parser
    self.init_custom_bbcode_tags()
  File "C:\Users\Беркут\Documents\PYTON STADY\ITSTEP\DJANGO_2\bboard_pyd_241\env\Lib\site-packages\precise_bbcode\bbcode\__init__.py", line 102, in init_custom_bbcode_tags
    for tag in custom_tags:
  File "C:\Users\Беркут\Documents\PYTON STADY\ITSTEP\DJANGO_2\bboard_pyd_241\env\Lib\site-packages\django\db\models\query.py", line 400, in __iter__
    self._fetch_all()
  File "C:\Users\Беркут\Documents\PYTON STADY\ITSTEP\DJANGO_2\bboard_pyd_241\env\Lib\site-packages\django\db\models\query.py", line 1928, in _fetch_all
    self._result_cache = list(self._iterable_class(self))
                         ^^^^^^^^^^^^^^^^^^^^^^^^^^^^^^^^
  File "C:\Users\Беркут\Documents\PYTON STADY\ITSTEP\DJANGO_2\bboard_pyd_241\env\Lib\site-packages\django\db\models\query.py", line 91, in __iter__
    results = compiler.execute_sql(
              ^^^^^^^^^^^^^^^^^^^^^
  File "C:\Users\Беркут\Documents\PYTON STADY\ITSTEP\DJANGO_2\bboard_pyd_241\env\Lib\site-packages\django\db\models\sql\compiler.py", line 1574, in execute_sql
    cursor.execute(sql, params)
  File "C:\Users\Беркут\Documents\PYTON STADY\ITSTEP\DJANGO_2\bboard_pyd_241\env\Lib\site-packages\django\db\backends\utils.py", line 122, in execute
    return super().execute(sql, params)
           ^^^^^^^^^^^^^^^^^^^^^^^^^^^^
  File "C:\Users\Беркут\Documents\PYTON STADY\ITSTEP\DJANGO_2\bboard_pyd_241\env\Lib\site-packages\django\db\backends\utils.py", line 79, in execute
    return self._execute_with_wrappers(
           ^^^^^^^^^^^^^^^^^^^^^^^^^^^^
  File "C:\Users\Беркут\Documents\PYTON STADY\ITSTEP\DJANGO_2\bboard_pyd_241\env\Lib\site-packages\django\db\backends\utils.py", line 92, in _execute_with_wrappers
    return executor(sql, params, many, context)
           ^^^^^^^^^^^^^^^^^^^^^^^^^^^^^^^^^^^^
  File "C:\Users\Беркут\Documents\PYTON STADY\ITSTEP\DJANGO_2\bboard_pyd_241\env\Lib\site-packages\django\db\backends\utils.py", line 100, in _execute
    with self.db.wrap_database_errors:
  File "C:\Users\Беркут\Documents\PYTON STADY\ITSTEP\DJANGO_2\bboard_pyd_241\env\Lib\site-packages\django\db\utils.py", line 91, in __exit__
    raise dj_exc_value.with_traceback(traceback) from exc_value
  File "C:\Users\Беркут\Documents\PYTON STADY\ITSTEP\DJANGO_2\bboard_pyd_241\env\Lib\site-packages\django\db\backends\utils.py", line 105, in _execute
    return self.cursor.execute(sql, params)
           ^^^^^^^^^^^^^^^^^^^^^^^^^^^^^^^^
  File "C:\Users\Беркут\Documents\PYTON STADY\ITSTEP\DJANGO_2\bboard_pyd_241\env\Lib\site-packages\django\db\backends\sqlite3\base.py", line 354, in execute
    return super().execute(query, params)
           ^^^^^^^^^^^^^^^^^^^^^^^^^^^^^^
django.db.utils.OperationalError: no such table: precise_bbcode_bbcodetag
Not Found: /favicon.ico
Not Found: /todo_create/
Method Not Allowed: /todolist/todo_create/
Method Not Allowed: /todolist/todo_create/
Not Found: /todolist/todo_detail/
Not Found: /todolist/1/
Method Not Allowed: /todolist/todo_create/
Not Found: /todolist/todo_detail/
Not Found: /todolist/todo_detail/1/
Not Found: /todolist/todo_delete/3/
Not Found: /todolist/todo_delete/3/
Not Found: /todo_delete/2/
Not Found: /todolist/todo_delete/2/
Method Not Allowed: /todolist/delete/2/
Method Not Allowed: /todolist/delete/2/
Not Found: /todolist/todo_detail/5/
Not Found: /todolist/5/
Not Found: /todolist/5/
Not Found: /todolist/5/
Not Found: /todo_detail/5/
Not Found: /todo_detail/5/
Not Found: /todolist/5/
Not Found: /todolist/display_form/
Not Found: /todolist/simple_form/
Internal Server Error: /todolist/simple_form/
Traceback (most recent call last):
  File "C:\Users\Беркут\Documents\PYTON STADY\ITSTEP\DJANGO_2\bboard_pyd_241\env\Lib\site-packages\django\core\handlers\exception.py", line 55, in inner
    response = get_response(request)
               ^^^^^^^^^^^^^^^^^^^^^
  File "C:\Users\Беркут\Documents\PYTON STADY\ITSTEP\DJANGO_2\bboard_pyd_241\env\Lib\site-packages\django\core\handlers\base.py", line 197, in _get_response
    response = wrapped_callback(request, *callback_args, **callback_kwargs)
               ^^^^^^^^^^^^^^^^^^^^^^^^^^^^^^^^^^^^^^^^^^^^^^^^^^^^^^^^^^^^
  File "C:\Users\Беркут\Documents\PYTON STADY\ITSTEP\DJANGO_2\bboard_pyd_241\todolist\views.py", line 70, in display_form
    return render(request, "display_form.html", {"form": form})
           ^^^^^^^^^^^^^^^^^^^^^^^^^^^^^^^^^^^^^^^^^^^^^^^^^^^^
  File "C:\Users\Беркут\Documents\PYTON STADY\ITSTEP\DJANGO_2\bboard_pyd_241\env\Lib\site-packages\django\shortcuts.py", line 25, in render
    content = loader.render_to_string(template_name, context, request, using=using)
              ^^^^^^^^^^^^^^^^^^^^^^^^^^^^^^^^^^^^^^^^^^^^^^^^^^^^^^^^^^^^^^^^^^^^^
  File "C:\Users\Беркут\Documents\PYTON STADY\ITSTEP\DJANGO_2\bboard_pyd_241\env\Lib\site-packages\django\template\loader.py", line 61, in render_to_string
    template = get_template(template_name, using=using)
               ^^^^^^^^^^^^^^^^^^^^^^^^^^^^^^^^^^^^^^^^
  File "C:\Users\Беркут\Documents\PYTON STADY\ITSTEP\DJANGO_2\bboard_pyd_241\env\Lib\site-packages\django\template\loader.py", line 19, in get_template
    raise TemplateDoesNotExist(template_name, chain=chain)
django.template.exceptions.TemplateDoesNotExist: display_form.html
Not Found: /simple_form/
Internal Server Error: /todolist/simple_form/
Traceback (most recent call last):
  File "C:\Users\Беркут\Documents\PYTON STADY\ITSTEP\DJANGO_2\bboard_pyd_241\env\Lib\site-packages\django\core\handlers\exception.py", line 55, in inner
    response = get_response(request)
               ^^^^^^^^^^^^^^^^^^^^^
  File "C:\Users\Беркут\Documents\PYTON STADY\ITSTEP\DJANGO_2\bboard_pyd_241\env\Lib\site-packages\django\core\handlers\base.py", line 197, in _get_response
    response = wrapped_callback(request, *callback_args, **callback_kwargs)
               ^^^^^^^^^^^^^^^^^^^^^^^^^^^^^^^^^^^^^^^^^^^^^^^^^^^^^^^^^^^^
  File "C:\Users\Беркут\Documents\PYTON STADY\ITSTEP\DJANGO_2\bboard_pyd_241\todolist\views.py", line 70, in display_form
    return render(request, "display_form.html", {"form": form})
           ^^^^^^^^^^^^^^^^^^^^^^^^^^^^^^^^^^^^^^^^^^^^^^^^^^^^
  File "C:\Users\Беркут\Documents\PYTON STADY\ITSTEP\DJANGO_2\bboard_pyd_241\env\Lib\site-packages\django\shortcuts.py", line 25, in render
    content = loader.render_to_string(template_name, context, request, using=using)
              ^^^^^^^^^^^^^^^^^^^^^^^^^^^^^^^^^^^^^^^^^^^^^^^^^^^^^^^^^^^^^^^^^^^^^
  File "C:\Users\Беркут\Documents\PYTON STADY\ITSTEP\DJANGO_2\bboard_pyd_241\env\Lib\site-packages\django\template\loader.py", line 61, in render_to_string
    template = get_template(template_name, using=using)
               ^^^^^^^^^^^^^^^^^^^^^^^^^^^^^^^^^^^^^^^^
  File "C:\Users\Беркут\Documents\PYTON STADY\ITSTEP\DJANGO_2\bboard_pyd_241\env\Lib\site-packages\django\template\loader.py", line 19, in get_template
    raise TemplateDoesNotExist(template_name, chain=chain)
django.template.exceptions.TemplateDoesNotExist: display_form.html
Not Found: /simple_form/
Not Found: /todolist/sample_form/
Internal Server Error: /todolist/simple_form/
Traceback (most recent call last):
  File "C:\Users\Беркут\Documents\PYTON STADY\ITSTEP\DJANGO_2\bboard_pyd_241\env\Lib\site-packages\django\core\handlers\exception.py", line 55, in inner
    response = get_response(request)
               ^^^^^^^^^^^^^^^^^^^^^
  File "C:\Users\Беркут\Documents\PYTON STADY\ITSTEP\DJANGO_2\bboard_pyd_241\env\Lib\site-packages\django\core\handlers\base.py", line 197, in _get_response
    response = wrapped_callback(request, *callback_args, **callback_kwargs)
               ^^^^^^^^^^^^^^^^^^^^^^^^^^^^^^^^^^^^^^^^^^^^^^^^^^^^^^^^^^^^
  File "C:\Users\Беркут\Documents\PYTON STADY\ITSTEP\DJANGO_2\bboard_pyd_241\todolist\views.py", line 70, in display_form
    return render(request, "display_form.html", {"form": form})
           ^^^^^^^^^^^^^^^^^^^^^^^^^^^^^^^^^^^^^^^^^^^^^^^^^^^^
  File "C:\Users\Беркут\Documents\PYTON STADY\ITSTEP\DJANGO_2\bboard_pyd_241\env\Lib\site-packages\django\shortcuts.py", line 25, in render
    content = loader.render_to_string(template_name, context, request, using=using)
              ^^^^^^^^^^^^^^^^^^^^^^^^^^^^^^^^^^^^^^^^^^^^^^^^^^^^^^^^^^^^^^^^^^^^^
  File "C:\Users\Беркут\Documents\PYTON STADY\ITSTEP\DJANGO_2\bboard_pyd_241\env\Lib\site-packages\django\template\loader.py", line 61, in render_to_string
    template = get_template(template_name, using=using)
               ^^^^^^^^^^^^^^^^^^^^^^^^^^^^^^^^^^^^^^^^
  File "C:\Users\Беркут\Documents\PYTON STADY\ITSTEP\DJANGO_2\bboard_pyd_241\env\Lib\site-packages\django\template\loader.py", line 19, in get_template
    raise TemplateDoesNotExist(template_name, chain=chain)
django.template.exceptions.TemplateDoesNotExist: display_form.html
Not Found: /simple_form/
Internal Server Error: /todolist/simple_form/
Traceback (most recent call last):
  File "C:\Users\Беркут\Documents\PYTON STADY\ITSTEP\DJANGO_2\bboard_pyd_241\env\Lib\site-packages\django\core\handlers\exception.py", line 55, in inner
    response = get_response(request)
               ^^^^^^^^^^^^^^^^^^^^^
  File "C:\Users\Беркут\Documents\PYTON STADY\ITSTEP\DJANGO_2\bboard_pyd_241\env\Lib\site-packages\django\core\handlers\base.py", line 197, in _get_response
    response = wrapped_callback(request, *callback_args, **callback_kwargs)
               ^^^^^^^^^^^^^^^^^^^^^^^^^^^^^^^^^^^^^^^^^^^^^^^^^^^^^^^^^^^^
  File "C:\Users\Беркут\Documents\PYTON STADY\ITSTEP\DJANGO_2\bboard_pyd_241\todolist\views.py", line 70, in display_form
    return render(request, "display_form.html", {"form": form})
           ^^^^^^^^^^^^^^^^^^^^^^^^^^^^^^^^^^^^^^^^^^^^^^^^^^^^
  File "C:\Users\Беркут\Documents\PYTON STADY\ITSTEP\DJANGO_2\bboard_pyd_241\env\Lib\site-packages\django\shortcuts.py", line 25, in render
    content = loader.render_to_string(template_name, context, request, using=using)
              ^^^^^^^^^^^^^^^^^^^^^^^^^^^^^^^^^^^^^^^^^^^^^^^^^^^^^^^^^^^^^^^^^^^^^
  File "C:\Users\Беркут\Documents\PYTON STADY\ITSTEP\DJANGO_2\bboard_pyd_241\env\Lib\site-packages\django\template\loader.py", line 61, in render_to_string
    template = get_template(template_name, using=using)
               ^^^^^^^^^^^^^^^^^^^^^^^^^^^^^^^^^^^^^^^^
  File "C:\Users\Беркут\Documents\PYTON STADY\ITSTEP\DJANGO_2\bboard_pyd_241\env\Lib\site-packages\django\template\loader.py", line 19, in get_template
    raise TemplateDoesNotExist(template_name, chain=chain)
django.template.exceptions.TemplateDoesNotExist: display_form.html
Internal Server Error: /todolist/simple_form/
Traceback (most recent call last):
  File "C:\Users\Беркут\Documents\PYTON STADY\ITSTEP\DJANGO_2\bboard_pyd_241\env\Lib\site-packages\django\core\handlers\exception.py", line 55, in inner
    response = get_response(request)
               ^^^^^^^^^^^^^^^^^^^^^
  File "C:\Users\Беркут\Documents\PYTON STADY\ITSTEP\DJANGO_2\bboard_pyd_241\env\Lib\site-packages\django\core\handlers\base.py", line 197, in _get_response
    response = wrapped_callback(request, *callback_args, **callback_kwargs)
               ^^^^^^^^^^^^^^^^^^^^^^^^^^^^^^^^^^^^^^^^^^^^^^^^^^^^^^^^^^^^
  File "C:\Users\Беркут\Documents\PYTON STADY\ITSTEP\DJANGO_2\bboard_pyd_241\todolist\views.py", line 70, in display_form
    return render(request, "display_form.html", {"form": form})
           ^^^^^^^^^^^^^^^^^^^^^^^^^^^^^^^^^^^^^^^^^^^^^^^^^^^^
  File "C:\Users\Беркут\Documents\PYTON STADY\ITSTEP\DJANGO_2\bboard_pyd_241\env\Lib\site-packages\django\shortcuts.py", line 25, in render
    content = loader.render_to_string(template_name, context, request, using=using)
              ^^^^^^^^^^^^^^^^^^^^^^^^^^^^^^^^^^^^^^^^^^^^^^^^^^^^^^^^^^^^^^^^^^^^^
  File "C:\Users\Беркут\Documents\PYTON STADY\ITSTEP\DJANGO_2\bboard_pyd_241\env\Lib\site-packages\django\template\loader.py", line 61, in render_to_string
    template = get_template(template_name, using=using)
               ^^^^^^^^^^^^^^^^^^^^^^^^^^^^^^^^^^^^^^^^
  File "C:\Users\Беркут\Documents\PYTON STADY\ITSTEP\DJANGO_2\bboard_pyd_241\env\Lib\site-packages\django\template\loader.py", line 19, in get_template
    raise TemplateDoesNotExist(template_name, chain=chain)
django.template.exceptions.TemplateDoesNotExist: display_form.html
Not Found: /handle_form/
Internal Server Error: /todolist/handle_form/
Traceback (most recent call last):
  File "C:\Users\Беркут\Documents\PYTON STADY\ITSTEP\DJANGO_2\bboard_pyd_241\env\Lib\site-packages\django\core\handlers\exception.py", line 55, in inner
    response = get_response(request)
               ^^^^^^^^^^^^^^^^^^^^^
  File "C:\Users\Беркут\Documents\PYTON STADY\ITSTEP\DJANGO_2\bboard_pyd_241\env\Lib\site-packages\django\core\handlers\base.py", line 197, in _get_response
    response = wrapped_callback(request, *callback_args, **callback_kwargs)
               ^^^^^^^^^^^^^^^^^^^^^^^^^^^^^^^^^^^^^^^^^^^^^^^^^^^^^^^^^^^^
  File "C:\Users\Беркут\Documents\PYTON STADY\ITSTEP\DJANGO_2\bboard_pyd_241\todolist\views.py", line 84, in handle_form
    form + SimpleForm()
    ^^^^
UnboundLocalError: cannot access local variable 'form' where it is not associated with a value
Not Found: /handle_form/
Internal Server Error: /todolist/handle_form/
Traceback (most recent call last):
  File "C:\Users\Беркут\Documents\PYTON STADY\ITSTEP\DJANGO_2\bboard_pyd_241\env\Lib\site-packages\django\core\handlers\exception.py", line 55, in inner
    response = get_response(request)
               ^^^^^^^^^^^^^^^^^^^^^
  File "C:\Users\Беркут\Documents\PYTON STADY\ITSTEP\DJANGO_2\bboard_pyd_241\env\Lib\site-packages\django\core\handlers\base.py", line 197, in _get_response
    response = wrapped_callback(request, *callback_args, **callback_kwargs)
               ^^^^^^^^^^^^^^^^^^^^^^^^^^^^^^^^^^^^^^^^^^^^^^^^^^^^^^^^^^^^
  File "C:\Users\Беркут\Documents\PYTON STADY\ITSTEP\DJANGO_2\bboard_pyd_241\todolist\views.py", line 84, in handle_form
    form + SimpleForm()
    ^^^^
UnboundLocalError: cannot access local variable 'form' where it is not associated with a value
Not Found: /handle_form/
Not Found: /handle_form/
Not Found: /handle_form/
Internal Server Error: /todolist/handle_form/
Traceback (most recent call last):
  File "C:\Users\Беркут\Documents\PYTON STADY\ITSTEP\DJANGO_2\bboard_pyd_241\env\Lib\site-packages\django\core\handlers\exception.py", line 55, in inner
    response = get_response(request)
               ^^^^^^^^^^^^^^^^^^^^^
  File "C:\Users\Беркут\Documents\PYTON STADY\ITSTEP\DJANGO_2\bboard_pyd_241\env\Lib\site-packages\django\core\handlers\base.py", line 197, in _get_response
    response = wrapped_callback(request, *callback_args, **callback_kwargs)
               ^^^^^^^^^^^^^^^^^^^^^^^^^^^^^^^^^^^^^^^^^^^^^^^^^^^^^^^^^^^^
  File "C:\Users\Беркут\Documents\PYTON STADY\ITSTEP\DJANGO_2\bboard_pyd_241\todolist\views.py", line 84, in handle_form
    form + SimpleForm()
    ^^^^
UnboundLocalError: cannot access local variable 'form' where it is not associated with a value
Not Found: /simple_form/
Not Found: /simple_form/
Internal Server Error: /todolist/simple_form/
Traceback (most recent call last):
  File "C:\Users\Беркут\Documents\PYTON STADY\ITSTEP\DJANGO_2\bboard_pyd_241\env\Lib\site-packages\django\core\handlers\exception.py", line 55, in inner
    response = get_response(request)
               ^^^^^^^^^^^^^^^^^^^^^
  File "C:\Users\Беркут\Documents\PYTON STADY\ITSTEP\DJANGO_2\bboard_pyd_241\env\Lib\site-packages\django\core\handlers\base.py", line 197, in _get_response
    response = wrapped_callback(request, *callback_args, **callback_kwargs)
               ^^^^^^^^^^^^^^^^^^^^^^^^^^^^^^^^^^^^^^^^^^^^^^^^^^^^^^^^^^^^
  File "C:\Users\Беркут\Documents\PYTON STADY\ITSTEP\DJANGO_2\bboard_pyd_241\todolist\views.py", line 70, in display_form
    return render(request, "display_form.html", {"form": form})
           ^^^^^^^^^^^^^^^^^^^^^^^^^^^^^^^^^^^^^^^^^^^^^^^^^^^^
  File "C:\Users\Беркут\Documents\PYTON STADY\ITSTEP\DJANGO_2\bboard_pyd_241\env\Lib\site-packages\django\shortcuts.py", line 25, in render
    content = loader.render_to_string(template_name, context, request, using=using)
              ^^^^^^^^^^^^^^^^^^^^^^^^^^^^^^^^^^^^^^^^^^^^^^^^^^^^^^^^^^^^^^^^^^^^^
  File "C:\Users\Беркут\Documents\PYTON STADY\ITSTEP\DJANGO_2\bboard_pyd_241\env\Lib\site-packages\django\template\loader.py", line 61, in render_to_string
    template = get_template(template_name, using=using)
               ^^^^^^^^^^^^^^^^^^^^^^^^^^^^^^^^^^^^^^^^
  File "C:\Users\Беркут\Documents\PYTON STADY\ITSTEP\DJANGO_2\bboard_pyd_241\env\Lib\site-packages\django\template\loader.py", line 19, in get_template
    raise TemplateDoesNotExist(template_name, chain=chain)
django.template.exceptions.TemplateDoesNotExist: display_form.html
Internal Server Error: /todolist/simple_form/
Traceback (most recent call last):
  File "C:\Users\Беркут\Documents\PYTON STADY\ITSTEP\DJANGO_2\bboard_pyd_241\env\Lib\site-packages\django\core\handlers\exception.py", line 55, in inner
    response = get_response(request)
               ^^^^^^^^^^^^^^^^^^^^^
  File "C:\Users\Беркут\Documents\PYTON STADY\ITSTEP\DJANGO_2\bboard_pyd_241\env\Lib\site-packages\django\core\handlers\base.py", line 197, in _get_response
    response = wrapped_callback(request, *callback_args, **callback_kwargs)
               ^^^^^^^^^^^^^^^^^^^^^^^^^^^^^^^^^^^^^^^^^^^^^^^^^^^^^^^^^^^^
  File "C:\Users\Беркут\Documents\PYTON STADY\ITSTEP\DJANGO_2\bboard_pyd_241\todolist\views.py", line 70, in display_form
    return render(request, "display_form.html", {"form": form})
           ^^^^^^^^^^^^^^^^^^^^^^^^^^^^^^^^^^^^^^^^^^^^^^^^^^^^
  File "C:\Users\Беркут\Documents\PYTON STADY\ITSTEP\DJANGO_2\bboard_pyd_241\env\Lib\site-packages\django\shortcuts.py", line 25, in render
    content = loader.render_to_string(template_name, context, request, using=using)
              ^^^^^^^^^^^^^^^^^^^^^^^^^^^^^^^^^^^^^^^^^^^^^^^^^^^^^^^^^^^^^^^^^^^^^
  File "C:\Users\Беркут\Documents\PYTON STADY\ITSTEP\DJANGO_2\bboard_pyd_241\env\Lib\site-packages\django\template\loader.py", line 61, in render_to_string
    template = get_template(template_name, using=using)
               ^^^^^^^^^^^^^^^^^^^^^^^^^^^^^^^^^^^^^^^^
  File "C:\Users\Беркут\Documents\PYTON STADY\ITSTEP\DJANGO_2\bboard_pyd_241\env\Lib\site-packages\django\template\loader.py", line 19, in get_template
    raise TemplateDoesNotExist(template_name, chain=chain)
django.template.exceptions.TemplateDoesNotExist: display_form.html
Not Found: /todolist/display_form/
Not Found: /display_form/
Not Found: /handle_form/
Not Found: /handle_form/
Internal Server Error: /todolist/handle_form/
Traceback (most recent call last):
  File "C:\Users\Беркут\Documents\PYTON STADY\ITSTEP\DJANGO_2\bboard_pyd_241\env\Lib\site-packages\django\core\handlers\exception.py", line 55, in inner
    response = get_response(request)
               ^^^^^^^^^^^^^^^^^^^^^
  File "C:\Users\Беркут\Documents\PYTON STADY\ITSTEP\DJANGO_2\bboard_pyd_241\env\Lib\site-packages\django\core\handlers\base.py", line 197, in _get_response
    response = wrapped_callback(request, *callback_args, **callback_kwargs)
               ^^^^^^^^^^^^^^^^^^^^^^^^^^^^^^^^^^^^^^^^^^^^^^^^^^^^^^^^^^^^
  File "C:\Users\Беркут\Documents\PYTON STADY\ITSTEP\DJANGO_2\bboard_pyd_241\todolist\views.py", line 84, in handle_form
    form =+ SimpleForm()
          ^^^^^^^^^^^^^^
TypeError: bad operand type for unary +: 'SimpleForm'
Internal Server Error: /todolist/handle_form/
Traceback (most recent call last):
  File "C:\Users\Беркут\Documents\PYTON STADY\ITSTEP\DJANGO_2\bboard_pyd_241\env\Lib\site-packages\django\core\handlers\exception.py", line 55, in inner
    response = get_response(request)
               ^^^^^^^^^^^^^^^^^^^^^
  File "C:\Users\Беркут\Documents\PYTON STADY\ITSTEP\DJANGO_2\bboard_pyd_241\env\Lib\site-packages\django\core\handlers\base.py", line 197, in _get_response
    response = wrapped_callback(request, *callback_args, **callback_kwargs)
               ^^^^^^^^^^^^^^^^^^^^^^^^^^^^^^^^^^^^^^^^^^^^^^^^^^^^^^^^^^^^
  File "C:\Users\Беркут\Documents\PYTON STADY\ITSTEP\DJANGO_2\bboard_pyd_241\todolist\views.py", line 84, in handle_form
    form =+ SimpleForm()
          ^^^^^^^^^^^^^^
TypeError: bad operand type for unary +: 'SimpleForm'
Internal Server Error: /todolist/handle_form/
Traceback (most recent call last):
  File "C:\Users\Беркут\Documents\PYTON STADY\ITSTEP\DJANGO_2\bboard_pyd_241\env\Lib\site-packages\django\core\handlers\exception.py", line 55, in inner
    response = get_response(request)
               ^^^^^^^^^^^^^^^^^^^^^
  File "C:\Users\Беркут\Documents\PYTON STADY\ITSTEP\DJANGO_2\bboard_pyd_241\env\Lib\site-packages\django\core\handlers\base.py", line 197, in _get_response
    response = wrapped_callback(request, *callback_args, **callback_kwargs)
               ^^^^^^^^^^^^^^^^^^^^^^^^^^^^^^^^^^^^^^^^^^^^^^^^^^^^^^^^^^^^
  File "C:\Users\Беркут\Documents\PYTON STADY\ITSTEP\DJANGO_2\bboard_pyd_241\todolist\views.py", line 85, in handle_form
    return render(request, "display_form.html", {"form": form})
           ^^^^^^^^^^^^^^^^^^^^^^^^^^^^^^^^^^^^^^^^^^^^^^^^^^^^
  File "C:\Users\Беркут\Documents\PYTON STADY\ITSTEP\DJANGO_2\bboard_pyd_241\env\Lib\site-packages\django\shortcuts.py", line 25, in render
    content = loader.render_to_string(template_name, context, request, using=using)
              ^^^^^^^^^^^^^^^^^^^^^^^^^^^^^^^^^^^^^^^^^^^^^^^^^^^^^^^^^^^^^^^^^^^^^
  File "C:\Users\Беркут\Documents\PYTON STADY\ITSTEP\DJANGO_2\bboard_pyd_241\env\Lib\site-packages\django\template\loader.py", line 61, in render_to_string
    template = get_template(template_name, using=using)
               ^^^^^^^^^^^^^^^^^^^^^^^^^^^^^^^^^^^^^^^^
  File "C:\Users\Беркут\Documents\PYTON STADY\ITSTEP\DJANGO_2\bboard_pyd_241\env\Lib\site-packages\django\template\loader.py", line 19, in get_template
    raise TemplateDoesNotExist(template_name, chain=chain)
django.template.exceptions.TemplateDoesNotExist: display_form.html
Not Found: /handle_form/
Not Found: /handle_form/
Internal Server Error: /todolist/simple_form/
Traceback (most recent call last):
  File "C:\Users\Беркут\Documents\PYTON STADY\ITSTEP\DJANGO_2\bboard_pyd_241\env\Lib\site-packages\django\core\handlers\exception.py", line 55, in inner
    response = get_response(request)
               ^^^^^^^^^^^^^^^^^^^^^
  File "C:\Users\Беркут\Documents\PYTON STADY\ITSTEP\DJANGO_2\bboard_pyd_241\env\Lib\site-packages\django\core\handlers\base.py", line 197, in _get_response
    response = wrapped_callback(request, *callback_args, **callback_kwargs)
               ^^^^^^^^^^^^^^^^^^^^^^^^^^^^^^^^^^^^^^^^^^^^^^^^^^^^^^^^^^^^
  File "C:\Users\Беркут\Documents\PYTON STADY\ITSTEP\DJANGO_2\bboard_pyd_241\todolist\views.py", line 70, in display_form
    return render(request, "display_form.html", {"form": form})
           ^^^^^^^^^^^^^^^^^^^^^^^^^^^^^^^^^^^^^^^^^^^^^^^^^^^^
  File "C:\Users\Беркут\Documents\PYTON STADY\ITSTEP\DJANGO_2\bboard_pyd_241\env\Lib\site-packages\django\shortcuts.py", line 25, in render
    content = loader.render_to_string(template_name, context, request, using=using)
              ^^^^^^^^^^^^^^^^^^^^^^^^^^^^^^^^^^^^^^^^^^^^^^^^^^^^^^^^^^^^^^^^^^^^^
  File "C:\Users\Беркут\Documents\PYTON STADY\ITSTEP\DJANGO_2\bboard_pyd_241\env\Lib\site-packages\django\template\loader.py", line 61, in render_to_string
    template = get_template(template_name, using=using)
               ^^^^^^^^^^^^^^^^^^^^^^^^^^^^^^^^^^^^^^^^
  File "C:\Users\Беркут\Documents\PYTON STADY\ITSTEP\DJANGO_2\bboard_pyd_241\env\Lib\site-packages\django\template\loader.py", line 19, in get_template
    raise TemplateDoesNotExist(template_name, chain=chain)
django.template.exceptions.TemplateDoesNotExist: display_form.html
Internal Server Error: /todolist/simple_form/
Traceback (most recent call last):
  File "C:\Users\Беркут\Documents\PYTON STADY\ITSTEP\DJANGO_2\bboard_pyd_241\env\Lib\site-packages\django\core\handlers\exception.py", line 55, in inner
    response = get_response(request)
               ^^^^^^^^^^^^^^^^^^^^^
  File "C:\Users\Беркут\Documents\PYTON STADY\ITSTEP\DJANGO_2\bboard_pyd_241\env\Lib\site-packages\django\core\handlers\base.py", line 197, in _get_response
    response = wrapped_callback(request, *callback_args, **callback_kwargs)
               ^^^^^^^^^^^^^^^^^^^^^^^^^^^^^^^^^^^^^^^^^^^^^^^^^^^^^^^^^^^^
  File "C:\Users\Беркут\Documents\PYTON STADY\ITSTEP\DJANGO_2\bboard_pyd_241\todolist\views.py", line 70, in display_form
    return render(request, "display_form.html", {"form": form})
           ^^^^^^^^^^^^^^^^^^^^^^^^^^^^^^^^^^^^^^^^^^^^^^^^^^^^
  File "C:\Users\Беркут\Documents\PYTON STADY\ITSTEP\DJANGO_2\bboard_pyd_241\env\Lib\site-packages\django\shortcuts.py", line 25, in render
    content = loader.render_to_string(template_name, context, request, using=using)
              ^^^^^^^^^^^^^^^^^^^^^^^^^^^^^^^^^^^^^^^^^^^^^^^^^^^^^^^^^^^^^^^^^^^^^
  File "C:\Users\Беркут\Documents\PYTON STADY\ITSTEP\DJANGO_2\bboard_pyd_241\env\Lib\site-packages\django\template\loader.py", line 61, in render_to_string
    template = get_template(template_name, using=using)
               ^^^^^^^^^^^^^^^^^^^^^^^^^^^^^^^^^^^^^^^^
  File "C:\Users\Беркут\Documents\PYTON STADY\ITSTEP\DJANGO_2\bboard_pyd_241\env\Lib\site-packages\django\template\loader.py", line 19, in get_template
    raise TemplateDoesNotExist(template_name, chain=chain)
django.template.exceptions.TemplateDoesNotExist: display_form.html
Not Found: /simple_form/
Not Found: /simple_form/
Internal Server Error: /todolist/simple_form/
Traceback (most recent call last):
  File "C:\Users\Беркут\Documents\PYTON STADY\ITSTEP\DJANGO_2\bboard_pyd_241\env\Lib\site-packages\django\core\handlers\exception.py", line 55, in inner
    response = get_response(request)
               ^^^^^^^^^^^^^^^^^^^^^
  File "C:\Users\Беркут\Documents\PYTON STADY\ITSTEP\DJANGO_2\bboard_pyd_241\env\Lib\site-packages\django\core\handlers\base.py", line 197, in _get_response
    response = wrapped_callback(request, *callback_args, **callback_kwargs)
               ^^^^^^^^^^^^^^^^^^^^^^^^^^^^^^^^^^^^^^^^^^^^^^^^^^^^^^^^^^^^
  File "C:\Users\Беркут\Documents\PYTON STADY\ITSTEP\DJANGO_2\bboard_pyd_241\todolist\views.py", line 70, in display_form
    return render(request, "display_form.html", {"form": form})
           ^^^^^^^^^^^^^^^^^^^^^^^^^^^^^^^^^^^^^^^^^^^^^^^^^^^^
  File "C:\Users\Беркут\Documents\PYTON STADY\ITSTEP\DJANGO_2\bboard_pyd_241\env\Lib\site-packages\django\shortcuts.py", line 25, in render
    content = loader.render_to_string(template_name, context, request, using=using)
              ^^^^^^^^^^^^^^^^^^^^^^^^^^^^^^^^^^^^^^^^^^^^^^^^^^^^^^^^^^^^^^^^^^^^^
  File "C:\Users\Беркут\Documents\PYTON STADY\ITSTEP\DJANGO_2\bboard_pyd_241\env\Lib\site-packages\django\template\loader.py", line 61, in render_to_string
    template = get_template(template_name, using=using)
               ^^^^^^^^^^^^^^^^^^^^^^^^^^^^^^^^^^^^^^^^
  File "C:\Users\Беркут\Documents\PYTON STADY\ITSTEP\DJANGO_2\bboard_pyd_241\env\Lib\site-packages\django\template\loader.py", line 19, in get_template
    raise TemplateDoesNotExist(template_name, chain=chain)
django.template.exceptions.TemplateDoesNotExist: display_form.html
Internal Server Error: /todolist/simple_form/
Traceback (most recent call last):
  File "C:\Users\Беркут\Documents\PYTON STADY\ITSTEP\DJANGO_2\bboard_pyd_241\env\Lib\site-packages\django\core\handlers\exception.py", line 55, in inner
    response = get_response(request)
               ^^^^^^^^^^^^^^^^^^^^^
  File "C:\Users\Беркут\Documents\PYTON STADY\ITSTEP\DJANGO_2\bboard_pyd_241\env\Lib\site-packages\django\core\handlers\base.py", line 197, in _get_response
    response = wrapped_callback(request, *callback_args, **callback_kwargs)
               ^^^^^^^^^^^^^^^^^^^^^^^^^^^^^^^^^^^^^^^^^^^^^^^^^^^^^^^^^^^^
  File "C:\Users\Беркут\Documents\PYTON STADY\ITSTEP\DJANGO_2\bboard_pyd_241\todolist\views.py", line 70, in display_form
    return render(request, "display_form.html", {"form": form})
           ^^^^^^^^^^^^^^^^^^^^^^^^^^^^^^^^^^^^^^^^^^^^^^^^^^^^
  File "C:\Users\Беркут\Documents\PYTON STADY\ITSTEP\DJANGO_2\bboard_pyd_241\env\Lib\site-packages\django\shortcuts.py", line 25, in render
    content = loader.render_to_string(template_name, context, request, using=using)
              ^^^^^^^^^^^^^^^^^^^^^^^^^^^^^^^^^^^^^^^^^^^^^^^^^^^^^^^^^^^^^^^^^^^^^
  File "C:\Users\Беркут\Documents\PYTON STADY\ITSTEP\DJANGO_2\bboard_pyd_241\env\Lib\site-packages\django\template\loader.py", line 61, in render_to_string
    template = get_template(template_name, using=using)
               ^^^^^^^^^^^^^^^^^^^^^^^^^^^^^^^^^^^^^^^^
  File "C:\Users\Беркут\Documents\PYTON STADY\ITSTEP\DJANGO_2\bboard_pyd_241\env\Lib\site-packages\django\template\loader.py", line 19, in get_template
    raise TemplateDoesNotExist(template_name, chain=chain)
django.template.exceptions.TemplateDoesNotExist: display_form.html
Internal Server Error: /todolist/handle_form/
Traceback (most recent call last):
  File "C:\Users\Беркут\Documents\PYTON STADY\ITSTEP\DJANGO_2\bboard_pyd_241\env\Lib\site-packages\django\core\handlers\exception.py", line 55, in inner
    response = get_response(request)
               ^^^^^^^^^^^^^^^^^^^^^
  File "C:\Users\Беркут\Documents\PYTON STADY\ITSTEP\DJANGO_2\bboard_pyd_241\env\Lib\site-packages\django\core\handlers\base.py", line 197, in _get_response
    response = wrapped_callback(request, *callback_args, **callback_kwargs)
               ^^^^^^^^^^^^^^^^^^^^^^^^^^^^^^^^^^^^^^^^^^^^^^^^^^^^^^^^^^^^
  File "C:\Users\Беркут\Documents\PYTON STADY\ITSTEP\DJANGO_2\bboard_pyd_241\todolist\views.py", line 85, in handle_form
    return render(request, "display_form.html", {"form": form})
           ^^^^^^^^^^^^^^^^^^^^^^^^^^^^^^^^^^^^^^^^^^^^^^^^^^^^
  File "C:\Users\Беркут\Documents\PYTON STADY\ITSTEP\DJANGO_2\bboard_pyd_241\env\Lib\site-packages\django\shortcuts.py", line 25, in render
    content = loader.render_to_string(template_name, context, request, using=using)
              ^^^^^^^^^^^^^^^^^^^^^^^^^^^^^^^^^^^^^^^^^^^^^^^^^^^^^^^^^^^^^^^^^^^^^
  File "C:\Users\Беркут\Documents\PYTON STADY\ITSTEP\DJANGO_2\bboard_pyd_241\env\Lib\site-packages\django\template\loader.py", line 61, in render_to_string
    template = get_template(template_name, using=using)
               ^^^^^^^^^^^^^^^^^^^^^^^^^^^^^^^^^^^^^^^^
  File "C:\Users\Беркут\Documents\PYTON STADY\ITSTEP\DJANGO_2\bboard_pyd_241\env\Lib\site-packages\django\template\loader.py", line 19, in get_template
    raise TemplateDoesNotExist(template_name, chain=chain)
django.template.exceptions.TemplateDoesNotExist: display_form.html
Internal Server Error: /todolist/handle_form/
Traceback (most recent call last):
  File "C:\Users\Беркут\Documents\PYTON STADY\ITSTEP\DJANGO_2\bboard_pyd_241\env\Lib\site-packages\django\core\handlers\exception.py", line 55, in inner
    response = get_response(request)
               ^^^^^^^^^^^^^^^^^^^^^
  File "C:\Users\Беркут\Documents\PYTON STADY\ITSTEP\DJANGO_2\bboard_pyd_241\env\Lib\site-packages\django\core\handlers\base.py", line 197, in _get_response
    response = wrapped_callback(request, *callback_args, **callback_kwargs)
               ^^^^^^^^^^^^^^^^^^^^^^^^^^^^^^^^^^^^^^^^^^^^^^^^^^^^^^^^^^^^
  File "C:\Users\Беркут\Documents\PYTON STADY\ITSTEP\DJANGO_2\bboard_pyd_241\todolist\views.py", line 85, in handle_form
    return render(request, "display_form.html", {"form": form})
           ^^^^^^^^^^^^^^^^^^^^^^^^^^^^^^^^^^^^^^^^^^^^^^^^^^^^
  File "C:\Users\Беркут\Documents\PYTON STADY\ITSTEP\DJANGO_2\bboard_pyd_241\env\Lib\site-packages\django\shortcuts.py", line 25, in render
    content = loader.render_to_string(template_name, context, request, using=using)
              ^^^^^^^^^^^^^^^^^^^^^^^^^^^^^^^^^^^^^^^^^^^^^^^^^^^^^^^^^^^^^^^^^^^^^
  File "C:\Users\Беркут\Documents\PYTON STADY\ITSTEP\DJANGO_2\bboard_pyd_241\env\Lib\site-packages\django\template\loader.py", line 61, in render_to_string
    template = get_template(template_name, using=using)
               ^^^^^^^^^^^^^^^^^^^^^^^^^^^^^^^^^^^^^^^^
  File "C:\Users\Беркут\Documents\PYTON STADY\ITSTEP\DJANGO_2\bboard_pyd_241\env\Lib\site-packages\django\template\loader.py", line 19, in get_template
    raise TemplateDoesNotExist(template_name, chain=chain)
django.template.exceptions.TemplateDoesNotExist: display_form.html
Not Found: /favicon.ico
Internal Server Error: /todolist/simple_form/
Traceback (most recent call last):
  File "C:\Users\Беркут\Documents\PYTON STADY\ITSTEP\DJANGO_2\bboard_pyd_241\env\Lib\site-packages\django\core\handlers\exception.py", line 55, in inner
    response = get_response(request)
               ^^^^^^^^^^^^^^^^^^^^^
  File "C:\Users\Беркут\Documents\PYTON STADY\ITSTEP\DJANGO_2\bboard_pyd_241\env\Lib\site-packages\django\core\handlers\base.py", line 197, in _get_response
    response = wrapped_callback(request, *callback_args, **callback_kwargs)
               ^^^^^^^^^^^^^^^^^^^^^^^^^^^^^^^^^^^^^^^^^^^^^^^^^^^^^^^^^^^^
  File "C:\Users\Беркут\Documents\PYTON STADY\ITSTEP\DJANGO_2\bboard_pyd_241\todolist\views.py", line 70, in simple_form
    return render(request, "simple_form.html", {"form": form})
           ^^^^^^^^^^^^^^^^^^^^^^^^^^^^^^^^^^^^^^^^^^^^^^^^^^^
  File "C:\Users\Беркут\Documents\PYTON STADY\ITSTEP\DJANGO_2\bboard_pyd_241\env\Lib\site-packages\django\shortcuts.py", line 25, in render
    content = loader.render_to_string(template_name, context, request, using=using)
              ^^^^^^^^^^^^^^^^^^^^^^^^^^^^^^^^^^^^^^^^^^^^^^^^^^^^^^^^^^^^^^^^^^^^^
  File "C:\Users\Беркут\Documents\PYTON STADY\ITSTEP\DJANGO_2\bboard_pyd_241\env\Lib\site-packages\django\template\loader.py", line 61, in render_to_string
    template = get_template(template_name, using=using)
               ^^^^^^^^^^^^^^^^^^^^^^^^^^^^^^^^^^^^^^^^
  File "C:\Users\Беркут\Documents\PYTON STADY\ITSTEP\DJANGO_2\bboard_pyd_241\env\Lib\site-packages\django\template\loader.py", line 19, in get_template
    raise TemplateDoesNotExist(template_name, chain=chain)
django.template.exceptions.TemplateDoesNotExist: simple_form.html
Internal Server Error: /todolist/simple_form/
Traceback (most recent call last):
  File "C:\Users\Беркут\Documents\PYTON STADY\ITSTEP\DJANGO_2\bboard_pyd_241\env\Lib\site-packages\django\core\handlers\exception.py", line 55, in inner
    response = get_response(request)
               ^^^^^^^^^^^^^^^^^^^^^
  File "C:\Users\Беркут\Documents\PYTON STADY\ITSTEP\DJANGO_2\bboard_pyd_241\env\Lib\site-packages\django\core\handlers\base.py", line 197, in _get_response
    response = wrapped_callback(request, *callback_args, **callback_kwargs)
               ^^^^^^^^^^^^^^^^^^^^^^^^^^^^^^^^^^^^^^^^^^^^^^^^^^^^^^^^^^^^
  File "C:\Users\Беркут\Documents\PYTON STADY\ITSTEP\DJANGO_2\bboard_pyd_241\todolist\views.py", line 70, in simple_form
    return render(request, "simple_form.html", {"form": form})
           ^^^^^^^^^^^^^^^^^^^^^^^^^^^^^^^^^^^^^^^^^^^^^^^^^^^
  File "C:\Users\Беркут\Documents\PYTON STADY\ITSTEP\DJANGO_2\bboard_pyd_241\env\Lib\site-packages\django\shortcuts.py", line 25, in render
    content = loader.render_to_string(template_name, context, request, using=using)
              ^^^^^^^^^^^^^^^^^^^^^^^^^^^^^^^^^^^^^^^^^^^^^^^^^^^^^^^^^^^^^^^^^^^^^
  File "C:\Users\Беркут\Documents\PYTON STADY\ITSTEP\DJANGO_2\bboard_pyd_241\env\Lib\site-packages\django\template\loader.py", line 61, in render_to_string
    template = get_template(template_name, using=using)
               ^^^^^^^^^^^^^^^^^^^^^^^^^^^^^^^^^^^^^^^^
  File "C:\Users\Беркут\Documents\PYTON STADY\ITSTEP\DJANGO_2\bboard_pyd_241\env\Lib\site-packages\django\template\loader.py", line 19, in get_template
    raise TemplateDoesNotExist(template_name, chain=chain)
django.template.exceptions.TemplateDoesNotExist: simple_form.html
Not Found: /simple_form/
Not Found: /handle_form/
Internal Server Error: /todolist/handle_form/
Traceback (most recent call last):
  File "C:\Users\Беркут\Documents\PYTON STADY\ITSTEP\DJANGO_2\bboard_pyd_241\env\Lib\site-packages\django\core\handlers\exception.py", line 55, in inner
    response = get_response(request)
               ^^^^^^^^^^^^^^^^^^^^^
  File "C:\Users\Беркут\Documents\PYTON STADY\ITSTEP\DJANGO_2\bboard_pyd_241\env\Lib\site-packages\django\core\handlers\base.py", line 197, in _get_response
    response = wrapped_callback(request, *callback_args, **callback_kwargs)
               ^^^^^^^^^^^^^^^^^^^^^^^^^^^^^^^^^^^^^^^^^^^^^^^^^^^^^^^^^^^^
  File "C:\Users\Беркут\Documents\PYTON STADY\ITSTEP\DJANGO_2\bboard_pyd_241\todolist\views.py", line 85, in handle_form
    return render(request, "simple_form.html", {"form": form})
           ^^^^^^^^^^^^^^^^^^^^^^^^^^^^^^^^^^^^^^^^^^^^^^^^^^^
  File "C:\Users\Беркут\Documents\PYTON STADY\ITSTEP\DJANGO_2\bboard_pyd_241\env\Lib\site-packages\django\shortcuts.py", line 25, in render
    content = loader.render_to_string(template_name, context, request, using=using)
              ^^^^^^^^^^^^^^^^^^^^^^^^^^^^^^^^^^^^^^^^^^^^^^^^^^^^^^^^^^^^^^^^^^^^^
  File "C:\Users\Беркут\Documents\PYTON STADY\ITSTEP\DJANGO_2\bboard_pyd_241\env\Lib\site-packages\django\template\loader.py", line 61, in render_to_string
    template = get_template(template_name, using=using)
               ^^^^^^^^^^^^^^^^^^^^^^^^^^^^^^^^^^^^^^^^
  File "C:\Users\Беркут\Documents\PYTON STADY\ITSTEP\DJANGO_2\bboard_pyd_241\env\Lib\site-packages\django\template\loader.py", line 19, in get_template
    raise TemplateDoesNotExist(template_name, chain=chain)
django.template.exceptions.TemplateDoesNotExist: simple_form.html
Internal Server Error: /todolist/handle_form/
Traceback (most recent call last):
  File "C:\Users\Беркут\Documents\PYTON STADY\ITSTEP\DJANGO_2\bboard_pyd_241\env\Lib\site-packages\django\core\handlers\exception.py", line 55, in inner
    response = get_response(request)
               ^^^^^^^^^^^^^^^^^^^^^
  File "C:\Users\Беркут\Documents\PYTON STADY\ITSTEP\DJANGO_2\bboard_pyd_241\env\Lib\site-packages\django\core\handlers\base.py", line 197, in _get_response
    response = wrapped_callback(request, *callback_args, **callback_kwargs)
               ^^^^^^^^^^^^^^^^^^^^^^^^^^^^^^^^^^^^^^^^^^^^^^^^^^^^^^^^^^^^
  File "C:\Users\Беркут\Documents\PYTON STADY\ITSTEP\DJANGO_2\bboard_pyd_241\todolist\views.py", line 85, in handle_form
    return render(request, "simple_form.html", {"form": form})
           ^^^^^^^^^^^^^^^^^^^^^^^^^^^^^^^^^^^^^^^^^^^^^^^^^^^
  File "C:\Users\Беркут\Documents\PYTON STADY\ITSTEP\DJANGO_2\bboard_pyd_241\env\Lib\site-packages\django\shortcuts.py", line 25, in render
    content = loader.render_to_string(template_name, context, request, using=using)
              ^^^^^^^^^^^^^^^^^^^^^^^^^^^^^^^^^^^^^^^^^^^^^^^^^^^^^^^^^^^^^^^^^^^^^
  File "C:\Users\Беркут\Documents\PYTON STADY\ITSTEP\DJANGO_2\bboard_pyd_241\env\Lib\site-packages\django\template\loader.py", line 61, in render_to_string
    template = get_template(template_name, using=using)
               ^^^^^^^^^^^^^^^^^^^^^^^^^^^^^^^^^^^^^^^^
  File "C:\Users\Беркут\Documents\PYTON STADY\ITSTEP\DJANGO_2\bboard_pyd_241\env\Lib\site-packages\django\template\loader.py", line 19, in get_template
    raise TemplateDoesNotExist(template_name, chain=chain)
django.template.exceptions.TemplateDoesNotExist: simple_form.html
Not Found: /favicon.ico
Internal Server Error: /rubrics/
Traceback (most recent call last):
  File "C:\Users\Беркут\Documents\PYTON STADY\ITSTEP\DJANGO_2\bboard_pyd_241\env\Lib\site-packages\django\template\base.py", line 510, in parse
    compile_func = self.tags[command]
                   ~~~~~~~~~^^^^^^^^^
KeyError: 'bootsrap_formset'

During handling of the above exception, another exception occurred:

Traceback (most recent call last):
  File "C:\Users\Беркут\Documents\PYTON STADY\ITSTEP\DJANGO_2\bboard_pyd_241\env\Lib\site-packages\django\core\handlers\exception.py", line 55, in inner
    response = get_response(request)
               ^^^^^^^^^^^^^^^^^^^^^
  File "C:\Users\Беркут\Documents\PYTON STADY\ITSTEP\DJANGO_2\bboard_pyd_241\env\Lib\site-packages\django\core\handlers\base.py", line 197, in _get_response
    response = wrapped_callback(request, *callback_args, **callback_kwargs)
               ^^^^^^^^^^^^^^^^^^^^^^^^^^^^^^^^^^^^^^^^^^^^^^^^^^^^^^^^^^^^
  File "C:\Users\Беркут\Documents\PYTON STADY\ITSTEP\DJANGO_2\bboard_pyd_241\env\Lib\site-packages\django\contrib\auth\decorators.py", line 60, in _view_wrapper
    return view_func(request, *args, **kwargs)
           ^^^^^^^^^^^^^^^^^^^^^^^^^^^^^^^^^^^
  File "C:\Users\Беркут\Documents\PYTON STADY\ITSTEP\DJANGO_2\bboard_pyd_241\env\Lib\site-packages\django\contrib\auth\decorators.py", line 60, in _view_wrapper
    return view_func(request, *args, **kwargs)
           ^^^^^^^^^^^^^^^^^^^^^^^^^^^^^^^^^^^
  File "C:\Users\Беркут\Documents\PYTON STADY\ITSTEP\DJANGO_2\bboard_pyd_241\bboard\views.py", line 258, in rubrics
    return render(request, 'bboard/rubrics.html', context)
           ^^^^^^^^^^^^^^^^^^^^^^^^^^^^^^^^^^^^^^^^^^^^^^^
  File "C:\Users\Беркут\Documents\PYTON STADY\ITSTEP\DJANGO_2\bboard_pyd_241\env\Lib\site-packages\django\shortcuts.py", line 25, in render
    content = loader.render_to_string(template_name, context, request, using=using)
              ^^^^^^^^^^^^^^^^^^^^^^^^^^^^^^^^^^^^^^^^^^^^^^^^^^^^^^^^^^^^^^^^^^^^^
  File "C:\Users\Беркут\Documents\PYTON STADY\ITSTEP\DJANGO_2\bboard_pyd_241\env\Lib\site-packages\django\template\loader.py", line 61, in render_to_string
    template = get_template(template_name, using=using)
               ^^^^^^^^^^^^^^^^^^^^^^^^^^^^^^^^^^^^^^^^
  File "C:\Users\Беркут\Documents\PYTON STADY\ITSTEP\DJANGO_2\bboard_pyd_241\env\Lib\site-packages\django\template\loader.py", line 15, in get_template
    return engine.get_template(template_name)
           ^^^^^^^^^^^^^^^^^^^^^^^^^^^^^^^^^^
  File "C:\Users\Беркут\Documents\PYTON STADY\ITSTEP\DJANGO_2\bboard_pyd_241\env\Lib\site-packages\django\template\backends\django.py", line 79, in get_template
    return Template(self.engine.get_template(template_name), self)
                    ^^^^^^^^^^^^^^^^^^^^^^^^^^^^^^^^^^^^^^^
  File "C:\Users\Беркут\Documents\PYTON STADY\ITSTEP\DJANGO_2\bboard_pyd_241\env\Lib\site-packages\django\template\engine.py", line 177, in get_template
    template, origin = self.find_template(template_name)
                       ^^^^^^^^^^^^^^^^^^^^^^^^^^^^^^^^^
  File "C:\Users\Беркут\Documents\PYTON STADY\ITSTEP\DJANGO_2\bboard_pyd_241\env\Lib\site-packages\django\template\engine.py", line 159, in find_template
    template = loader.get_template(name, skip=skip)
               ^^^^^^^^^^^^^^^^^^^^^^^^^^^^^^^^^^^^
  File "C:\Users\Беркут\Documents\PYTON STADY\ITSTEP\DJANGO_2\bboard_pyd_241\env\Lib\site-packages\django\template\loaders\cached.py", line 57, in get_template
    template = super().get_template(template_name, skip)
               ^^^^^^^^^^^^^^^^^^^^^^^^^^^^^^^^^^^^^^^^^
  File "C:\Users\Беркут\Documents\PYTON STADY\ITSTEP\DJANGO_2\bboard_pyd_241\env\Lib\site-packages\django\template\loaders\base.py", line 28, in get_template
    return Template(
           ^^^^^^^^^
  File "C:\Users\Беркут\Documents\PYTON STADY\ITSTEP\DJANGO_2\bboard_pyd_241\env\Lib\site-packages\django\template\base.py", line 154, in __init__
    self.nodelist = self.compile_nodelist()
                    ^^^^^^^^^^^^^^^^^^^^^^^
  File "C:\Users\Беркут\Documents\PYTON STADY\ITSTEP\DJANGO_2\bboard_pyd_241\env\Lib\site-packages\django\template\base.py", line 196, in compile_nodelist
    nodelist = parser.parse()
               ^^^^^^^^^^^^^^
  File "C:\Users\Беркут\Documents\PYTON STADY\ITSTEP\DJANGO_2\bboard_pyd_241\env\Lib\site-packages\django\template\base.py", line 518, in parse
    raise self.error(token, e)
  File "C:\Users\Беркут\Documents\PYTON STADY\ITSTEP\DJANGO_2\bboard_pyd_241\env\Lib\site-packages\django\template\base.py", line 516, in parse
    compiled_result = compile_func(self, token)
                      ^^^^^^^^^^^^^^^^^^^^^^^^^
  File "C:\Users\Беркут\Documents\PYTON STADY\ITSTEP\DJANGO_2\bboard_pyd_241\env\Lib\site-packages\django\template\loader_tags.py", line 295, in do_extends
    nodelist = parser.parse()
               ^^^^^^^^^^^^^^
  File "C:\Users\Беркут\Documents\PYTON STADY\ITSTEP\DJANGO_2\bboard_pyd_241\env\Lib\site-packages\django\template\base.py", line 518, in parse
    raise self.error(token, e)
  File "C:\Users\Беркут\Documents\PYTON STADY\ITSTEP\DJANGO_2\bboard_pyd_241\env\Lib\site-packages\django\template\base.py", line 516, in parse
    compiled_result = compile_func(self, token)
                      ^^^^^^^^^^^^^^^^^^^^^^^^^
  File "C:\Users\Беркут\Documents\PYTON STADY\ITSTEP\DJANGO_2\bboard_pyd_241\env\Lib\site-packages\django\template\loader_tags.py", line 234, in do_block
    nodelist = parser.parse(("endblock",))
               ^^^^^^^^^^^^^^^^^^^^^^^^^^^
  File "C:\Users\Беркут\Documents\PYTON STADY\ITSTEP\DJANGO_2\bboard_pyd_241\env\Lib\site-packages\django\template\base.py", line 512, in parse
    self.invalid_block_tag(token, command, parse_until)
  File "C:\Users\Беркут\Documents\PYTON STADY\ITSTEP\DJANGO_2\bboard_pyd_241\env\Lib\site-packages\django\template\base.py", line 563, in invalid_block_tag
    raise self.error(
django.template.exceptions.TemplateSyntaxError: Invalid block tag on line 13: 'bootsrap_formset', expected 'endblock'. Did you forget to register or load this tag?
Internal Server Error: /rubrics/
Traceback (most recent call last):
  File "C:\Users\Беркут\Documents\PYTON STADY\ITSTEP\DJANGO_2\bboard_pyd_241\env\Lib\site-packages\django\template\base.py", line 510, in parse
    compile_func = self.tags[command]
                   ~~~~~~~~~^^^^^^^^^
KeyError: 'bootsrap_formset'

During handling of the above exception, another exception occurred:

Traceback (most recent call last):
  File "C:\Users\Беркут\Documents\PYTON STADY\ITSTEP\DJANGO_2\bboard_pyd_241\env\Lib\site-packages\django\core\handlers\exception.py", line 55, in inner
    response = get_response(request)
               ^^^^^^^^^^^^^^^^^^^^^
  File "C:\Users\Беркут\Documents\PYTON STADY\ITSTEP\DJANGO_2\bboard_pyd_241\env\Lib\site-packages\django\core\handlers\base.py", line 197, in _get_response
    response = wrapped_callback(request, *callback_args, **callback_kwargs)
               ^^^^^^^^^^^^^^^^^^^^^^^^^^^^^^^^^^^^^^^^^^^^^^^^^^^^^^^^^^^^
  File "C:\Users\Беркут\Documents\PYTON STADY\ITSTEP\DJANGO_2\bboard_pyd_241\env\Lib\site-packages\django\contrib\auth\decorators.py", line 60, in _view_wrapper
    return view_func(request, *args, **kwargs)
           ^^^^^^^^^^^^^^^^^^^^^^^^^^^^^^^^^^^
  File "C:\Users\Беркут\Documents\PYTON STADY\ITSTEP\DJANGO_2\bboard_pyd_241\env\Lib\site-packages\django\contrib\auth\decorators.py", line 60, in _view_wrapper
    return view_func(request, *args, **kwargs)
           ^^^^^^^^^^^^^^^^^^^^^^^^^^^^^^^^^^^
  File "C:\Users\Беркут\Documents\PYTON STADY\ITSTEP\DJANGO_2\bboard_pyd_241\bboard\views.py", line 258, in rubrics
    return render(request, 'bboard/rubrics.html', context)
           ^^^^^^^^^^^^^^^^^^^^^^^^^^^^^^^^^^^^^^^^^^^^^^^
  File "C:\Users\Беркут\Documents\PYTON STADY\ITSTEP\DJANGO_2\bboard_pyd_241\env\Lib\site-packages\django\shortcuts.py", line 25, in render
    content = loader.render_to_string(template_name, context, request, using=using)
              ^^^^^^^^^^^^^^^^^^^^^^^^^^^^^^^^^^^^^^^^^^^^^^^^^^^^^^^^^^^^^^^^^^^^^
  File "C:\Users\Беркут\Documents\PYTON STADY\ITSTEP\DJANGO_2\bboard_pyd_241\env\Lib\site-packages\django\template\loader.py", line 61, in render_to_string
    template = get_template(template_name, using=using)
               ^^^^^^^^^^^^^^^^^^^^^^^^^^^^^^^^^^^^^^^^
  File "C:\Users\Беркут\Documents\PYTON STADY\ITSTEP\DJANGO_2\bboard_pyd_241\env\Lib\site-packages\django\template\loader.py", line 15, in get_template
    return engine.get_template(template_name)
           ^^^^^^^^^^^^^^^^^^^^^^^^^^^^^^^^^^
  File "C:\Users\Беркут\Documents\PYTON STADY\ITSTEP\DJANGO_2\bboard_pyd_241\env\Lib\site-packages\django\template\backends\django.py", line 79, in get_template
    return Template(self.engine.get_template(template_name), self)
                    ^^^^^^^^^^^^^^^^^^^^^^^^^^^^^^^^^^^^^^^
  File "C:\Users\Беркут\Documents\PYTON STADY\ITSTEP\DJANGO_2\bboard_pyd_241\env\Lib\site-packages\django\template\engine.py", line 177, in get_template
    template, origin = self.find_template(template_name)
                       ^^^^^^^^^^^^^^^^^^^^^^^^^^^^^^^^^
  File "C:\Users\Беркут\Documents\PYTON STADY\ITSTEP\DJANGO_2\bboard_pyd_241\env\Lib\site-packages\django\template\engine.py", line 159, in find_template
    template = loader.get_template(name, skip=skip)
               ^^^^^^^^^^^^^^^^^^^^^^^^^^^^^^^^^^^^
  File "C:\Users\Беркут\Documents\PYTON STADY\ITSTEP\DJANGO_2\bboard_pyd_241\env\Lib\site-packages\django\template\loaders\cached.py", line 57, in get_template
    template = super().get_template(template_name, skip)
               ^^^^^^^^^^^^^^^^^^^^^^^^^^^^^^^^^^^^^^^^^
  File "C:\Users\Беркут\Documents\PYTON STADY\ITSTEP\DJANGO_2\bboard_pyd_241\env\Lib\site-packages\django\template\loaders\base.py", line 28, in get_template
    return Template(
           ^^^^^^^^^
  File "C:\Users\Беркут\Documents\PYTON STADY\ITSTEP\DJANGO_2\bboard_pyd_241\env\Lib\site-packages\django\template\base.py", line 154, in __init__
    self.nodelist = self.compile_nodelist()
                    ^^^^^^^^^^^^^^^^^^^^^^^
  File "C:\Users\Беркут\Documents\PYTON STADY\ITSTEP\DJANGO_2\bboard_pyd_241\env\Lib\site-packages\django\template\base.py", line 196, in compile_nodelist
    nodelist = parser.parse()
               ^^^^^^^^^^^^^^
  File "C:\Users\Беркут\Documents\PYTON STADY\ITSTEP\DJANGO_2\bboard_pyd_241\env\Lib\site-packages\django\template\base.py", line 518, in parse
    raise self.error(token, e)
  File "C:\Users\Беркут\Documents\PYTON STADY\ITSTEP\DJANGO_2\bboard_pyd_241\env\Lib\site-packages\django\template\base.py", line 516, in parse
    compiled_result = compile_func(self, token)
                      ^^^^^^^^^^^^^^^^^^^^^^^^^
  File "C:\Users\Беркут\Documents\PYTON STADY\ITSTEP\DJANGO_2\bboard_pyd_241\env\Lib\site-packages\django\template\loader_tags.py", line 295, in do_extends
    nodelist = parser.parse()
               ^^^^^^^^^^^^^^
  File "C:\Users\Беркут\Documents\PYTON STADY\ITSTEP\DJANGO_2\bboard_pyd_241\env\Lib\site-packages\django\template\base.py", line 518, in parse
    raise self.error(token, e)
  File "C:\Users\Беркут\Documents\PYTON STADY\ITSTEP\DJANGO_2\bboard_pyd_241\env\Lib\site-packages\django\template\base.py", line 516, in parse
    compiled_result = compile_func(self, token)
                      ^^^^^^^^^^^^^^^^^^^^^^^^^
  File "C:\Users\Беркут\Documents\PYTON STADY\ITSTEP\DJANGO_2\bboard_pyd_241\env\Lib\site-packages\django\template\loader_tags.py", line 234, in do_block
    nodelist = parser.parse(("endblock",))
               ^^^^^^^^^^^^^^^^^^^^^^^^^^^
  File "C:\Users\Беркут\Documents\PYTON STADY\ITSTEP\DJANGO_2\bboard_pyd_241\env\Lib\site-packages\django\template\base.py", line 512, in parse
    self.invalid_block_tag(token, command, parse_until)
  File "C:\Users\Беркут\Documents\PYTON STADY\ITSTEP\DJANGO_2\bboard_pyd_241\env\Lib\site-packages\django\template\base.py", line 563, in invalid_block_tag
    raise self.error(
django.template.exceptions.TemplateSyntaxError: Invalid block tag on line 13: 'bootsrap_formset', expected 'endblock'. Did you forget to register or load this tag?
Internal Server Error: /rubrics/
Traceback (most recent call last):
  File "C:\Users\Беркут\Documents\PYTON STADY\ITSTEP\DJANGO_2\bboard_pyd_241\env\Lib\site-packages\django\template\base.py", line 510, in parse
    compile_func = self.tags[command]
                   ~~~~~~~~~^^^^^^^^^
KeyError: 'bootsrap_formset'

During handling of the above exception, another exception occurred:

Traceback (most recent call last):
  File "C:\Users\Беркут\Documents\PYTON STADY\ITSTEP\DJANGO_2\bboard_pyd_241\env\Lib\site-packages\django\core\handlers\exception.py", line 55, in inner
    response = get_response(request)
               ^^^^^^^^^^^^^^^^^^^^^
  File "C:\Users\Беркут\Documents\PYTON STADY\ITSTEP\DJANGO_2\bboard_pyd_241\env\Lib\site-packages\django\core\handlers\base.py", line 197, in _get_response
    response = wrapped_callback(request, *callback_args, **callback_kwargs)
               ^^^^^^^^^^^^^^^^^^^^^^^^^^^^^^^^^^^^^^^^^^^^^^^^^^^^^^^^^^^^
  File "C:\Users\Беркут\Documents\PYTON STADY\ITSTEP\DJANGO_2\bboard_pyd_241\env\Lib\site-packages\django\contrib\auth\decorators.py", line 60, in _view_wrapper
    return view_func(request, *args, **kwargs)
           ^^^^^^^^^^^^^^^^^^^^^^^^^^^^^^^^^^^
  File "C:\Users\Беркут\Documents\PYTON STADY\ITSTEP\DJANGO_2\bboard_pyd_241\env\Lib\site-packages\django\contrib\auth\decorators.py", line 60, in _view_wrapper
    return view_func(request, *args, **kwargs)
           ^^^^^^^^^^^^^^^^^^^^^^^^^^^^^^^^^^^
  File "C:\Users\Беркут\Documents\PYTON STADY\ITSTEP\DJANGO_2\bboard_pyd_241\bboard\views.py", line 258, in rubrics
    return render(request, 'bboard/rubrics.html', context)
           ^^^^^^^^^^^^^^^^^^^^^^^^^^^^^^^^^^^^^^^^^^^^^^^
  File "C:\Users\Беркут\Documents\PYTON STADY\ITSTEP\DJANGO_2\bboard_pyd_241\env\Lib\site-packages\django\shortcuts.py", line 25, in render
    content = loader.render_to_string(template_name, context, request, using=using)
              ^^^^^^^^^^^^^^^^^^^^^^^^^^^^^^^^^^^^^^^^^^^^^^^^^^^^^^^^^^^^^^^^^^^^^
  File "C:\Users\Беркут\Documents\PYTON STADY\ITSTEP\DJANGO_2\bboard_pyd_241\env\Lib\site-packages\django\template\loader.py", line 61, in render_to_string
    template = get_template(template_name, using=using)
               ^^^^^^^^^^^^^^^^^^^^^^^^^^^^^^^^^^^^^^^^
  File "C:\Users\Беркут\Documents\PYTON STADY\ITSTEP\DJANGO_2\bboard_pyd_241\env\Lib\site-packages\django\template\loader.py", line 15, in get_template
    return engine.get_template(template_name)
           ^^^^^^^^^^^^^^^^^^^^^^^^^^^^^^^^^^
  File "C:\Users\Беркут\Documents\PYTON STADY\ITSTEP\DJANGO_2\bboard_pyd_241\env\Lib\site-packages\django\template\backends\django.py", line 79, in get_template
    return Template(self.engine.get_template(template_name), self)
                    ^^^^^^^^^^^^^^^^^^^^^^^^^^^^^^^^^^^^^^^
  File "C:\Users\Беркут\Documents\PYTON STADY\ITSTEP\DJANGO_2\bboard_pyd_241\env\Lib\site-packages\django\template\engine.py", line 177, in get_template
    template, origin = self.find_template(template_name)
                       ^^^^^^^^^^^^^^^^^^^^^^^^^^^^^^^^^
  File "C:\Users\Беркут\Documents\PYTON STADY\ITSTEP\DJANGO_2\bboard_pyd_241\env\Lib\site-packages\django\template\engine.py", line 159, in find_template
    template = loader.get_template(name, skip=skip)
               ^^^^^^^^^^^^^^^^^^^^^^^^^^^^^^^^^^^^
  File "C:\Users\Беркут\Documents\PYTON STADY\ITSTEP\DJANGO_2\bboard_pyd_241\env\Lib\site-packages\django\template\loaders\cached.py", line 57, in get_template
    template = super().get_template(template_name, skip)
               ^^^^^^^^^^^^^^^^^^^^^^^^^^^^^^^^^^^^^^^^^
  File "C:\Users\Беркут\Documents\PYTON STADY\ITSTEP\DJANGO_2\bboard_pyd_241\env\Lib\site-packages\django\template\loaders\base.py", line 28, in get_template
    return Template(
           ^^^^^^^^^
  File "C:\Users\Беркут\Documents\PYTON STADY\ITSTEP\DJANGO_2\bboard_pyd_241\env\Lib\site-packages\django\template\base.py", line 154, in __init__
    self.nodelist = self.compile_nodelist()
                    ^^^^^^^^^^^^^^^^^^^^^^^
  File "C:\Users\Беркут\Documents\PYTON STADY\ITSTEP\DJANGO_2\bboard_pyd_241\env\Lib\site-packages\django\template\base.py", line 196, in compile_nodelist
    nodelist = parser.parse()
               ^^^^^^^^^^^^^^
  File "C:\Users\Беркут\Documents\PYTON STADY\ITSTEP\DJANGO_2\bboard_pyd_241\env\Lib\site-packages\django\template\base.py", line 518, in parse
    raise self.error(token, e)
  File "C:\Users\Беркут\Documents\PYTON STADY\ITSTEP\DJANGO_2\bboard_pyd_241\env\Lib\site-packages\django\template\base.py", line 516, in parse
    compiled_result = compile_func(self, token)
                      ^^^^^^^^^^^^^^^^^^^^^^^^^
  File "C:\Users\Беркут\Documents\PYTON STADY\ITSTEP\DJANGO_2\bboard_pyd_241\env\Lib\site-packages\django\template\loader_tags.py", line 295, in do_extends
    nodelist = parser.parse()
               ^^^^^^^^^^^^^^
  File "C:\Users\Беркут\Documents\PYTON STADY\ITSTEP\DJANGO_2\bboard_pyd_241\env\Lib\site-packages\django\template\base.py", line 518, in parse
    raise self.error(token, e)
  File "C:\Users\Беркут\Documents\PYTON STADY\ITSTEP\DJANGO_2\bboard_pyd_241\env\Lib\site-packages\django\template\base.py", line 516, in parse
    compiled_result = compile_func(self, token)
                      ^^^^^^^^^^^^^^^^^^^^^^^^^
  File "C:\Users\Беркут\Documents\PYTON STADY\ITSTEP\DJANGO_2\bboard_pyd_241\env\Lib\site-packages\django\template\loader_tags.py", line 234, in do_block
    nodelist = parser.parse(("endblock",))
               ^^^^^^^^^^^^^^^^^^^^^^^^^^^
  File "C:\Users\Беркут\Documents\PYTON STADY\ITSTEP\DJANGO_2\bboard_pyd_241\env\Lib\site-packages\django\template\base.py", line 512, in parse
    self.invalid_block_tag(token, command, parse_until)
  File "C:\Users\Беркут\Documents\PYTON STADY\ITSTEP\DJANGO_2\bboard_pyd_241\env\Lib\site-packages\django\template\base.py", line 563, in invalid_block_tag
    raise self.error(
django.template.exceptions.TemplateSyntaxError: Invalid block tag on line 13: 'bootsrap_formset', expected 'endblock'. Did you forget to register or load this tag?
Internal Server Error: /rubrics/
Traceback (most recent call last):
  File "C:\Users\Беркут\Documents\PYTON STADY\ITSTEP\DJANGO_2\bboard_pyd_241\env\Lib\site-packages\django\template\base.py", line 510, in parse
    compile_func = self.tags[command]
                   ~~~~~~~~~^^^^^^^^^
KeyError: 'bootsrap_formset'

During handling of the above exception, another exception occurred:

Traceback (most recent call last):
  File "C:\Users\Беркут\Documents\PYTON STADY\ITSTEP\DJANGO_2\bboard_pyd_241\env\Lib\site-packages\django\core\handlers\exception.py", line 55, in inner
    response = get_response(request)
               ^^^^^^^^^^^^^^^^^^^^^
  File "C:\Users\Беркут\Documents\PYTON STADY\ITSTEP\DJANGO_2\bboard_pyd_241\env\Lib\site-packages\django\core\handlers\base.py", line 197, in _get_response
    response = wrapped_callback(request, *callback_args, **callback_kwargs)
               ^^^^^^^^^^^^^^^^^^^^^^^^^^^^^^^^^^^^^^^^^^^^^^^^^^^^^^^^^^^^
  File "C:\Users\Беркут\Documents\PYTON STADY\ITSTEP\DJANGO_2\bboard_pyd_241\env\Lib\site-packages\django\contrib\auth\decorators.py", line 60, in _view_wrapper
    return view_func(request, *args, **kwargs)
           ^^^^^^^^^^^^^^^^^^^^^^^^^^^^^^^^^^^
  File "C:\Users\Беркут\Documents\PYTON STADY\ITSTEP\DJANGO_2\bboard_pyd_241\env\Lib\site-packages\django\contrib\auth\decorators.py", line 60, in _view_wrapper
    return view_func(request, *args, **kwargs)
           ^^^^^^^^^^^^^^^^^^^^^^^^^^^^^^^^^^^
  File "C:\Users\Беркут\Documents\PYTON STADY\ITSTEP\DJANGO_2\bboard_pyd_241\bboard\views.py", line 258, in rubrics
    return render(request, 'bboard/rubrics.html', context)
           ^^^^^^^^^^^^^^^^^^^^^^^^^^^^^^^^^^^^^^^^^^^^^^^
  File "C:\Users\Беркут\Documents\PYTON STADY\ITSTEP\DJANGO_2\bboard_pyd_241\env\Lib\site-packages\django\shortcuts.py", line 25, in render
    content = loader.render_to_string(template_name, context, request, using=using)
              ^^^^^^^^^^^^^^^^^^^^^^^^^^^^^^^^^^^^^^^^^^^^^^^^^^^^^^^^^^^^^^^^^^^^^
  File "C:\Users\Беркут\Documents\PYTON STADY\ITSTEP\DJANGO_2\bboard_pyd_241\env\Lib\site-packages\django\template\loader.py", line 61, in render_to_string
    template = get_template(template_name, using=using)
               ^^^^^^^^^^^^^^^^^^^^^^^^^^^^^^^^^^^^^^^^
  File "C:\Users\Беркут\Documents\PYTON STADY\ITSTEP\DJANGO_2\bboard_pyd_241\env\Lib\site-packages\django\template\loader.py", line 15, in get_template
    return engine.get_template(template_name)
           ^^^^^^^^^^^^^^^^^^^^^^^^^^^^^^^^^^
  File "C:\Users\Беркут\Documents\PYTON STADY\ITSTEP\DJANGO_2\bboard_pyd_241\env\Lib\site-packages\django\template\backends\django.py", line 79, in get_template
    return Template(self.engine.get_template(template_name), self)
                    ^^^^^^^^^^^^^^^^^^^^^^^^^^^^^^^^^^^^^^^
  File "C:\Users\Беркут\Documents\PYTON STADY\ITSTEP\DJANGO_2\bboard_pyd_241\env\Lib\site-packages\django\template\engine.py", line 177, in get_template
    template, origin = self.find_template(template_name)
                       ^^^^^^^^^^^^^^^^^^^^^^^^^^^^^^^^^
  File "C:\Users\Беркут\Documents\PYTON STADY\ITSTEP\DJANGO_2\bboard_pyd_241\env\Lib\site-packages\django\template\engine.py", line 159, in find_template
    template = loader.get_template(name, skip=skip)
               ^^^^^^^^^^^^^^^^^^^^^^^^^^^^^^^^^^^^
  File "C:\Users\Беркут\Documents\PYTON STADY\ITSTEP\DJANGO_2\bboard_pyd_241\env\Lib\site-packages\django\template\loaders\cached.py", line 57, in get_template
    template = super().get_template(template_name, skip)
               ^^^^^^^^^^^^^^^^^^^^^^^^^^^^^^^^^^^^^^^^^
  File "C:\Users\Беркут\Documents\PYTON STADY\ITSTEP\DJANGO_2\bboard_pyd_241\env\Lib\site-packages\django\template\loaders\base.py", line 28, in get_template
    return Template(
           ^^^^^^^^^
  File "C:\Users\Беркут\Documents\PYTON STADY\ITSTEP\DJANGO_2\bboard_pyd_241\env\Lib\site-packages\django\template\base.py", line 154, in __init__
    self.nodelist = self.compile_nodelist()
                    ^^^^^^^^^^^^^^^^^^^^^^^
  File "C:\Users\Беркут\Documents\PYTON STADY\ITSTEP\DJANGO_2\bboard_pyd_241\env\Lib\site-packages\django\template\base.py", line 196, in compile_nodelist
    nodelist = parser.parse()
               ^^^^^^^^^^^^^^
  File "C:\Users\Беркут\Documents\PYTON STADY\ITSTEP\DJANGO_2\bboard_pyd_241\env\Lib\site-packages\django\template\base.py", line 518, in parse
    raise self.error(token, e)
  File "C:\Users\Беркут\Documents\PYTON STADY\ITSTEP\DJANGO_2\bboard_pyd_241\env\Lib\site-packages\django\template\base.py", line 516, in parse
    compiled_result = compile_func(self, token)
                      ^^^^^^^^^^^^^^^^^^^^^^^^^
  File "C:\Users\Беркут\Documents\PYTON STADY\ITSTEP\DJANGO_2\bboard_pyd_241\env\Lib\site-packages\django\template\loader_tags.py", line 295, in do_extends
    nodelist = parser.parse()
               ^^^^^^^^^^^^^^
  File "C:\Users\Беркут\Documents\PYTON STADY\ITSTEP\DJANGO_2\bboard_pyd_241\env\Lib\site-packages\django\template\base.py", line 518, in parse
    raise self.error(token, e)
  File "C:\Users\Беркут\Documents\PYTON STADY\ITSTEP\DJANGO_2\bboard_pyd_241\env\Lib\site-packages\django\template\base.py", line 516, in parse
    compiled_result = compile_func(self, token)
                      ^^^^^^^^^^^^^^^^^^^^^^^^^
  File "C:\Users\Беркут\Documents\PYTON STADY\ITSTEP\DJANGO_2\bboard_pyd_241\env\Lib\site-packages\django\template\loader_tags.py", line 234, in do_block
    nodelist = parser.parse(("endblock",))
               ^^^^^^^^^^^^^^^^^^^^^^^^^^^
  File "C:\Users\Беркут\Documents\PYTON STADY\ITSTEP\DJANGO_2\bboard_pyd_241\env\Lib\site-packages\django\template\base.py", line 512, in parse
    self.invalid_block_tag(token, command, parse_until)
  File "C:\Users\Беркут\Documents\PYTON STADY\ITSTEP\DJANGO_2\bboard_pyd_241\env\Lib\site-packages\django\template\base.py", line 563, in invalid_block_tag
    raise self.error(
django.template.exceptions.TemplateSyntaxError: Invalid block tag on line 13: 'bootsrap_formset', expected 'endblock'. Did you forget to register or load this tag?
Internal Server Error: /rubrics/
Traceback (most recent call last):
  File "C:\Users\Беркут\Documents\PYTON STADY\ITSTEP\DJANGO_2\bboard_pyd_241\env\Lib\site-packages\django\template\base.py", line 510, in parse
    compile_func = self.tags[command]
                   ~~~~~~~~~^^^^^^^^^
KeyError: 'bootsrap_formset'

During handling of the above exception, another exception occurred:

Traceback (most recent call last):
  File "C:\Users\Беркут\Documents\PYTON STADY\ITSTEP\DJANGO_2\bboard_pyd_241\env\Lib\site-packages\django\core\handlers\exception.py", line 55, in inner
    response = get_response(request)
               ^^^^^^^^^^^^^^^^^^^^^
  File "C:\Users\Беркут\Documents\PYTON STADY\ITSTEP\DJANGO_2\bboard_pyd_241\env\Lib\site-packages\django\core\handlers\base.py", line 197, in _get_response
    response = wrapped_callback(request, *callback_args, **callback_kwargs)
               ^^^^^^^^^^^^^^^^^^^^^^^^^^^^^^^^^^^^^^^^^^^^^^^^^^^^^^^^^^^^
  File "C:\Users\Беркут\Documents\PYTON STADY\ITSTEP\DJANGO_2\bboard_pyd_241\env\Lib\site-packages\django\contrib\auth\decorators.py", line 60, in _view_wrapper
    return view_func(request, *args, **kwargs)
           ^^^^^^^^^^^^^^^^^^^^^^^^^^^^^^^^^^^
  File "C:\Users\Беркут\Documents\PYTON STADY\ITSTEP\DJANGO_2\bboard_pyd_241\env\Lib\site-packages\django\contrib\auth\decorators.py", line 60, in _view_wrapper
    return view_func(request, *args, **kwargs)
           ^^^^^^^^^^^^^^^^^^^^^^^^^^^^^^^^^^^
  File "C:\Users\Беркут\Documents\PYTON STADY\ITSTEP\DJANGO_2\bboard_pyd_241\bboard\views.py", line 258, in rubrics
    return render(request, 'bboard/rubrics.html', context)
           ^^^^^^^^^^^^^^^^^^^^^^^^^^^^^^^^^^^^^^^^^^^^^^^
  File "C:\Users\Беркут\Documents\PYTON STADY\ITSTEP\DJANGO_2\bboard_pyd_241\env\Lib\site-packages\django\shortcuts.py", line 25, in render
    content = loader.render_to_string(template_name, context, request, using=using)
              ^^^^^^^^^^^^^^^^^^^^^^^^^^^^^^^^^^^^^^^^^^^^^^^^^^^^^^^^^^^^^^^^^^^^^
  File "C:\Users\Беркут\Documents\PYTON STADY\ITSTEP\DJANGO_2\bboard_pyd_241\env\Lib\site-packages\django\template\loader.py", line 61, in render_to_string
    template = get_template(template_name, using=using)
               ^^^^^^^^^^^^^^^^^^^^^^^^^^^^^^^^^^^^^^^^
  File "C:\Users\Беркут\Documents\PYTON STADY\ITSTEP\DJANGO_2\bboard_pyd_241\env\Lib\site-packages\django\template\loader.py", line 15, in get_template
    return engine.get_template(template_name)
           ^^^^^^^^^^^^^^^^^^^^^^^^^^^^^^^^^^
  File "C:\Users\Беркут\Documents\PYTON STADY\ITSTEP\DJANGO_2\bboard_pyd_241\env\Lib\site-packages\django\template\backends\django.py", line 79, in get_template
    return Template(self.engine.get_template(template_name), self)
                    ^^^^^^^^^^^^^^^^^^^^^^^^^^^^^^^^^^^^^^^
  File "C:\Users\Беркут\Documents\PYTON STADY\ITSTEP\DJANGO_2\bboard_pyd_241\env\Lib\site-packages\django\template\engine.py", line 177, in get_template
    template, origin = self.find_template(template_name)
                       ^^^^^^^^^^^^^^^^^^^^^^^^^^^^^^^^^
  File "C:\Users\Беркут\Documents\PYTON STADY\ITSTEP\DJANGO_2\bboard_pyd_241\env\Lib\site-packages\django\template\engine.py", line 159, in find_template
    template = loader.get_template(name, skip=skip)
               ^^^^^^^^^^^^^^^^^^^^^^^^^^^^^^^^^^^^
  File "C:\Users\Беркут\Documents\PYTON STADY\ITSTEP\DJANGO_2\bboard_pyd_241\env\Lib\site-packages\django\template\loaders\cached.py", line 57, in get_template
    template = super().get_template(template_name, skip)
               ^^^^^^^^^^^^^^^^^^^^^^^^^^^^^^^^^^^^^^^^^
  File "C:\Users\Беркут\Documents\PYTON STADY\ITSTEP\DJANGO_2\bboard_pyd_241\env\Lib\site-packages\django\template\loaders\base.py", line 28, in get_template
    return Template(
           ^^^^^^^^^
  File "C:\Users\Беркут\Documents\PYTON STADY\ITSTEP\DJANGO_2\bboard_pyd_241\env\Lib\site-packages\django\template\base.py", line 154, in __init__
    self.nodelist = self.compile_nodelist()
                    ^^^^^^^^^^^^^^^^^^^^^^^
  File "C:\Users\Беркут\Documents\PYTON STADY\ITSTEP\DJANGO_2\bboard_pyd_241\env\Lib\site-packages\django\template\base.py", line 196, in compile_nodelist
    nodelist = parser.parse()
               ^^^^^^^^^^^^^^
  File "C:\Users\Беркут\Documents\PYTON STADY\ITSTEP\DJANGO_2\bboard_pyd_241\env\Lib\site-packages\django\template\base.py", line 518, in parse
    raise self.error(token, e)
  File "C:\Users\Беркут\Documents\PYTON STADY\ITSTEP\DJANGO_2\bboard_pyd_241\env\Lib\site-packages\django\template\base.py", line 516, in parse
    compiled_result = compile_func(self, token)
                      ^^^^^^^^^^^^^^^^^^^^^^^^^
  File "C:\Users\Беркут\Documents\PYTON STADY\ITSTEP\DJANGO_2\bboard_pyd_241\env\Lib\site-packages\django\template\loader_tags.py", line 295, in do_extends
    nodelist = parser.parse()
               ^^^^^^^^^^^^^^
  File "C:\Users\Беркут\Documents\PYTON STADY\ITSTEP\DJANGO_2\bboard_pyd_241\env\Lib\site-packages\django\template\base.py", line 518, in parse
    raise self.error(token, e)
  File "C:\Users\Беркут\Documents\PYTON STADY\ITSTEP\DJANGO_2\bboard_pyd_241\env\Lib\site-packages\django\template\base.py", line 516, in parse
    compiled_result = compile_func(self, token)
                      ^^^^^^^^^^^^^^^^^^^^^^^^^
  File "C:\Users\Беркут\Documents\PYTON STADY\ITSTEP\DJANGO_2\bboard_pyd_241\env\Lib\site-packages\django\template\loader_tags.py", line 234, in do_block
    nodelist = parser.parse(("endblock",))
               ^^^^^^^^^^^^^^^^^^^^^^^^^^^
  File "C:\Users\Беркут\Documents\PYTON STADY\ITSTEP\DJANGO_2\bboard_pyd_241\env\Lib\site-packages\django\template\base.py", line 512, in parse
    self.invalid_block_tag(token, command, parse_until)
  File "C:\Users\Беркут\Documents\PYTON STADY\ITSTEP\DJANGO_2\bboard_pyd_241\env\Lib\site-packages\django\template\base.py", line 563, in invalid_block_tag
    raise self.error(
django.template.exceptions.TemplateSyntaxError: Invalid block tag on line 13: 'bootsrap_formset', expected 'endblock'. Did you forget to register or load this tag?
Internal Server Error: /rubrics/
Traceback (most recent call last):
  File "C:\Users\Беркут\Documents\PYTON STADY\ITSTEP\DJANGO_2\bboard_pyd_241\env\Lib\site-packages\django\template\base.py", line 510, in parse
    compile_func = self.tags[command]
                   ~~~~~~~~~^^^^^^^^^
KeyError: 'bootsrap_formset'

During handling of the above exception, another exception occurred:

Traceback (most recent call last):
  File "C:\Users\Беркут\Documents\PYTON STADY\ITSTEP\DJANGO_2\bboard_pyd_241\env\Lib\site-packages\django\core\handlers\exception.py", line 55, in inner
    response = get_response(request)
               ^^^^^^^^^^^^^^^^^^^^^
  File "C:\Users\Беркут\Documents\PYTON STADY\ITSTEP\DJANGO_2\bboard_pyd_241\env\Lib\site-packages\django\core\handlers\base.py", line 197, in _get_response
    response = wrapped_callback(request, *callback_args, **callback_kwargs)
               ^^^^^^^^^^^^^^^^^^^^^^^^^^^^^^^^^^^^^^^^^^^^^^^^^^^^^^^^^^^^
  File "C:\Users\Беркут\Documents\PYTON STADY\ITSTEP\DJANGO_2\bboard_pyd_241\env\Lib\site-packages\django\contrib\auth\decorators.py", line 60, in _view_wrapper
    return view_func(request, *args, **kwargs)
           ^^^^^^^^^^^^^^^^^^^^^^^^^^^^^^^^^^^
  File "C:\Users\Беркут\Documents\PYTON STADY\ITSTEP\DJANGO_2\bboard_pyd_241\env\Lib\site-packages\django\contrib\auth\decorators.py", line 60, in _view_wrapper
    return view_func(request, *args, **kwargs)
           ^^^^^^^^^^^^^^^^^^^^^^^^^^^^^^^^^^^
  File "C:\Users\Беркут\Documents\PYTON STADY\ITSTEP\DJANGO_2\bboard_pyd_241\bboard\views.py", line 258, in rubrics
    return render(request, 'bboard/rubrics.html', context)
           ^^^^^^^^^^^^^^^^^^^^^^^^^^^^^^^^^^^^^^^^^^^^^^^
  File "C:\Users\Беркут\Documents\PYTON STADY\ITSTEP\DJANGO_2\bboard_pyd_241\env\Lib\site-packages\django\shortcuts.py", line 25, in render
    content = loader.render_to_string(template_name, context, request, using=using)
              ^^^^^^^^^^^^^^^^^^^^^^^^^^^^^^^^^^^^^^^^^^^^^^^^^^^^^^^^^^^^^^^^^^^^^
  File "C:\Users\Беркут\Documents\PYTON STADY\ITSTEP\DJANGO_2\bboard_pyd_241\env\Lib\site-packages\django\template\loader.py", line 61, in render_to_string
    template = get_template(template_name, using=using)
               ^^^^^^^^^^^^^^^^^^^^^^^^^^^^^^^^^^^^^^^^
  File "C:\Users\Беркут\Documents\PYTON STADY\ITSTEP\DJANGO_2\bboard_pyd_241\env\Lib\site-packages\django\template\loader.py", line 15, in get_template
    return engine.get_template(template_name)
           ^^^^^^^^^^^^^^^^^^^^^^^^^^^^^^^^^^
  File "C:\Users\Беркут\Documents\PYTON STADY\ITSTEP\DJANGO_2\bboard_pyd_241\env\Lib\site-packages\django\template\backends\django.py", line 79, in get_template
    return Template(self.engine.get_template(template_name), self)
                    ^^^^^^^^^^^^^^^^^^^^^^^^^^^^^^^^^^^^^^^
  File "C:\Users\Беркут\Documents\PYTON STADY\ITSTEP\DJANGO_2\bboard_pyd_241\env\Lib\site-packages\django\template\engine.py", line 177, in get_template
    template, origin = self.find_template(template_name)
                       ^^^^^^^^^^^^^^^^^^^^^^^^^^^^^^^^^
  File "C:\Users\Беркут\Documents\PYTON STADY\ITSTEP\DJANGO_2\bboard_pyd_241\env\Lib\site-packages\django\template\engine.py", line 159, in find_template
    template = loader.get_template(name, skip=skip)
               ^^^^^^^^^^^^^^^^^^^^^^^^^^^^^^^^^^^^
  File "C:\Users\Беркут\Documents\PYTON STADY\ITSTEP\DJANGO_2\bboard_pyd_241\env\Lib\site-packages\django\template\loaders\cached.py", line 57, in get_template
    template = super().get_template(template_name, skip)
               ^^^^^^^^^^^^^^^^^^^^^^^^^^^^^^^^^^^^^^^^^
  File "C:\Users\Беркут\Documents\PYTON STADY\ITSTEP\DJANGO_2\bboard_pyd_241\env\Lib\site-packages\django\template\loaders\base.py", line 28, in get_template
    return Template(
           ^^^^^^^^^
  File "C:\Users\Беркут\Documents\PYTON STADY\ITSTEP\DJANGO_2\bboard_pyd_241\env\Lib\site-packages\django\template\base.py", line 154, in __init__
    self.nodelist = self.compile_nodelist()
                    ^^^^^^^^^^^^^^^^^^^^^^^
  File "C:\Users\Беркут\Documents\PYTON STADY\ITSTEP\DJANGO_2\bboard_pyd_241\env\Lib\site-packages\django\template\base.py", line 196, in compile_nodelist
    nodelist = parser.parse()
               ^^^^^^^^^^^^^^
  File "C:\Users\Беркут\Documents\PYTON STADY\ITSTEP\DJANGO_2\bboard_pyd_241\env\Lib\site-packages\django\template\base.py", line 518, in parse
    raise self.error(token, e)
  File "C:\Users\Беркут\Documents\PYTON STADY\ITSTEP\DJANGO_2\bboard_pyd_241\env\Lib\site-packages\django\template\base.py", line 516, in parse
    compiled_result = compile_func(self, token)
                      ^^^^^^^^^^^^^^^^^^^^^^^^^
  File "C:\Users\Беркут\Documents\PYTON STADY\ITSTEP\DJANGO_2\bboard_pyd_241\env\Lib\site-packages\django\template\loader_tags.py", line 295, in do_extends
    nodelist = parser.parse()
               ^^^^^^^^^^^^^^
  File "C:\Users\Беркут\Documents\PYTON STADY\ITSTEP\DJANGO_2\bboard_pyd_241\env\Lib\site-packages\django\template\base.py", line 518, in parse
    raise self.error(token, e)
  File "C:\Users\Беркут\Documents\PYTON STADY\ITSTEP\DJANGO_2\bboard_pyd_241\env\Lib\site-packages\django\template\base.py", line 516, in parse
    compiled_result = compile_func(self, token)
                      ^^^^^^^^^^^^^^^^^^^^^^^^^
  File "C:\Users\Беркут\Documents\PYTON STADY\ITSTEP\DJANGO_2\bboard_pyd_241\env\Lib\site-packages\django\template\loader_tags.py", line 234, in do_block
    nodelist = parser.parse(("endblock",))
               ^^^^^^^^^^^^^^^^^^^^^^^^^^^
  File "C:\Users\Беркут\Documents\PYTON STADY\ITSTEP\DJANGO_2\bboard_pyd_241\env\Lib\site-packages\django\template\base.py", line 512, in parse
    self.invalid_block_tag(token, command, parse_until)
  File "C:\Users\Беркут\Documents\PYTON STADY\ITSTEP\DJANGO_2\bboard_pyd_241\env\Lib\site-packages\django\template\base.py", line 563, in invalid_block_tag
    raise self.error(
django.template.exceptions.TemplateSyntaxError: Invalid block tag on line 13: 'bootsrap_formset', expected 'endblock'. Did you forget to register or load this tag?
Internal Server Error: /rubrics/
Traceback (most recent call last):
  File "C:\Users\Беркут\Documents\PYTON STADY\ITSTEP\DJANGO_2\bboard_pyd_241\env\Lib\site-packages\django\template\base.py", line 510, in parse
    compile_func = self.tags[command]
                   ~~~~~~~~~^^^^^^^^^
KeyError: 'bootsrap_formset'

During handling of the above exception, another exception occurred:

Traceback (most recent call last):
  File "C:\Users\Беркут\Documents\PYTON STADY\ITSTEP\DJANGO_2\bboard_pyd_241\env\Lib\site-packages\django\core\handlers\exception.py", line 55, in inner
    response = get_response(request)
               ^^^^^^^^^^^^^^^^^^^^^
  File "C:\Users\Беркут\Documents\PYTON STADY\ITSTEP\DJANGO_2\bboard_pyd_241\env\Lib\site-packages\django\core\handlers\base.py", line 197, in _get_response
    response = wrapped_callback(request, *callback_args, **callback_kwargs)
               ^^^^^^^^^^^^^^^^^^^^^^^^^^^^^^^^^^^^^^^^^^^^^^^^^^^^^^^^^^^^
  File "C:\Users\Беркут\Documents\PYTON STADY\ITSTEP\DJANGO_2\bboard_pyd_241\env\Lib\site-packages\django\contrib\auth\decorators.py", line 60, in _view_wrapper
    return view_func(request, *args, **kwargs)
           ^^^^^^^^^^^^^^^^^^^^^^^^^^^^^^^^^^^
  File "C:\Users\Беркут\Documents\PYTON STADY\ITSTEP\DJANGO_2\bboard_pyd_241\env\Lib\site-packages\django\contrib\auth\decorators.py", line 60, in _view_wrapper
    return view_func(request, *args, **kwargs)
           ^^^^^^^^^^^^^^^^^^^^^^^^^^^^^^^^^^^
  File "C:\Users\Беркут\Documents\PYTON STADY\ITSTEP\DJANGO_2\bboard_pyd_241\bboard\views.py", line 258, in rubrics
    return render(request, 'bboard/rubrics.html', context)
           ^^^^^^^^^^^^^^^^^^^^^^^^^^^^^^^^^^^^^^^^^^^^^^^
  File "C:\Users\Беркут\Documents\PYTON STADY\ITSTEP\DJANGO_2\bboard_pyd_241\env\Lib\site-packages\django\shortcuts.py", line 25, in render
    content = loader.render_to_string(template_name, context, request, using=using)
              ^^^^^^^^^^^^^^^^^^^^^^^^^^^^^^^^^^^^^^^^^^^^^^^^^^^^^^^^^^^^^^^^^^^^^
  File "C:\Users\Беркут\Documents\PYTON STADY\ITSTEP\DJANGO_2\bboard_pyd_241\env\Lib\site-packages\django\template\loader.py", line 61, in render_to_string
    template = get_template(template_name, using=using)
               ^^^^^^^^^^^^^^^^^^^^^^^^^^^^^^^^^^^^^^^^
  File "C:\Users\Беркут\Documents\PYTON STADY\ITSTEP\DJANGO_2\bboard_pyd_241\env\Lib\site-packages\django\template\loader.py", line 15, in get_template
    return engine.get_template(template_name)
           ^^^^^^^^^^^^^^^^^^^^^^^^^^^^^^^^^^
  File "C:\Users\Беркут\Documents\PYTON STADY\ITSTEP\DJANGO_2\bboard_pyd_241\env\Lib\site-packages\django\template\backends\django.py", line 79, in get_template
    return Template(self.engine.get_template(template_name), self)
                    ^^^^^^^^^^^^^^^^^^^^^^^^^^^^^^^^^^^^^^^
  File "C:\Users\Беркут\Documents\PYTON STADY\ITSTEP\DJANGO_2\bboard_pyd_241\env\Lib\site-packages\django\template\engine.py", line 177, in get_template
    template, origin = self.find_template(template_name)
                       ^^^^^^^^^^^^^^^^^^^^^^^^^^^^^^^^^
  File "C:\Users\Беркут\Documents\PYTON STADY\ITSTEP\DJANGO_2\bboard_pyd_241\env\Lib\site-packages\django\template\engine.py", line 159, in find_template
    template = loader.get_template(name, skip=skip)
               ^^^^^^^^^^^^^^^^^^^^^^^^^^^^^^^^^^^^
  File "C:\Users\Беркут\Documents\PYTON STADY\ITSTEP\DJANGO_2\bboard_pyd_241\env\Lib\site-packages\django\template\loaders\cached.py", line 57, in get_template
    template = super().get_template(template_name, skip)
               ^^^^^^^^^^^^^^^^^^^^^^^^^^^^^^^^^^^^^^^^^
  File "C:\Users\Беркут\Documents\PYTON STADY\ITSTEP\DJANGO_2\bboard_pyd_241\env\Lib\site-packages\django\template\loaders\base.py", line 28, in get_template
    return Template(
           ^^^^^^^^^
  File "C:\Users\Беркут\Documents\PYTON STADY\ITSTEP\DJANGO_2\bboard_pyd_241\env\Lib\site-packages\django\template\base.py", line 154, in __init__
    self.nodelist = self.compile_nodelist()
                    ^^^^^^^^^^^^^^^^^^^^^^^
  File "C:\Users\Беркут\Documents\PYTON STADY\ITSTEP\DJANGO_2\bboard_pyd_241\env\Lib\site-packages\django\template\base.py", line 196, in compile_nodelist
    nodelist = parser.parse()
               ^^^^^^^^^^^^^^
  File "C:\Users\Беркут\Documents\PYTON STADY\ITSTEP\DJANGO_2\bboard_pyd_241\env\Lib\site-packages\django\template\base.py", line 518, in parse
    raise self.error(token, e)
  File "C:\Users\Беркут\Documents\PYTON STADY\ITSTEP\DJANGO_2\bboard_pyd_241\env\Lib\site-packages\django\template\base.py", line 516, in parse
    compiled_result = compile_func(self, token)
                      ^^^^^^^^^^^^^^^^^^^^^^^^^
  File "C:\Users\Беркут\Documents\PYTON STADY\ITSTEP\DJANGO_2\bboard_pyd_241\env\Lib\site-packages\django\template\loader_tags.py", line 295, in do_extends
    nodelist = parser.parse()
               ^^^^^^^^^^^^^^
  File "C:\Users\Беркут\Documents\PYTON STADY\ITSTEP\DJANGO_2\bboard_pyd_241\env\Lib\site-packages\django\template\base.py", line 518, in parse
    raise self.error(token, e)
  File "C:\Users\Беркут\Documents\PYTON STADY\ITSTEP\DJANGO_2\bboard_pyd_241\env\Lib\site-packages\django\template\base.py", line 516, in parse
    compiled_result = compile_func(self, token)
                      ^^^^^^^^^^^^^^^^^^^^^^^^^
  File "C:\Users\Беркут\Documents\PYTON STADY\ITSTEP\DJANGO_2\bboard_pyd_241\env\Lib\site-packages\django\template\loader_tags.py", line 234, in do_block
    nodelist = parser.parse(("endblock",))
               ^^^^^^^^^^^^^^^^^^^^^^^^^^^
  File "C:\Users\Беркут\Documents\PYTON STADY\ITSTEP\DJANGO_2\bboard_pyd_241\env\Lib\site-packages\django\template\base.py", line 512, in parse
    self.invalid_block_tag(token, command, parse_until)
  File "C:\Users\Беркут\Documents\PYTON STADY\ITSTEP\DJANGO_2\bboard_pyd_241\env\Lib\site-packages\django\template\base.py", line 563, in invalid_block_tag
    raise self.error(
django.template.exceptions.TemplateSyntaxError: Invalid block tag on line 13: 'bootsrap_formset', expected 'endblock'. Did you forget to register or load this tag?
Internal Server Error: /rubrics/
Traceback (most recent call last):
  File "C:\Users\Беркут\Documents\PYTON STADY\ITSTEP\DJANGO_2\bboard_pyd_241\env\Lib\site-packages\django\template\base.py", line 510, in parse
    compile_func = self.tags[command]
                   ~~~~~~~~~^^^^^^^^^
KeyError: 'bootsrap_formset'

During handling of the above exception, another exception occurred:

Traceback (most recent call last):
  File "C:\Users\Беркут\Documents\PYTON STADY\ITSTEP\DJANGO_2\bboard_pyd_241\env\Lib\site-packages\django\core\handlers\exception.py", line 55, in inner
    response = get_response(request)
               ^^^^^^^^^^^^^^^^^^^^^
  File "C:\Users\Беркут\Documents\PYTON STADY\ITSTEP\DJANGO_2\bboard_pyd_241\env\Lib\site-packages\django\core\handlers\base.py", line 197, in _get_response
    response = wrapped_callback(request, *callback_args, **callback_kwargs)
               ^^^^^^^^^^^^^^^^^^^^^^^^^^^^^^^^^^^^^^^^^^^^^^^^^^^^^^^^^^^^
  File "C:\Users\Беркут\Documents\PYTON STADY\ITSTEP\DJANGO_2\bboard_pyd_241\env\Lib\site-packages\django\contrib\auth\decorators.py", line 60, in _view_wrapper
    return view_func(request, *args, **kwargs)
           ^^^^^^^^^^^^^^^^^^^^^^^^^^^^^^^^^^^
  File "C:\Users\Беркут\Documents\PYTON STADY\ITSTEP\DJANGO_2\bboard_pyd_241\env\Lib\site-packages\django\contrib\auth\decorators.py", line 60, in _view_wrapper
    return view_func(request, *args, **kwargs)
           ^^^^^^^^^^^^^^^^^^^^^^^^^^^^^^^^^^^
  File "C:\Users\Беркут\Documents\PYTON STADY\ITSTEP\DJANGO_2\bboard_pyd_241\bboard\views.py", line 258, in rubrics
    return render(request, 'bboard/rubrics.html', context)
           ^^^^^^^^^^^^^^^^^^^^^^^^^^^^^^^^^^^^^^^^^^^^^^^
  File "C:\Users\Беркут\Documents\PYTON STADY\ITSTEP\DJANGO_2\bboard_pyd_241\env\Lib\site-packages\django\shortcuts.py", line 25, in render
    content = loader.render_to_string(template_name, context, request, using=using)
              ^^^^^^^^^^^^^^^^^^^^^^^^^^^^^^^^^^^^^^^^^^^^^^^^^^^^^^^^^^^^^^^^^^^^^
  File "C:\Users\Беркут\Documents\PYTON STADY\ITSTEP\DJANGO_2\bboard_pyd_241\env\Lib\site-packages\django\template\loader.py", line 61, in render_to_string
    template = get_template(template_name, using=using)
               ^^^^^^^^^^^^^^^^^^^^^^^^^^^^^^^^^^^^^^^^
  File "C:\Users\Беркут\Documents\PYTON STADY\ITSTEP\DJANGO_2\bboard_pyd_241\env\Lib\site-packages\django\template\loader.py", line 15, in get_template
    return engine.get_template(template_name)
           ^^^^^^^^^^^^^^^^^^^^^^^^^^^^^^^^^^
  File "C:\Users\Беркут\Documents\PYTON STADY\ITSTEP\DJANGO_2\bboard_pyd_241\env\Lib\site-packages\django\template\backends\django.py", line 79, in get_template
    return Template(self.engine.get_template(template_name), self)
                    ^^^^^^^^^^^^^^^^^^^^^^^^^^^^^^^^^^^^^^^
  File "C:\Users\Беркут\Documents\PYTON STADY\ITSTEP\DJANGO_2\bboard_pyd_241\env\Lib\site-packages\django\template\engine.py", line 177, in get_template
    template, origin = self.find_template(template_name)
                       ^^^^^^^^^^^^^^^^^^^^^^^^^^^^^^^^^
  File "C:\Users\Беркут\Documents\PYTON STADY\ITSTEP\DJANGO_2\bboard_pyd_241\env\Lib\site-packages\django\template\engine.py", line 159, in find_template
    template = loader.get_template(name, skip=skip)
               ^^^^^^^^^^^^^^^^^^^^^^^^^^^^^^^^^^^^
  File "C:\Users\Беркут\Documents\PYTON STADY\ITSTEP\DJANGO_2\bboard_pyd_241\env\Lib\site-packages\django\template\loaders\cached.py", line 57, in get_template
    template = super().get_template(template_name, skip)
               ^^^^^^^^^^^^^^^^^^^^^^^^^^^^^^^^^^^^^^^^^
  File "C:\Users\Беркут\Documents\PYTON STADY\ITSTEP\DJANGO_2\bboard_pyd_241\env\Lib\site-packages\django\template\loaders\base.py", line 28, in get_template
    return Template(
           ^^^^^^^^^
  File "C:\Users\Беркут\Documents\PYTON STADY\ITSTEP\DJANGO_2\bboard_pyd_241\env\Lib\site-packages\django\template\base.py", line 154, in __init__
    self.nodelist = self.compile_nodelist()
                    ^^^^^^^^^^^^^^^^^^^^^^^
  File "C:\Users\Беркут\Documents\PYTON STADY\ITSTEP\DJANGO_2\bboard_pyd_241\env\Lib\site-packages\django\template\base.py", line 196, in compile_nodelist
    nodelist = parser.parse()
               ^^^^^^^^^^^^^^
  File "C:\Users\Беркут\Documents\PYTON STADY\ITSTEP\DJANGO_2\bboard_pyd_241\env\Lib\site-packages\django\template\base.py", line 518, in parse
    raise self.error(token, e)
  File "C:\Users\Беркут\Documents\PYTON STADY\ITSTEP\DJANGO_2\bboard_pyd_241\env\Lib\site-packages\django\template\base.py", line 516, in parse
    compiled_result = compile_func(self, token)
                      ^^^^^^^^^^^^^^^^^^^^^^^^^
  File "C:\Users\Беркут\Documents\PYTON STADY\ITSTEP\DJANGO_2\bboard_pyd_241\env\Lib\site-packages\django\template\loader_tags.py", line 295, in do_extends
    nodelist = parser.parse()
               ^^^^^^^^^^^^^^
  File "C:\Users\Беркут\Documents\PYTON STADY\ITSTEP\DJANGO_2\bboard_pyd_241\env\Lib\site-packages\django\template\base.py", line 518, in parse
    raise self.error(token, e)
  File "C:\Users\Беркут\Documents\PYTON STADY\ITSTEP\DJANGO_2\bboard_pyd_241\env\Lib\site-packages\django\template\base.py", line 516, in parse
    compiled_result = compile_func(self, token)
                      ^^^^^^^^^^^^^^^^^^^^^^^^^
  File "C:\Users\Беркут\Documents\PYTON STADY\ITSTEP\DJANGO_2\bboard_pyd_241\env\Lib\site-packages\django\template\loader_tags.py", line 234, in do_block
    nodelist = parser.parse(("endblock",))
               ^^^^^^^^^^^^^^^^^^^^^^^^^^^
  File "C:\Users\Беркут\Documents\PYTON STADY\ITSTEP\DJANGO_2\bboard_pyd_241\env\Lib\site-packages\django\template\base.py", line 512, in parse
    self.invalid_block_tag(token, command, parse_until)
  File "C:\Users\Беркут\Documents\PYTON STADY\ITSTEP\DJANGO_2\bboard_pyd_241\env\Lib\site-packages\django\template\base.py", line 563, in invalid_block_tag
    raise self.error(
django.template.exceptions.TemplateSyntaxError: Invalid block tag on line 13: 'bootsrap_formset', expected 'endblock'. Did you forget to register or load this tag?
Internal Server Error: /rubrics/
Traceback (most recent call last):
  File "C:\Users\Беркут\Documents\PYTON STADY\ITSTEP\DJANGO_2\bboard_pyd_241\env\Lib\site-packages\django\template\base.py", line 510, in parse
    compile_func = self.tags[command]
                   ~~~~~~~~~^^^^^^^^^
KeyError: 'bootsrap_formset'

During handling of the above exception, another exception occurred:

Traceback (most recent call last):
  File "C:\Users\Беркут\Documents\PYTON STADY\ITSTEP\DJANGO_2\bboard_pyd_241\env\Lib\site-packages\django\core\handlers\exception.py", line 55, in inner
    response = get_response(request)
               ^^^^^^^^^^^^^^^^^^^^^
  File "C:\Users\Беркут\Documents\PYTON STADY\ITSTEP\DJANGO_2\bboard_pyd_241\env\Lib\site-packages\django\core\handlers\base.py", line 197, in _get_response
    response = wrapped_callback(request, *callback_args, **callback_kwargs)
               ^^^^^^^^^^^^^^^^^^^^^^^^^^^^^^^^^^^^^^^^^^^^^^^^^^^^^^^^^^^^
  File "C:\Users\Беркут\Documents\PYTON STADY\ITSTEP\DJANGO_2\bboard_pyd_241\env\Lib\site-packages\django\contrib\auth\decorators.py", line 60, in _view_wrapper
    return view_func(request, *args, **kwargs)
           ^^^^^^^^^^^^^^^^^^^^^^^^^^^^^^^^^^^
  File "C:\Users\Беркут\Documents\PYTON STADY\ITSTEP\DJANGO_2\bboard_pyd_241\env\Lib\site-packages\django\contrib\auth\decorators.py", line 60, in _view_wrapper
    return view_func(request, *args, **kwargs)
           ^^^^^^^^^^^^^^^^^^^^^^^^^^^^^^^^^^^
  File "C:\Users\Беркут\Documents\PYTON STADY\ITSTEP\DJANGO_2\bboard_pyd_241\bboard\views.py", line 258, in rubrics
    return render(request, 'bboard/rubrics.html', context)
           ^^^^^^^^^^^^^^^^^^^^^^^^^^^^^^^^^^^^^^^^^^^^^^^
  File "C:\Users\Беркут\Documents\PYTON STADY\ITSTEP\DJANGO_2\bboard_pyd_241\env\Lib\site-packages\django\shortcuts.py", line 25, in render
    content = loader.render_to_string(template_name, context, request, using=using)
              ^^^^^^^^^^^^^^^^^^^^^^^^^^^^^^^^^^^^^^^^^^^^^^^^^^^^^^^^^^^^^^^^^^^^^
  File "C:\Users\Беркут\Documents\PYTON STADY\ITSTEP\DJANGO_2\bboard_pyd_241\env\Lib\site-packages\django\template\loader.py", line 61, in render_to_string
    template = get_template(template_name, using=using)
               ^^^^^^^^^^^^^^^^^^^^^^^^^^^^^^^^^^^^^^^^
  File "C:\Users\Беркут\Documents\PYTON STADY\ITSTEP\DJANGO_2\bboard_pyd_241\env\Lib\site-packages\django\template\loader.py", line 15, in get_template
    return engine.get_template(template_name)
           ^^^^^^^^^^^^^^^^^^^^^^^^^^^^^^^^^^
  File "C:\Users\Беркут\Documents\PYTON STADY\ITSTEP\DJANGO_2\bboard_pyd_241\env\Lib\site-packages\django\template\backends\django.py", line 79, in get_template
    return Template(self.engine.get_template(template_name), self)
                    ^^^^^^^^^^^^^^^^^^^^^^^^^^^^^^^^^^^^^^^
  File "C:\Users\Беркут\Documents\PYTON STADY\ITSTEP\DJANGO_2\bboard_pyd_241\env\Lib\site-packages\django\template\engine.py", line 177, in get_template
    template, origin = self.find_template(template_name)
                       ^^^^^^^^^^^^^^^^^^^^^^^^^^^^^^^^^
  File "C:\Users\Беркут\Documents\PYTON STADY\ITSTEP\DJANGO_2\bboard_pyd_241\env\Lib\site-packages\django\template\engine.py", line 159, in find_template
    template = loader.get_template(name, skip=skip)
               ^^^^^^^^^^^^^^^^^^^^^^^^^^^^^^^^^^^^
  File "C:\Users\Беркут\Documents\PYTON STADY\ITSTEP\DJANGO_2\bboard_pyd_241\env\Lib\site-packages\django\template\loaders\cached.py", line 57, in get_template
    template = super().get_template(template_name, skip)
               ^^^^^^^^^^^^^^^^^^^^^^^^^^^^^^^^^^^^^^^^^
  File "C:\Users\Беркут\Documents\PYTON STADY\ITSTEP\DJANGO_2\bboard_pyd_241\env\Lib\site-packages\django\template\loaders\base.py", line 28, in get_template
    return Template(
           ^^^^^^^^^
  File "C:\Users\Беркут\Documents\PYTON STADY\ITSTEP\DJANGO_2\bboard_pyd_241\env\Lib\site-packages\django\template\base.py", line 154, in __init__
    self.nodelist = self.compile_nodelist()
                    ^^^^^^^^^^^^^^^^^^^^^^^
  File "C:\Users\Беркут\Documents\PYTON STADY\ITSTEP\DJANGO_2\bboard_pyd_241\env\Lib\site-packages\django\template\base.py", line 196, in compile_nodelist
    nodelist = parser.parse()
               ^^^^^^^^^^^^^^
  File "C:\Users\Беркут\Documents\PYTON STADY\ITSTEP\DJANGO_2\bboard_pyd_241\env\Lib\site-packages\django\template\base.py", line 518, in parse
    raise self.error(token, e)
  File "C:\Users\Беркут\Documents\PYTON STADY\ITSTEP\DJANGO_2\bboard_pyd_241\env\Lib\site-packages\django\template\base.py", line 516, in parse
    compiled_result = compile_func(self, token)
                      ^^^^^^^^^^^^^^^^^^^^^^^^^
  File "C:\Users\Беркут\Documents\PYTON STADY\ITSTEP\DJANGO_2\bboard_pyd_241\env\Lib\site-packages\django\template\loader_tags.py", line 295, in do_extends
    nodelist = parser.parse()
               ^^^^^^^^^^^^^^
  File "C:\Users\Беркут\Documents\PYTON STADY\ITSTEP\DJANGO_2\bboard_pyd_241\env\Lib\site-packages\django\template\base.py", line 518, in parse
    raise self.error(token, e)
  File "C:\Users\Беркут\Documents\PYTON STADY\ITSTEP\DJANGO_2\bboard_pyd_241\env\Lib\site-packages\django\template\base.py", line 516, in parse
    compiled_result = compile_func(self, token)
                      ^^^^^^^^^^^^^^^^^^^^^^^^^
  File "C:\Users\Беркут\Documents\PYTON STADY\ITSTEP\DJANGO_2\bboard_pyd_241\env\Lib\site-packages\django\template\loader_tags.py", line 234, in do_block
    nodelist = parser.parse(("endblock",))
               ^^^^^^^^^^^^^^^^^^^^^^^^^^^
  File "C:\Users\Беркут\Documents\PYTON STADY\ITSTEP\DJANGO_2\bboard_pyd_241\env\Lib\site-packages\django\template\base.py", line 512, in parse
    self.invalid_block_tag(token, command, parse_until)
  File "C:\Users\Беркут\Documents\PYTON STADY\ITSTEP\DJANGO_2\bboard_pyd_241\env\Lib\site-packages\django\template\base.py", line 563, in invalid_block_tag
    raise self.error(
django.template.exceptions.TemplateSyntaxError: Invalid block tag on line 13: 'bootsrap_formset', expected 'endblock'. Did you forget to register or load this tag?
Internal Server Error: /rubrics/
Traceback (most recent call last):
  File "C:\Users\Беркут\Documents\PYTON STADY\ITSTEP\DJANGO_2\bboard_pyd_241\env\Lib\site-packages\django\template\base.py", line 510, in parse
    compile_func = self.tags[command]
                   ~~~~~~~~~^^^^^^^^^
KeyError: 'bootsеrap_formset'

During handling of the above exception, another exception occurred:

Traceback (most recent call last):
  File "C:\Users\Беркут\Documents\PYTON STADY\ITSTEP\DJANGO_2\bboard_pyd_241\env\Lib\site-packages\django\core\handlers\exception.py", line 55, in inner
    response = get_response(request)
               ^^^^^^^^^^^^^^^^^^^^^
  File "C:\Users\Беркут\Documents\PYTON STADY\ITSTEP\DJANGO_2\bboard_pyd_241\env\Lib\site-packages\django\core\handlers\base.py", line 197, in _get_response
    response = wrapped_callback(request, *callback_args, **callback_kwargs)
               ^^^^^^^^^^^^^^^^^^^^^^^^^^^^^^^^^^^^^^^^^^^^^^^^^^^^^^^^^^^^
  File "C:\Users\Беркут\Documents\PYTON STADY\ITSTEP\DJANGO_2\bboard_pyd_241\env\Lib\site-packages\django\contrib\auth\decorators.py", line 60, in _view_wrapper
    return view_func(request, *args, **kwargs)
           ^^^^^^^^^^^^^^^^^^^^^^^^^^^^^^^^^^^
  File "C:\Users\Беркут\Documents\PYTON STADY\ITSTEP\DJANGO_2\bboard_pyd_241\env\Lib\site-packages\django\contrib\auth\decorators.py", line 60, in _view_wrapper
    return view_func(request, *args, **kwargs)
           ^^^^^^^^^^^^^^^^^^^^^^^^^^^^^^^^^^^
  File "C:\Users\Беркут\Documents\PYTON STADY\ITSTEP\DJANGO_2\bboard_pyd_241\bboard\views.py", line 258, in rubrics
    return render(request, 'bboard/rubrics.html', context)
           ^^^^^^^^^^^^^^^^^^^^^^^^^^^^^^^^^^^^^^^^^^^^^^^
  File "C:\Users\Беркут\Documents\PYTON STADY\ITSTEP\DJANGO_2\bboard_pyd_241\env\Lib\site-packages\django\shortcuts.py", line 25, in render
    content = loader.render_to_string(template_name, context, request, using=using)
              ^^^^^^^^^^^^^^^^^^^^^^^^^^^^^^^^^^^^^^^^^^^^^^^^^^^^^^^^^^^^^^^^^^^^^
  File "C:\Users\Беркут\Documents\PYTON STADY\ITSTEP\DJANGO_2\bboard_pyd_241\env\Lib\site-packages\django\template\loader.py", line 61, in render_to_string
    template = get_template(template_name, using=using)
               ^^^^^^^^^^^^^^^^^^^^^^^^^^^^^^^^^^^^^^^^
  File "C:\Users\Беркут\Documents\PYTON STADY\ITSTEP\DJANGO_2\bboard_pyd_241\env\Lib\site-packages\django\template\loader.py", line 15, in get_template
    return engine.get_template(template_name)
           ^^^^^^^^^^^^^^^^^^^^^^^^^^^^^^^^^^
  File "C:\Users\Беркут\Documents\PYTON STADY\ITSTEP\DJANGO_2\bboard_pyd_241\env\Lib\site-packages\django\template\backends\django.py", line 79, in get_template
    return Template(self.engine.get_template(template_name), self)
                    ^^^^^^^^^^^^^^^^^^^^^^^^^^^^^^^^^^^^^^^
  File "C:\Users\Беркут\Documents\PYTON STADY\ITSTEP\DJANGO_2\bboard_pyd_241\env\Lib\site-packages\django\template\engine.py", line 177, in get_template
    template, origin = self.find_template(template_name)
                       ^^^^^^^^^^^^^^^^^^^^^^^^^^^^^^^^^
  File "C:\Users\Беркут\Documents\PYTON STADY\ITSTEP\DJANGO_2\bboard_pyd_241\env\Lib\site-packages\django\template\engine.py", line 159, in find_template
    template = loader.get_template(name, skip=skip)
               ^^^^^^^^^^^^^^^^^^^^^^^^^^^^^^^^^^^^
  File "C:\Users\Беркут\Documents\PYTON STADY\ITSTEP\DJANGO_2\bboard_pyd_241\env\Lib\site-packages\django\template\loaders\cached.py", line 57, in get_template
    template = super().get_template(template_name, skip)
               ^^^^^^^^^^^^^^^^^^^^^^^^^^^^^^^^^^^^^^^^^
  File "C:\Users\Беркут\Documents\PYTON STADY\ITSTEP\DJANGO_2\bboard_pyd_241\env\Lib\site-packages\django\template\loaders\base.py", line 28, in get_template
    return Template(
           ^^^^^^^^^
  File "C:\Users\Беркут\Documents\PYTON STADY\ITSTEP\DJANGO_2\bboard_pyd_241\env\Lib\site-packages\django\template\base.py", line 154, in __init__
    self.nodelist = self.compile_nodelist()
                    ^^^^^^^^^^^^^^^^^^^^^^^
  File "C:\Users\Беркут\Documents\PYTON STADY\ITSTEP\DJANGO_2\bboard_pyd_241\env\Lib\site-packages\django\template\base.py", line 196, in compile_nodelist
    nodelist = parser.parse()
               ^^^^^^^^^^^^^^
  File "C:\Users\Беркут\Documents\PYTON STADY\ITSTEP\DJANGO_2\bboard_pyd_241\env\Lib\site-packages\django\template\base.py", line 518, in parse
    raise self.error(token, e)
  File "C:\Users\Беркут\Documents\PYTON STADY\ITSTEP\DJANGO_2\bboard_pyd_241\env\Lib\site-packages\django\template\base.py", line 516, in parse
    compiled_result = compile_func(self, token)
                      ^^^^^^^^^^^^^^^^^^^^^^^^^
  File "C:\Users\Беркут\Documents\PYTON STADY\ITSTEP\DJANGO_2\bboard_pyd_241\env\Lib\site-packages\django\template\loader_tags.py", line 295, in do_extends
    nodelist = parser.parse()
               ^^^^^^^^^^^^^^
  File "C:\Users\Беркут\Documents\PYTON STADY\ITSTEP\DJANGO_2\bboard_pyd_241\env\Lib\site-packages\django\template\base.py", line 518, in parse
    raise self.error(token, e)
  File "C:\Users\Беркут\Documents\PYTON STADY\ITSTEP\DJANGO_2\bboard_pyd_241\env\Lib\site-packages\django\template\base.py", line 516, in parse
    compiled_result = compile_func(self, token)
                      ^^^^^^^^^^^^^^^^^^^^^^^^^
  File "C:\Users\Беркут\Documents\PYTON STADY\ITSTEP\DJANGO_2\bboard_pyd_241\env\Lib\site-packages\django\template\loader_tags.py", line 234, in do_block
    nodelist = parser.parse(("endblock",))
               ^^^^^^^^^^^^^^^^^^^^^^^^^^^
  File "C:\Users\Беркут\Documents\PYTON STADY\ITSTEP\DJANGO_2\bboard_pyd_241\env\Lib\site-packages\django\template\base.py", line 512, in parse
    self.invalid_block_tag(token, command, parse_until)
  File "C:\Users\Беркут\Documents\PYTON STADY\ITSTEP\DJANGO_2\bboard_pyd_241\env\Lib\site-packages\django\template\base.py", line 563, in invalid_block_tag
    raise self.error(
django.template.exceptions.TemplateSyntaxError: Invalid block tag on line 13: 'bootsеrap_formset', expected 'endblock'. Did you forget to register or load this tag?
Internal Server Error: /rubrics/
Traceback (most recent call last):
  File "C:\Users\Беркут\Documents\PYTON STADY\ITSTEP\DJANGO_2\bboard_pyd_241\env\Lib\site-packages\django\template\base.py", line 510, in parse
    compile_func = self.tags[command]
                   ~~~~~~~~~^^^^^^^^^
KeyError: 'bootsеrap_formset'

During handling of the above exception, another exception occurred:

Traceback (most recent call last):
  File "C:\Users\Беркут\Documents\PYTON STADY\ITSTEP\DJANGO_2\bboard_pyd_241\env\Lib\site-packages\django\core\handlers\exception.py", line 55, in inner
    response = get_response(request)
               ^^^^^^^^^^^^^^^^^^^^^
  File "C:\Users\Беркут\Documents\PYTON STADY\ITSTEP\DJANGO_2\bboard_pyd_241\env\Lib\site-packages\django\core\handlers\base.py", line 197, in _get_response
    response = wrapped_callback(request, *callback_args, **callback_kwargs)
               ^^^^^^^^^^^^^^^^^^^^^^^^^^^^^^^^^^^^^^^^^^^^^^^^^^^^^^^^^^^^
  File "C:\Users\Беркут\Documents\PYTON STADY\ITSTEP\DJANGO_2\bboard_pyd_241\env\Lib\site-packages\django\contrib\auth\decorators.py", line 60, in _view_wrapper
    return view_func(request, *args, **kwargs)
           ^^^^^^^^^^^^^^^^^^^^^^^^^^^^^^^^^^^
  File "C:\Users\Беркут\Documents\PYTON STADY\ITSTEP\DJANGO_2\bboard_pyd_241\env\Lib\site-packages\django\contrib\auth\decorators.py", line 60, in _view_wrapper
    return view_func(request, *args, **kwargs)
           ^^^^^^^^^^^^^^^^^^^^^^^^^^^^^^^^^^^
  File "C:\Users\Беркут\Documents\PYTON STADY\ITSTEP\DJANGO_2\bboard_pyd_241\bboard\views.py", line 258, in rubrics
    return render(request, 'bboard/rubrics.html', context)
           ^^^^^^^^^^^^^^^^^^^^^^^^^^^^^^^^^^^^^^^^^^^^^^^
  File "C:\Users\Беркут\Documents\PYTON STADY\ITSTEP\DJANGO_2\bboard_pyd_241\env\Lib\site-packages\django\shortcuts.py", line 25, in render
    content = loader.render_to_string(template_name, context, request, using=using)
              ^^^^^^^^^^^^^^^^^^^^^^^^^^^^^^^^^^^^^^^^^^^^^^^^^^^^^^^^^^^^^^^^^^^^^
  File "C:\Users\Беркут\Documents\PYTON STADY\ITSTEP\DJANGO_2\bboard_pyd_241\env\Lib\site-packages\django\template\loader.py", line 61, in render_to_string
    template = get_template(template_name, using=using)
               ^^^^^^^^^^^^^^^^^^^^^^^^^^^^^^^^^^^^^^^^
  File "C:\Users\Беркут\Documents\PYTON STADY\ITSTEP\DJANGO_2\bboard_pyd_241\env\Lib\site-packages\django\template\loader.py", line 15, in get_template
    return engine.get_template(template_name)
           ^^^^^^^^^^^^^^^^^^^^^^^^^^^^^^^^^^
  File "C:\Users\Беркут\Documents\PYTON STADY\ITSTEP\DJANGO_2\bboard_pyd_241\env\Lib\site-packages\django\template\backends\django.py", line 79, in get_template
    return Template(self.engine.get_template(template_name), self)
                    ^^^^^^^^^^^^^^^^^^^^^^^^^^^^^^^^^^^^^^^
  File "C:\Users\Беркут\Documents\PYTON STADY\ITSTEP\DJANGO_2\bboard_pyd_241\env\Lib\site-packages\django\template\engine.py", line 177, in get_template
    template, origin = self.find_template(template_name)
                       ^^^^^^^^^^^^^^^^^^^^^^^^^^^^^^^^^
  File "C:\Users\Беркут\Documents\PYTON STADY\ITSTEP\DJANGO_2\bboard_pyd_241\env\Lib\site-packages\django\template\engine.py", line 159, in find_template
    template = loader.get_template(name, skip=skip)
               ^^^^^^^^^^^^^^^^^^^^^^^^^^^^^^^^^^^^
  File "C:\Users\Беркут\Documents\PYTON STADY\ITSTEP\DJANGO_2\bboard_pyd_241\env\Lib\site-packages\django\template\loaders\cached.py", line 57, in get_template
    template = super().get_template(template_name, skip)
               ^^^^^^^^^^^^^^^^^^^^^^^^^^^^^^^^^^^^^^^^^
  File "C:\Users\Беркут\Documents\PYTON STADY\ITSTEP\DJANGO_2\bboard_pyd_241\env\Lib\site-packages\django\template\loaders\base.py", line 28, in get_template
    return Template(
           ^^^^^^^^^
  File "C:\Users\Беркут\Documents\PYTON STADY\ITSTEP\DJANGO_2\bboard_pyd_241\env\Lib\site-packages\django\template\base.py", line 154, in __init__
    self.nodelist = self.compile_nodelist()
                    ^^^^^^^^^^^^^^^^^^^^^^^
  File "C:\Users\Беркут\Documents\PYTON STADY\ITSTEP\DJANGO_2\bboard_pyd_241\env\Lib\site-packages\django\template\base.py", line 196, in compile_nodelist
    nodelist = parser.parse()
               ^^^^^^^^^^^^^^
  File "C:\Users\Беркут\Documents\PYTON STADY\ITSTEP\DJANGO_2\bboard_pyd_241\env\Lib\site-packages\django\template\base.py", line 518, in parse
    raise self.error(token, e)
  File "C:\Users\Беркут\Documents\PYTON STADY\ITSTEP\DJANGO_2\bboard_pyd_241\env\Lib\site-packages\django\template\base.py", line 516, in parse
    compiled_result = compile_func(self, token)
                      ^^^^^^^^^^^^^^^^^^^^^^^^^
  File "C:\Users\Беркут\Documents\PYTON STADY\ITSTEP\DJANGO_2\bboard_pyd_241\env\Lib\site-packages\django\template\loader_tags.py", line 295, in do_extends
    nodelist = parser.parse()
               ^^^^^^^^^^^^^^
  File "C:\Users\Беркут\Documents\PYTON STADY\ITSTEP\DJANGO_2\bboard_pyd_241\env\Lib\site-packages\django\template\base.py", line 518, in parse
    raise self.error(token, e)
  File "C:\Users\Беркут\Documents\PYTON STADY\ITSTEP\DJANGO_2\bboard_pyd_241\env\Lib\site-packages\django\template\base.py", line 516, in parse
    compiled_result = compile_func(self, token)
                      ^^^^^^^^^^^^^^^^^^^^^^^^^
  File "C:\Users\Беркут\Documents\PYTON STADY\ITSTEP\DJANGO_2\bboard_pyd_241\env\Lib\site-packages\django\template\loader_tags.py", line 234, in do_block
    nodelist = parser.parse(("endblock",))
               ^^^^^^^^^^^^^^^^^^^^^^^^^^^
  File "C:\Users\Беркут\Documents\PYTON STADY\ITSTEP\DJANGO_2\bboard_pyd_241\env\Lib\site-packages\django\template\base.py", line 512, in parse
    self.invalid_block_tag(token, command, parse_until)
  File "C:\Users\Беркут\Documents\PYTON STADY\ITSTEP\DJANGO_2\bboard_pyd_241\env\Lib\site-packages\django\template\base.py", line 563, in invalid_block_tag
    raise self.error(
django.template.exceptions.TemplateSyntaxError: Invalid block tag on line 13: 'bootsеrap_formset', expected 'endblock'. Did you forget to register or load this tag?
Internal Server Error: /
Traceback (most recent call last):
  File "C:\Users\Беркут\Documents\PYTON STADY\ITSTEP\DJANGO_2\bboard_pyd_241\env\Lib\site-packages\django\template\base.py", line 510, in parse
    compile_func = self.tags[command]
                   ~~~~~~~~~^^^^^^^^^
KeyError: 'bottrap_pagination'

During handling of the above exception, another exception occurred:

Traceback (most recent call last):
  File "C:\Users\Беркут\Documents\PYTON STADY\ITSTEP\DJANGO_2\bboard_pyd_241\env\Lib\site-packages\django\core\handlers\exception.py", line 55, in inner
    response = get_response(request)
               ^^^^^^^^^^^^^^^^^^^^^
  File "C:\Users\Беркут\Documents\PYTON STADY\ITSTEP\DJANGO_2\bboard_pyd_241\env\Lib\site-packages\django\core\handlers\base.py", line 197, in _get_response
    response = wrapped_callback(request, *callback_args, **callback_kwargs)
               ^^^^^^^^^^^^^^^^^^^^^^^^^^^^^^^^^^^^^^^^^^^^^^^^^^^^^^^^^^^^
  File "C:\Users\Беркут\Documents\PYTON STADY\ITSTEP\DJANGO_2\bboard_pyd_241\bboard\views.py", line 55, in index
    return render(request, 'bboard/index.html', context)
           ^^^^^^^^^^^^^^^^^^^^^^^^^^^^^^^^^^^^^^^^^^^^^
  File "C:\Users\Беркут\Documents\PYTON STADY\ITSTEP\DJANGO_2\bboard_pyd_241\env\Lib\site-packages\django\shortcuts.py", line 25, in render
    content = loader.render_to_string(template_name, context, request, using=using)
              ^^^^^^^^^^^^^^^^^^^^^^^^^^^^^^^^^^^^^^^^^^^^^^^^^^^^^^^^^^^^^^^^^^^^^
  File "C:\Users\Беркут\Documents\PYTON STADY\ITSTEP\DJANGO_2\bboard_pyd_241\env\Lib\site-packages\django\template\loader.py", line 61, in render_to_string
    template = get_template(template_name, using=using)
               ^^^^^^^^^^^^^^^^^^^^^^^^^^^^^^^^^^^^^^^^
  File "C:\Users\Беркут\Documents\PYTON STADY\ITSTEP\DJANGO_2\bboard_pyd_241\env\Lib\site-packages\django\template\loader.py", line 15, in get_template
    return engine.get_template(template_name)
           ^^^^^^^^^^^^^^^^^^^^^^^^^^^^^^^^^^
  File "C:\Users\Беркут\Documents\PYTON STADY\ITSTEP\DJANGO_2\bboard_pyd_241\env\Lib\site-packages\django\template\backends\django.py", line 79, in get_template
    return Template(self.engine.get_template(template_name), self)
                    ^^^^^^^^^^^^^^^^^^^^^^^^^^^^^^^^^^^^^^^
  File "C:\Users\Беркут\Documents\PYTON STADY\ITSTEP\DJANGO_2\bboard_pyd_241\env\Lib\site-packages\django\template\engine.py", line 177, in get_template
    template, origin = self.find_template(template_name)
                       ^^^^^^^^^^^^^^^^^^^^^^^^^^^^^^^^^
  File "C:\Users\Беркут\Documents\PYTON STADY\ITSTEP\DJANGO_2\bboard_pyd_241\env\Lib\site-packages\django\template\engine.py", line 159, in find_template
    template = loader.get_template(name, skip=skip)
               ^^^^^^^^^^^^^^^^^^^^^^^^^^^^^^^^^^^^
  File "C:\Users\Беркут\Documents\PYTON STADY\ITSTEP\DJANGO_2\bboard_pyd_241\env\Lib\site-packages\django\template\loaders\cached.py", line 57, in get_template
    template = super().get_template(template_name, skip)
               ^^^^^^^^^^^^^^^^^^^^^^^^^^^^^^^^^^^^^^^^^
  File "C:\Users\Беркут\Documents\PYTON STADY\ITSTEP\DJANGO_2\bboard_pyd_241\env\Lib\site-packages\django\template\loaders\base.py", line 28, in get_template
    return Template(
           ^^^^^^^^^
  File "C:\Users\Беркут\Documents\PYTON STADY\ITSTEP\DJANGO_2\bboard_pyd_241\env\Lib\site-packages\django\template\base.py", line 154, in __init__
    self.nodelist = self.compile_nodelist()
                    ^^^^^^^^^^^^^^^^^^^^^^^
  File "C:\Users\Беркут\Documents\PYTON STADY\ITSTEP\DJANGO_2\bboard_pyd_241\env\Lib\site-packages\django\template\base.py", line 196, in compile_nodelist
    nodelist = parser.parse()
               ^^^^^^^^^^^^^^
  File "C:\Users\Беркут\Documents\PYTON STADY\ITSTEP\DJANGO_2\bboard_pyd_241\env\Lib\site-packages\django\template\base.py", line 518, in parse
    raise self.error(token, e)
  File "C:\Users\Беркут\Documents\PYTON STADY\ITSTEP\DJANGO_2\bboard_pyd_241\env\Lib\site-packages\django\template\base.py", line 516, in parse
    compiled_result = compile_func(self, token)
                      ^^^^^^^^^^^^^^^^^^^^^^^^^
  File "C:\Users\Беркут\Documents\PYTON STADY\ITSTEP\DJANGO_2\bboard_pyd_241\env\Lib\site-packages\django\template\loader_tags.py", line 295, in do_extends
    nodelist = parser.parse()
               ^^^^^^^^^^^^^^
  File "C:\Users\Беркут\Documents\PYTON STADY\ITSTEP\DJANGO_2\bboard_pyd_241\env\Lib\site-packages\django\template\base.py", line 518, in parse
    raise self.error(token, e)
  File "C:\Users\Беркут\Documents\PYTON STADY\ITSTEP\DJANGO_2\bboard_pyd_241\env\Lib\site-packages\django\template\base.py", line 516, in parse
    compiled_result = compile_func(self, token)
                      ^^^^^^^^^^^^^^^^^^^^^^^^^
  File "C:\Users\Беркут\Documents\PYTON STADY\ITSTEP\DJANGO_2\bboard_pyd_241\env\Lib\site-packages\django\template\loader_tags.py", line 234, in do_block
    nodelist = parser.parse(("endblock",))
               ^^^^^^^^^^^^^^^^^^^^^^^^^^^
  File "C:\Users\Беркут\Documents\PYTON STADY\ITSTEP\DJANGO_2\bboard_pyd_241\env\Lib\site-packages\django\template\base.py", line 512, in parse
    self.invalid_block_tag(token, command, parse_until)
  File "C:\Users\Беркут\Documents\PYTON STADY\ITSTEP\DJANGO_2\bboard_pyd_241\env\Lib\site-packages\django\template\base.py", line 563, in invalid_block_tag
    raise self.error(
django.template.exceptions.TemplateSyntaxError: Invalid block tag on line 30: 'bottrap_pagination', expected 'endblock'. Did you forget to register or load this tag?
Internal Server Error: /detail/18/
Traceback (most recent call last):
  File "C:\Users\Беркут\Documents\PYTON STADY\ITSTEP\DJANGO_2\bboard_pyd_241\env\Lib\site-packages\django\template\base.py", line 510, in parse
    compile_func = self.tags[command]
                   ~~~~~~~~~^^^^^^^^^
KeyError: 'ulst'

During handling of the above exception, another exception occurred:

Traceback (most recent call last):
  File "C:\Users\Беркут\Documents\PYTON STADY\ITSTEP\DJANGO_2\bboard_pyd_241\env\Lib\site-packages\django\core\handlers\exception.py", line 55, in inner
    response = get_response(request)
               ^^^^^^^^^^^^^^^^^^^^^
  File "C:\Users\Беркут\Documents\PYTON STADY\ITSTEP\DJANGO_2\bboard_pyd_241\env\Lib\site-packages\django\core\handlers\base.py", line 220, in _get_response
    response = response.render()
               ^^^^^^^^^^^^^^^^^
  File "C:\Users\Беркут\Documents\PYTON STADY\ITSTEP\DJANGO_2\bboard_pyd_241\env\Lib\site-packages\django\template\response.py", line 114, in render
    self.content = self.rendered_content
                   ^^^^^^^^^^^^^^^^^^^^^
  File "C:\Users\Беркут\Documents\PYTON STADY\ITSTEP\DJANGO_2\bboard_pyd_241\env\Lib\site-packages\django\template\response.py", line 90, in rendered_content
    template = self.resolve_template(self.template_name)
               ^^^^^^^^^^^^^^^^^^^^^^^^^^^^^^^^^^^^^^^^^
  File "C:\Users\Беркут\Documents\PYTON STADY\ITSTEP\DJANGO_2\bboard_pyd_241\env\Lib\site-packages\django\template\response.py", line 72, in resolve_template
    return select_template(template, using=self.using)
           ^^^^^^^^^^^^^^^^^^^^^^^^^^^^^^^^^^^^^^^^^^^
  File "C:\Users\Беркут\Documents\PYTON STADY\ITSTEP\DJANGO_2\bboard_pyd_241\env\Lib\site-packages\django\template\loader.py", line 42, in select_template
    return engine.get_template(template_name)
           ^^^^^^^^^^^^^^^^^^^^^^^^^^^^^^^^^^
  File "C:\Users\Беркут\Documents\PYTON STADY\ITSTEP\DJANGO_2\bboard_pyd_241\env\Lib\site-packages\django\template\backends\django.py", line 79, in get_template
    return Template(self.engine.get_template(template_name), self)
                    ^^^^^^^^^^^^^^^^^^^^^^^^^^^^^^^^^^^^^^^
  File "C:\Users\Беркут\Documents\PYTON STADY\ITSTEP\DJANGO_2\bboard_pyd_241\env\Lib\site-packages\django\template\engine.py", line 177, in get_template
    template, origin = self.find_template(template_name)
                       ^^^^^^^^^^^^^^^^^^^^^^^^^^^^^^^^^
  File "C:\Users\Беркут\Documents\PYTON STADY\ITSTEP\DJANGO_2\bboard_pyd_241\env\Lib\site-packages\django\template\engine.py", line 159, in find_template
    template = loader.get_template(name, skip=skip)
               ^^^^^^^^^^^^^^^^^^^^^^^^^^^^^^^^^^^^
  File "C:\Users\Беркут\Documents\PYTON STADY\ITSTEP\DJANGO_2\bboard_pyd_241\env\Lib\site-packages\django\template\loaders\cached.py", line 57, in get_template
    template = super().get_template(template_name, skip)
               ^^^^^^^^^^^^^^^^^^^^^^^^^^^^^^^^^^^^^^^^^
  File "C:\Users\Беркут\Documents\PYTON STADY\ITSTEP\DJANGO_2\bboard_pyd_241\env\Lib\site-packages\django\template\loaders\base.py", line 28, in get_template
    return Template(
           ^^^^^^^^^
  File "C:\Users\Беркут\Documents\PYTON STADY\ITSTEP\DJANGO_2\bboard_pyd_241\env\Lib\site-packages\django\template\base.py", line 154, in __init__
    self.nodelist = self.compile_nodelist()
                    ^^^^^^^^^^^^^^^^^^^^^^^
  File "C:\Users\Беркут\Documents\PYTON STADY\ITSTEP\DJANGO_2\bboard_pyd_241\env\Lib\site-packages\django\template\base.py", line 196, in compile_nodelist
    nodelist = parser.parse()
               ^^^^^^^^^^^^^^
  File "C:\Users\Беркут\Documents\PYTON STADY\ITSTEP\DJANGO_2\bboard_pyd_241\env\Lib\site-packages\django\template\base.py", line 518, in parse
    raise self.error(token, e)
  File "C:\Users\Беркут\Documents\PYTON STADY\ITSTEP\DJANGO_2\bboard_pyd_241\env\Lib\site-packages\django\template\base.py", line 516, in parse
    compiled_result = compile_func(self, token)
                      ^^^^^^^^^^^^^^^^^^^^^^^^^
  File "C:\Users\Беркут\Documents\PYTON STADY\ITSTEP\DJANGO_2\bboard_pyd_241\env\Lib\site-packages\django\template\loader_tags.py", line 295, in do_extends
    nodelist = parser.parse()
               ^^^^^^^^^^^^^^
  File "C:\Users\Беркут\Documents\PYTON STADY\ITSTEP\DJANGO_2\bboard_pyd_241\env\Lib\site-packages\django\template\base.py", line 518, in parse
    raise self.error(token, e)
  File "C:\Users\Беркут\Documents\PYTON STADY\ITSTEP\DJANGO_2\bboard_pyd_241\env\Lib\site-packages\django\template\base.py", line 516, in parse
    compiled_result = compile_func(self, token)
                      ^^^^^^^^^^^^^^^^^^^^^^^^^
  File "C:\Users\Беркут\Documents\PYTON STADY\ITSTEP\DJANGO_2\bboard_pyd_241\env\Lib\site-packages\django\template\loader_tags.py", line 234, in do_block
    nodelist = parser.parse(("endblock",))
               ^^^^^^^^^^^^^^^^^^^^^^^^^^^
  File "C:\Users\Беркут\Documents\PYTON STADY\ITSTEP\DJANGO_2\bboard_pyd_241\env\Lib\site-packages\django\template\base.py", line 512, in parse
    self.invalid_block_tag(token, command, parse_until)
  File "C:\Users\Беркут\Documents\PYTON STADY\ITSTEP\DJANGO_2\bboard_pyd_241\env\Lib\site-packages\django\template\base.py", line 563, in invalid_block_tag
    raise self.error(
django.template.exceptions.TemplateSyntaxError: Invalid block tag on line 11: 'ulst', expected 'endblock'. Did you forget to register or load this tag?
Internal Server Error: /detail/18/
Traceback (most recent call last):
  File "C:\Users\Беркут\Documents\PYTON STADY\ITSTEP\DJANGO_2\bboard_pyd_241\env\Lib\site-packages\django\template\base.py", line 510, in parse
    compile_func = self.tags[command]
                   ~~~~~~~~~^^^^^^^^^
KeyError: 'ulst'

During handling of the above exception, another exception occurred:

Traceback (most recent call last):
  File "C:\Users\Беркут\Documents\PYTON STADY\ITSTEP\DJANGO_2\bboard_pyd_241\env\Lib\site-packages\django\core\handlers\exception.py", line 55, in inner
    response = get_response(request)
               ^^^^^^^^^^^^^^^^^^^^^
  File "C:\Users\Беркут\Documents\PYTON STADY\ITSTEP\DJANGO_2\bboard_pyd_241\env\Lib\site-packages\django\core\handlers\base.py", line 220, in _get_response
    response = response.render()
               ^^^^^^^^^^^^^^^^^
  File "C:\Users\Беркут\Documents\PYTON STADY\ITSTEP\DJANGO_2\bboard_pyd_241\env\Lib\site-packages\django\template\response.py", line 114, in render
    self.content = self.rendered_content
                   ^^^^^^^^^^^^^^^^^^^^^
  File "C:\Users\Беркут\Documents\PYTON STADY\ITSTEP\DJANGO_2\bboard_pyd_241\env\Lib\site-packages\django\template\response.py", line 90, in rendered_content
    template = self.resolve_template(self.template_name)
               ^^^^^^^^^^^^^^^^^^^^^^^^^^^^^^^^^^^^^^^^^
  File "C:\Users\Беркут\Documents\PYTON STADY\ITSTEP\DJANGO_2\bboard_pyd_241\env\Lib\site-packages\django\template\response.py", line 72, in resolve_template
    return select_template(template, using=self.using)
           ^^^^^^^^^^^^^^^^^^^^^^^^^^^^^^^^^^^^^^^^^^^
  File "C:\Users\Беркут\Documents\PYTON STADY\ITSTEP\DJANGO_2\bboard_pyd_241\env\Lib\site-packages\django\template\loader.py", line 42, in select_template
    return engine.get_template(template_name)
           ^^^^^^^^^^^^^^^^^^^^^^^^^^^^^^^^^^
  File "C:\Users\Беркут\Documents\PYTON STADY\ITSTEP\DJANGO_2\bboard_pyd_241\env\Lib\site-packages\django\template\backends\django.py", line 79, in get_template
    return Template(self.engine.get_template(template_name), self)
                    ^^^^^^^^^^^^^^^^^^^^^^^^^^^^^^^^^^^^^^^
  File "C:\Users\Беркут\Documents\PYTON STADY\ITSTEP\DJANGO_2\bboard_pyd_241\env\Lib\site-packages\django\template\engine.py", line 177, in get_template
    template, origin = self.find_template(template_name)
                       ^^^^^^^^^^^^^^^^^^^^^^^^^^^^^^^^^
  File "C:\Users\Беркут\Documents\PYTON STADY\ITSTEP\DJANGO_2\bboard_pyd_241\env\Lib\site-packages\django\template\engine.py", line 159, in find_template
    template = loader.get_template(name, skip=skip)
               ^^^^^^^^^^^^^^^^^^^^^^^^^^^^^^^^^^^^
  File "C:\Users\Беркут\Documents\PYTON STADY\ITSTEP\DJANGO_2\bboard_pyd_241\env\Lib\site-packages\django\template\loaders\cached.py", line 57, in get_template
    template = super().get_template(template_name, skip)
               ^^^^^^^^^^^^^^^^^^^^^^^^^^^^^^^^^^^^^^^^^
  File "C:\Users\Беркут\Documents\PYTON STADY\ITSTEP\DJANGO_2\bboard_pyd_241\env\Lib\site-packages\django\template\loaders\base.py", line 28, in get_template
    return Template(
           ^^^^^^^^^
  File "C:\Users\Беркут\Documents\PYTON STADY\ITSTEP\DJANGO_2\bboard_pyd_241\env\Lib\site-packages\django\template\base.py", line 154, in __init__
    self.nodelist = self.compile_nodelist()
                    ^^^^^^^^^^^^^^^^^^^^^^^
  File "C:\Users\Беркут\Documents\PYTON STADY\ITSTEP\DJANGO_2\bboard_pyd_241\env\Lib\site-packages\django\template\base.py", line 196, in compile_nodelist
    nodelist = parser.parse()
               ^^^^^^^^^^^^^^
  File "C:\Users\Беркут\Documents\PYTON STADY\ITSTEP\DJANGO_2\bboard_pyd_241\env\Lib\site-packages\django\template\base.py", line 518, in parse
    raise self.error(token, e)
  File "C:\Users\Беркут\Documents\PYTON STADY\ITSTEP\DJANGO_2\bboard_pyd_241\env\Lib\site-packages\django\template\base.py", line 516, in parse
    compiled_result = compile_func(self, token)
                      ^^^^^^^^^^^^^^^^^^^^^^^^^
  File "C:\Users\Беркут\Documents\PYTON STADY\ITSTEP\DJANGO_2\bboard_pyd_241\env\Lib\site-packages\django\template\loader_tags.py", line 295, in do_extends
    nodelist = parser.parse()
               ^^^^^^^^^^^^^^
  File "C:\Users\Беркут\Documents\PYTON STADY\ITSTEP\DJANGO_2\bboard_pyd_241\env\Lib\site-packages\django\template\base.py", line 518, in parse
    raise self.error(token, e)
  File "C:\Users\Беркут\Documents\PYTON STADY\ITSTEP\DJANGO_2\bboard_pyd_241\env\Lib\site-packages\django\template\base.py", line 516, in parse
    compiled_result = compile_func(self, token)
                      ^^^^^^^^^^^^^^^^^^^^^^^^^
  File "C:\Users\Беркут\Documents\PYTON STADY\ITSTEP\DJANGO_2\bboard_pyd_241\env\Lib\site-packages\django\template\loader_tags.py", line 234, in do_block
    nodelist = parser.parse(("endblock",))
               ^^^^^^^^^^^^^^^^^^^^^^^^^^^
  File "C:\Users\Беркут\Documents\PYTON STADY\ITSTEP\DJANGO_2\bboard_pyd_241\env\Lib\site-packages\django\template\base.py", line 512, in parse
    self.invalid_block_tag(token, command, parse_until)
  File "C:\Users\Беркут\Documents\PYTON STADY\ITSTEP\DJANGO_2\bboard_pyd_241\env\Lib\site-packages\django\template\base.py", line 563, in invalid_block_tag
    raise self.error(
django.template.exceptions.TemplateSyntaxError: Invalid block tag on line 11: 'ulst', expected 'endblock'. Did you forget to register or load this tag?
Internal Server Error: /detail/18/
Traceback (most recent call last):
  File "C:\Users\Беркут\Documents\PYTON STADY\ITSTEP\DJANGO_2\bboard_pyd_241\env\Lib\site-packages\django\core\handlers\exception.py", line 55, in inner
    response = get_response(request)
               ^^^^^^^^^^^^^^^^^^^^^
  File "C:\Users\Беркут\Documents\PYTON STADY\ITSTEP\DJANGO_2\bboard_pyd_241\env\Lib\site-packages\django\core\handlers\base.py", line 220, in _get_response
    response = response.render()
               ^^^^^^^^^^^^^^^^^
  File "C:\Users\Беркут\Documents\PYTON STADY\ITSTEP\DJANGO_2\bboard_pyd_241\env\Lib\site-packages\django\template\response.py", line 114, in render
    self.content = self.rendered_content
                   ^^^^^^^^^^^^^^^^^^^^^
  File "C:\Users\Беркут\Documents\PYTON STADY\ITSTEP\DJANGO_2\bboard_pyd_241\env\Lib\site-packages\django\template\response.py", line 92, in rendered_content
    return template.render(context, self._request)
           ^^^^^^^^^^^^^^^^^^^^^^^^^^^^^^^^^^^^^^^
  File "C:\Users\Беркут\Documents\PYTON STADY\ITSTEP\DJANGO_2\bboard_pyd_241\env\Lib\site-packages\django\template\backends\django.py", line 107, in render
    return self.template.render(context)
           ^^^^^^^^^^^^^^^^^^^^^^^^^^^^^
  File "C:\Users\Беркут\Documents\PYTON STADY\ITSTEP\DJANGO_2\bboard_pyd_241\env\Lib\site-packages\django\template\base.py", line 171, in render
    return self._render(context)
           ^^^^^^^^^^^^^^^^^^^^^
  File "C:\Users\Беркут\Documents\PYTON STADY\ITSTEP\DJANGO_2\bboard_pyd_241\env\Lib\site-packages\django\template\base.py", line 163, in _render
    return self.nodelist.render(context)
           ^^^^^^^^^^^^^^^^^^^^^^^^^^^^^
  File "C:\Users\Беркут\Documents\PYTON STADY\ITSTEP\DJANGO_2\bboard_pyd_241\env\Lib\site-packages\django\template\base.py", line 1008, in render
    return SafeString("".join([node.render_annotated(context) for node in self]))
                              ^^^^^^^^^^^^^^^^^^^^^^^^^^^^^^^^^^^^^^^^^^^^^^^^^
  File "C:\Users\Беркут\Documents\PYTON STADY\ITSTEP\DJANGO_2\bboard_pyd_241\env\Lib\site-packages\django\template\base.py", line 1008, in <listcomp>
    return SafeString("".join([node.render_annotated(context) for node in self]))
                               ^^^^^^^^^^^^^^^^^^^^^^^^^^^^^^
  File "C:\Users\Беркут\Documents\PYTON STADY\ITSTEP\DJANGO_2\bboard_pyd_241\env\Lib\site-packages\django\template\base.py", line 969, in render_annotated
    return self.render(context)
           ^^^^^^^^^^^^^^^^^^^^
  File "C:\Users\Беркут\Documents\PYTON STADY\ITSTEP\DJANGO_2\bboard_pyd_241\env\Lib\site-packages\django\template\loader_tags.py", line 159, in render
    return compiled_parent._render(context)
           ^^^^^^^^^^^^^^^^^^^^^^^^^^^^^^^^
  File "C:\Users\Беркут\Documents\PYTON STADY\ITSTEP\DJANGO_2\bboard_pyd_241\env\Lib\site-packages\django\template\base.py", line 163, in _render
    return self.nodelist.render(context)
           ^^^^^^^^^^^^^^^^^^^^^^^^^^^^^
  File "C:\Users\Беркут\Documents\PYTON STADY\ITSTEP\DJANGO_2\bboard_pyd_241\env\Lib\site-packages\django\template\base.py", line 1008, in render
    return SafeString("".join([node.render_annotated(context) for node in self]))
                              ^^^^^^^^^^^^^^^^^^^^^^^^^^^^^^^^^^^^^^^^^^^^^^^^^
  File "C:\Users\Беркут\Documents\PYTON STADY\ITSTEP\DJANGO_2\bboard_pyd_241\env\Lib\site-packages\django\template\base.py", line 1008, in <listcomp>
    return SafeString("".join([node.render_annotated(context) for node in self]))
                               ^^^^^^^^^^^^^^^^^^^^^^^^^^^^^^
  File "C:\Users\Беркут\Documents\PYTON STADY\ITSTEP\DJANGO_2\bboard_pyd_241\env\Lib\site-packages\django\template\base.py", line 969, in render_annotated
    return self.render(context)
           ^^^^^^^^^^^^^^^^^^^^
  File "C:\Users\Беркут\Documents\PYTON STADY\ITSTEP\DJANGO_2\bboard_pyd_241\env\Lib\site-packages\django\template\loader_tags.py", line 65, in render
    result = block.nodelist.render(context)
             ^^^^^^^^^^^^^^^^^^^^^^^^^^^^^^
  File "C:\Users\Беркут\Documents\PYTON STADY\ITSTEP\DJANGO_2\bboard_pyd_241\env\Lib\site-packages\django\template\base.py", line 1008, in render
    return SafeString("".join([node.render_annotated(context) for node in self]))
                              ^^^^^^^^^^^^^^^^^^^^^^^^^^^^^^^^^^^^^^^^^^^^^^^^^
  File "C:\Users\Беркут\Documents\PYTON STADY\ITSTEP\DJANGO_2\bboard_pyd_241\env\Lib\site-packages\django\template\base.py", line 1008, in <listcomp>
    return SafeString("".join([node.render_annotated(context) for node in self]))
                               ^^^^^^^^^^^^^^^^^^^^^^^^^^^^^^
  File "C:\Users\Беркут\Documents\PYTON STADY\ITSTEP\DJANGO_2\bboard_pyd_241\env\Lib\site-packages\django\template\base.py", line 969, in render_annotated
    return self.render(context)
           ^^^^^^^^^^^^^^^^^^^^
  File "C:\Users\Беркут\Documents\PYTON STADY\ITSTEP\DJANGO_2\bboard_pyd_241\env\Lib\site-packages\django\template\library.py", line 279, in render
    new_context["csrf_token"] = csrf_token
    ~~~~~~~~~~~^^^^^^^^^^^^^^
  File "C:\Users\Беркут\Documents\PYTON STADY\ITSTEP\DJANGO_2\bboard_pyd_241\env\Lib\site-packages\django\template\context.py", line 66, in __setitem__
    self.dicts[-1][key] = value
    ~~~~~~~~~~~~~~^^^^^
TypeError: 'set' object does not support item assignment
Internal Server Error: /detail/18/
Traceback (most recent call last):
  File "C:\Users\Беркут\Documents\PYTON STADY\ITSTEP\DJANGO_2\bboard_pyd_241\env\Lib\site-packages\django\core\handlers\exception.py", line 55, in inner
    response = get_response(request)
               ^^^^^^^^^^^^^^^^^^^^^
  File "C:\Users\Беркут\Documents\PYTON STADY\ITSTEP\DJANGO_2\bboard_pyd_241\env\Lib\site-packages\django\core\handlers\base.py", line 220, in _get_response
    response = response.render()
               ^^^^^^^^^^^^^^^^^
  File "C:\Users\Беркут\Documents\PYTON STADY\ITSTEP\DJANGO_2\bboard_pyd_241\env\Lib\site-packages\django\template\response.py", line 114, in render
    self.content = self.rendered_content
                   ^^^^^^^^^^^^^^^^^^^^^
  File "C:\Users\Беркут\Documents\PYTON STADY\ITSTEP\DJANGO_2\bboard_pyd_241\env\Lib\site-packages\django\template\response.py", line 92, in rendered_content
    return template.render(context, self._request)
           ^^^^^^^^^^^^^^^^^^^^^^^^^^^^^^^^^^^^^^^
  File "C:\Users\Беркут\Documents\PYTON STADY\ITSTEP\DJANGO_2\bboard_pyd_241\env\Lib\site-packages\django\template\backends\django.py", line 107, in render
    return self.template.render(context)
           ^^^^^^^^^^^^^^^^^^^^^^^^^^^^^
  File "C:\Users\Беркут\Documents\PYTON STADY\ITSTEP\DJANGO_2\bboard_pyd_241\env\Lib\site-packages\django\template\base.py", line 171, in render
    return self._render(context)
           ^^^^^^^^^^^^^^^^^^^^^
  File "C:\Users\Беркут\Documents\PYTON STADY\ITSTEP\DJANGO_2\bboard_pyd_241\env\Lib\site-packages\django\template\base.py", line 163, in _render
    return self.nodelist.render(context)
           ^^^^^^^^^^^^^^^^^^^^^^^^^^^^^
  File "C:\Users\Беркут\Documents\PYTON STADY\ITSTEP\DJANGO_2\bboard_pyd_241\env\Lib\site-packages\django\template\base.py", line 1008, in render
    return SafeString("".join([node.render_annotated(context) for node in self]))
                              ^^^^^^^^^^^^^^^^^^^^^^^^^^^^^^^^^^^^^^^^^^^^^^^^^
  File "C:\Users\Беркут\Documents\PYTON STADY\ITSTEP\DJANGO_2\bboard_pyd_241\env\Lib\site-packages\django\template\base.py", line 1008, in <listcomp>
    return SafeString("".join([node.render_annotated(context) for node in self]))
                               ^^^^^^^^^^^^^^^^^^^^^^^^^^^^^^
  File "C:\Users\Беркут\Documents\PYTON STADY\ITSTEP\DJANGO_2\bboard_pyd_241\env\Lib\site-packages\django\template\base.py", line 969, in render_annotated
    return self.render(context)
           ^^^^^^^^^^^^^^^^^^^^
  File "C:\Users\Беркут\Documents\PYTON STADY\ITSTEP\DJANGO_2\bboard_pyd_241\env\Lib\site-packages\django\template\loader_tags.py", line 159, in render
    return compiled_parent._render(context)
           ^^^^^^^^^^^^^^^^^^^^^^^^^^^^^^^^
  File "C:\Users\Беркут\Documents\PYTON STADY\ITSTEP\DJANGO_2\bboard_pyd_241\env\Lib\site-packages\django\template\base.py", line 163, in _render
    return self.nodelist.render(context)
           ^^^^^^^^^^^^^^^^^^^^^^^^^^^^^
  File "C:\Users\Беркут\Documents\PYTON STADY\ITSTEP\DJANGO_2\bboard_pyd_241\env\Lib\site-packages\django\template\base.py", line 1008, in render
    return SafeString("".join([node.render_annotated(context) for node in self]))
                              ^^^^^^^^^^^^^^^^^^^^^^^^^^^^^^^^^^^^^^^^^^^^^^^^^
  File "C:\Users\Беркут\Documents\PYTON STADY\ITSTEP\DJANGO_2\bboard_pyd_241\env\Lib\site-packages\django\template\base.py", line 1008, in <listcomp>
    return SafeString("".join([node.render_annotated(context) for node in self]))
                               ^^^^^^^^^^^^^^^^^^^^^^^^^^^^^^
  File "C:\Users\Беркут\Documents\PYTON STADY\ITSTEP\DJANGO_2\bboard_pyd_241\env\Lib\site-packages\django\template\base.py", line 969, in render_annotated
    return self.render(context)
           ^^^^^^^^^^^^^^^^^^^^
  File "C:\Users\Беркут\Documents\PYTON STADY\ITSTEP\DJANGO_2\bboard_pyd_241\env\Lib\site-packages\django\template\loader_tags.py", line 65, in render
    result = block.nodelist.render(context)
             ^^^^^^^^^^^^^^^^^^^^^^^^^^^^^^
  File "C:\Users\Беркут\Documents\PYTON STADY\ITSTEP\DJANGO_2\bboard_pyd_241\env\Lib\site-packages\django\template\base.py", line 1008, in render
    return SafeString("".join([node.render_annotated(context) for node in self]))
                              ^^^^^^^^^^^^^^^^^^^^^^^^^^^^^^^^^^^^^^^^^^^^^^^^^
  File "C:\Users\Беркут\Documents\PYTON STADY\ITSTEP\DJANGO_2\bboard_pyd_241\env\Lib\site-packages\django\template\base.py", line 1008, in <listcomp>
    return SafeString("".join([node.render_annotated(context) for node in self]))
                               ^^^^^^^^^^^^^^^^^^^^^^^^^^^^^^
  File "C:\Users\Беркут\Documents\PYTON STADY\ITSTEP\DJANGO_2\bboard_pyd_241\env\Lib\site-packages\django\template\base.py", line 969, in render_annotated
    return self.render(context)
           ^^^^^^^^^^^^^^^^^^^^
  File "C:\Users\Беркут\Documents\PYTON STADY\ITSTEP\DJANGO_2\bboard_pyd_241\env\Lib\site-packages\django\template\library.py", line 279, in render
    new_context["csrf_token"] = csrf_token
    ~~~~~~~~~~~^^^^^^^^^^^^^^
  File "C:\Users\Беркут\Documents\PYTON STADY\ITSTEP\DJANGO_2\bboard_pyd_241\env\Lib\site-packages\django\template\context.py", line 66, in __setitem__
    self.dicts[-1][key] = value
    ~~~~~~~~~~~~~~^^^^^
TypeError: 'set' object does not support item assignment
Not Found: /favicon.ico
Internal Server Error: /3/
Traceback (most recent call last):
  File "C:\Users\Беркут\Documents\PYTON STADY\ITSTEP\DJANGO_2\bboard_pyd_241\env\Lib\site-packages\django\template\base.py", line 510, in parse
    compile_func = self.tags[command]
                   ~~~~~~~~~^^^^^^^^^
KeyError: 'endblock'

During handling of the above exception, another exception occurred:

Traceback (most recent call last):
  File "C:\Users\Беркут\Documents\PYTON STADY\ITSTEP\DJANGO_2\bboard_pyd_241\env\Lib\site-packages\django\core\handlers\exception.py", line 55, in inner
    response = get_response(request)
               ^^^^^^^^^^^^^^^^^^^^^
  File "C:\Users\Беркут\Documents\PYTON STADY\ITSTEP\DJANGO_2\bboard_pyd_241\env\Lib\site-packages\django\core\handlers\base.py", line 220, in _get_response
    response = response.render()
               ^^^^^^^^^^^^^^^^^
  File "C:\Users\Беркут\Documents\PYTON STADY\ITSTEP\DJANGO_2\bboard_pyd_241\env\Lib\site-packages\django\template\response.py", line 114, in render
    self.content = self.rendered_content
                   ^^^^^^^^^^^^^^^^^^^^^
  File "C:\Users\Беркут\Documents\PYTON STADY\ITSTEP\DJANGO_2\bboard_pyd_241\env\Lib\site-packages\django\template\response.py", line 92, in rendered_content
    return template.render(context, self._request)
           ^^^^^^^^^^^^^^^^^^^^^^^^^^^^^^^^^^^^^^^
  File "C:\Users\Беркут\Documents\PYTON STADY\ITSTEP\DJANGO_2\bboard_pyd_241\env\Lib\site-packages\django\template\backends\django.py", line 107, in render
    return self.template.render(context)
           ^^^^^^^^^^^^^^^^^^^^^^^^^^^^^
  File "C:\Users\Беркут\Documents\PYTON STADY\ITSTEP\DJANGO_2\bboard_pyd_241\env\Lib\site-packages\django\template\base.py", line 171, in render
    return self._render(context)
           ^^^^^^^^^^^^^^^^^^^^^
  File "C:\Users\Беркут\Documents\PYTON STADY\ITSTEP\DJANGO_2\bboard_pyd_241\env\Lib\site-packages\django\template\base.py", line 163, in _render
    return self.nodelist.render(context)
           ^^^^^^^^^^^^^^^^^^^^^^^^^^^^^
  File "C:\Users\Беркут\Documents\PYTON STADY\ITSTEP\DJANGO_2\bboard_pyd_241\env\Lib\site-packages\django\template\base.py", line 1008, in render
    return SafeString("".join([node.render_annotated(context) for node in self]))
                              ^^^^^^^^^^^^^^^^^^^^^^^^^^^^^^^^^^^^^^^^^^^^^^^^^
  File "C:\Users\Беркут\Documents\PYTON STADY\ITSTEP\DJANGO_2\bboard_pyd_241\env\Lib\site-packages\django\template\base.py", line 1008, in <listcomp>
    return SafeString("".join([node.render_annotated(context) for node in self]))
                               ^^^^^^^^^^^^^^^^^^^^^^^^^^^^^^
  File "C:\Users\Беркут\Documents\PYTON STADY\ITSTEP\DJANGO_2\bboard_pyd_241\env\Lib\site-packages\django\template\base.py", line 969, in render_annotated
    return self.render(context)
           ^^^^^^^^^^^^^^^^^^^^
  File "C:\Users\Беркут\Documents\PYTON STADY\ITSTEP\DJANGO_2\bboard_pyd_241\env\Lib\site-packages\django\template\loader_tags.py", line 134, in render
    compiled_parent = self.get_parent(context)
                      ^^^^^^^^^^^^^^^^^^^^^^^^
  File "C:\Users\Беркут\Documents\PYTON STADY\ITSTEP\DJANGO_2\bboard_pyd_241\env\Lib\site-packages\django\template\loader_tags.py", line 131, in get_parent
    return self.find_template(parent, context)
           ^^^^^^^^^^^^^^^^^^^^^^^^^^^^^^^^^^^
  File "C:\Users\Беркут\Documents\PYTON STADY\ITSTEP\DJANGO_2\bboard_pyd_241\env\Lib\site-packages\django\template\loader_tags.py", line 109, in find_template
    template, origin = context.template.engine.find_template(
                       ^^^^^^^^^^^^^^^^^^^^^^^^^^^^^^^^^^^^^^
  File "C:\Users\Беркут\Documents\PYTON STADY\ITSTEP\DJANGO_2\bboard_pyd_241\env\Lib\site-packages\django\template\engine.py", line 159, in find_template
    template = loader.get_template(name, skip=skip)
               ^^^^^^^^^^^^^^^^^^^^^^^^^^^^^^^^^^^^
  File "C:\Users\Беркут\Documents\PYTON STADY\ITSTEP\DJANGO_2\bboard_pyd_241\env\Lib\site-packages\django\template\loaders\cached.py", line 57, in get_template
    template = super().get_template(template_name, skip)
               ^^^^^^^^^^^^^^^^^^^^^^^^^^^^^^^^^^^^^^^^^
  File "C:\Users\Беркут\Documents\PYTON STADY\ITSTEP\DJANGO_2\bboard_pyd_241\env\Lib\site-packages\django\template\loaders\base.py", line 28, in get_template
    return Template(
           ^^^^^^^^^
  File "C:\Users\Беркут\Documents\PYTON STADY\ITSTEP\DJANGO_2\bboard_pyd_241\env\Lib\site-packages\django\template\base.py", line 154, in __init__
    self.nodelist = self.compile_nodelist()
                    ^^^^^^^^^^^^^^^^^^^^^^^
  File "C:\Users\Беркут\Documents\PYTON STADY\ITSTEP\DJANGO_2\bboard_pyd_241\env\Lib\site-packages\django\template\base.py", line 196, in compile_nodelist
    nodelist = parser.parse()
               ^^^^^^^^^^^^^^
  File "C:\Users\Беркут\Documents\PYTON STADY\ITSTEP\DJANGO_2\bboard_pyd_241\env\Lib\site-packages\django\template\base.py", line 512, in parse
    self.invalid_block_tag(token, command, parse_until)
  File "C:\Users\Беркут\Documents\PYTON STADY\ITSTEP\DJANGO_2\bboard_pyd_241\env\Lib\site-packages\django\template\base.py", line 573, in invalid_block_tag
    raise self.error(
django.template.exceptions.TemplateSyntaxError: Invalid block tag on line 43: 'endblock'. Did you forget to register or load this tag?
Not Found: /login/
Not Found: /login/
Not Found: /todolist/index/
Not Found: /todolist/1/
Not Found: /todolist/index/1/
Not Found: /login/
Not Found: /login/
Not Found: /login/
Not Found: /...
Not Found: /favicon.ico
Not Found: /detail/16/...
Not Found: /...
Not Found: /6/...
Not Found: /3/...
Not Found: /...
Not Found: /add/...
Not Found: /...
Not Found: /3/...
Not Found: /...
Not Found: /rubrics/...
Not Found: /...
Not Found: /...
Not Found: /...
Not Found: /detail/16/...
Not Found: /detail/16/...
Not Found: /detail/18/...
Not Found: /detail/18/...
Not Found: /detail/18/...
Not Found: /detail/9/...
Not Found: /detail/9/...
Not Found: /detail/9/...
Not Found: /detail/9/...
Not Found: /detail/9/...
Not Found: /detail/9/...
Not Found: /detail/9/...
